Log file open, 10/22/21 13:17:50
LogInit: Display: Running engine for game: MovingSphereInBennu
LogPlatformFile: Not using cached read wrapper
LogTaskGraph: Started task graph with 5 named threads and 23 total threads with 3 sets of task threads.
LogStats: Stats thread started at 0.396517
LogD3D11RHI: Loaded GFSDK_Aftermath_Lib.x64.dll
LogICUInternationalization: ICU TimeZone Detection - Raw Offset: -5:00, Platform Override: ''
LogPluginManager: Mounting plugin Paper2D
LogPluginManager: Mounting plugin AISupport
LogPluginManager: Mounting plugin LightPropagationVolume
LogPluginManager: Mounting plugin CameraShakePreviewer
LogPluginManager: Mounting plugin ActorLayerUtilities
LogPluginManager: Mounting plugin AnimationSharing
LogPluginManager: Mounting plugin CLionSourceCodeAccess
LogPluginManager: Mounting plugin CodeLiteSourceCodeAccess
LogPluginManager: Mounting plugin ConcertMain
LogPluginManager: Mounting plugin ConcertSyncClient
LogPluginManager: Mounting plugin ConcertSyncCore
LogPluginManager: Mounting plugin MultiUserClient
LogPluginManager: Mounting plugin GitSourceControl
LogPluginManager: Mounting plugin KDevelopSourceCodeAccess
LogPluginManager: Mounting plugin NullSourceCodeAccess
LogPluginManager: Mounting plugin PerforceSourceControl
LogPluginManager: Mounting plugin PlasticSourceControl
LogPluginManager: Mounting plugin RiderSourceCodeAccess
LogPluginManager: Mounting plugin SubversionSourceControl
LogPluginManager: Mounting plugin UObjectPlugin
LogPluginManager: Mounting plugin VisualStudioCodeSourceCodeAccess
LogPluginManager: Mounting plugin VisualStudioSourceCodeAccess
LogPluginManager: Mounting plugin XCodeSourceCodeAccess
LogPluginManager: Mounting plugin AssetManagerEditor
LogPluginManager: Mounting plugin CryptoKeys
LogPluginManager: Mounting plugin CurveEditorTools
LogPluginManager: Mounting plugin DataValidation
LogPluginManager: Mounting plugin EditorScriptingUtilities
LogPluginManager: Mounting plugin FacialAnimation
LogPluginManager: Mounting plugin GameplayTagsEditor
LogPluginManager: Mounting plugin GeometryMode
LogPluginManager: Mounting plugin MacGraphicsSwitching
LogPluginManager: Mounting plugin MaterialAnalyzer
LogPluginManager: Mounting plugin MobileLauncherProfileWizard
LogPluginManager: Mounting plugin PluginBrowser
LogPluginManager: Mounting plugin SpeedTreeImporter
LogPluginManager: Mounting plugin DatasmithContent
LogPluginManager: Mounting plugin VariantManagerContent
LogPluginManager: Mounting plugin AlembicImporter
LogPluginManager: Mounting plugin AutomationUtils
LogPluginManager: Mounting plugin BackChannel
LogPluginManager: Mounting plugin ChaosCloth
LogPluginManager: Mounting plugin ChaosClothEditor
LogPluginManager: Mounting plugin ChaosEditor
LogPluginManager: Mounting plugin ChaosNiagara
LogPluginManager: Mounting plugin ChaosSolverPlugin
LogPluginManager: Mounting plugin CharacterAI
LogPluginManager: Mounting plugin GeometryCache
LogPluginManager: Mounting plugin GeometryCollectionPlugin
LogPluginManager: Mounting plugin GeometryProcessing
LogPluginManager: Mounting plugin PlanarCut
LogPluginManager: Mounting plugin PlatformCrypto
LogPluginManager: Mounting plugin ProxyLODPlugin
LogPluginManager: Mounting plugin SkeletalReduction
LogPluginManager: Mounting plugin Niagara
LogPluginManager: Mounting plugin MagicLeap
LogPluginManager: Mounting plugin MagicLeapLightEstimation
LogPluginManager: Mounting plugin MagicLeapMedia
LogPluginManager: Mounting plugin MagicLeapPassableWorld
LogPluginManager: Mounting plugin MLSDK
LogPluginManager: Mounting plugin AndroidMedia
LogPluginManager: Mounting plugin AvfMedia
LogPluginManager: Mounting plugin ImgMedia
LogPluginManager: Mounting plugin MediaCompositing
LogPluginManager: Mounting plugin MediaPlayerEditor
LogPluginManager: Mounting plugin WebMMedia
LogPluginManager: Mounting plugin WmfMedia
LogPluginManager: Mounting plugin MeshPainting
LogPluginManager: Mounting plugin TcpMessaging
LogPluginManager: Mounting plugin UdpMessaging
LogPluginManager: Mounting plugin ActorSequence
LogPluginManager: Mounting plugin LevelSequenceEditor
LogPluginManager: Mounting plugin MatineeToLevelSequence
LogPluginManager: Mounting plugin MovieRenderPipeline
LogPluginManager: Mounting plugin TemplateSequence
LogPluginManager: Mounting plugin NetcodeUnitTest
LogPluginManager: Mounting plugin NUTUnrealEngine4
LogPluginManager: Mounting plugin OnlineSubsystemGooglePlay
LogPluginManager: Mounting plugin OnlineSubsystemIOS
LogPluginManager: Mounting plugin OnlineSubsystem
LogPluginManager: Mounting plugin OnlineSubsystemNull
LogPluginManager: Mounting plugin OnlineSubsystemUtils
LogPluginManager: Mounting plugin LauncherChunkInstaller
LogPluginManager: Mounting plugin AndroidDeviceProfileSelector
LogPluginManager: Mounting plugin AndroidMoviePlayer
LogPluginManager: Mounting plugin AndroidPermission
LogPluginManager: Mounting plugin AppleImageUtils
LogPluginManager: Mounting plugin AppleMoviePlayer
LogPluginManager: Mounting plugin ArchVisCharacter
LogPluginManager: Mounting plugin AssetTags
LogPluginManager: Mounting plugin AudioCapture
LogPluginManager: Mounting plugin CableComponent
LogPluginManager: Mounting plugin CustomMeshComponent
LogPluginManager: Mounting plugin SQLiteCore
LogPluginManager: Mounting plugin EditableMesh
LogPluginManager: Mounting plugin ExampleDeviceProfileSelector
LogPluginManager: Mounting plugin GoogleCloudMessaging
LogPluginManager: Mounting plugin GooglePAD
LogPluginManager: Mounting plugin IOSDeviceProfileSelector
LogPluginManager: Mounting plugin LinuxDeviceProfileSelector
LogPluginManager: Mounting plugin LocationServicesBPLibrary
LogPluginManager: Mounting plugin MobilePatchingUtils
LogPluginManager: Mounting plugin OculusVR
LogPluginManager: Mounting plugin PhysXVehicles
LogPluginManager: Mounting plugin PostSplashScreen
LogPluginManager: Mounting plugin ProceduralMeshComponent
LogPluginManager: Mounting plugin RuntimePhysXCooking
LogPluginManager: Mounting plugin SignificanceManager
LogPluginManager: Mounting plugin SoundFields
LogPluginManager: Mounting plugin SteamVR
LogPluginManager: Mounting plugin Synthesis
LogPluginManager: Mounting plugin WebMMoviePlayer
LogPluginManager: Mounting plugin WindowsMoviePlayer
LogPluginManager: Mounting plugin ScreenshotTools
LogInit: Using libcurl 7.55.1-DEV
LogInit:  - built for x86_64-pc-win32
LogInit:  - supports SSL with OpenSSL/1.1.1
LogInit:  - supports HTTP deflate (compression) using libz 1.2.8
LogInit:  - other features:
LogInit:      CURL_VERSION_SSL
LogInit:      CURL_VERSION_LIBZ
LogInit:      CURL_VERSION_IPV6
LogInit:      CURL_VERSION_ASYNCHDNS
LogInit:      CURL_VERSION_LARGEFILE
LogInit:      CURL_VERSION_IDN
LogInit:  CurlRequestOptions (configurable via config and command line):
LogInit:  - bVerifyPeer = true  - Libcurl will verify peer certificate
LogInit:  - bUseHttpProxy = false  - Libcurl will NOT use HTTP proxy
LogInit:  - bDontReuseConnections = false  - Libcurl will reuse connections
LogInit:  - MaxHostConnections = 16  - Libcurl will limit the number of connections to a host
LogInit:  - LocalHostAddr = Default
LogInit:  - BufferSize = 65536
LogOnline: OSS: Creating online subsystem instance for: NULL
LogInit: WinSock: version 1.1 (2.2), MaxSocks=32767, MaxUdp=65467
LogOnline: OSS: TryLoadSubsystemAndSetDefault: Loaded subsystem for module [NULL]
LogInit: Build: ++UE4+Release-4.25-CL-14469661
LogInit: Engine Version: 4.25.4-14469661+++UE4+Release-4.25
LogInit: Compatible Engine Version: 4.25.0-13144385+++UE4+Release-4.25
LogInit: Net CL: 13144385
LogInit: OS: Windows 10 (Release 1809) (), CPU: Intel(R) Core(TM) i7-4770 CPU @ 3.40GHz, GPU: Intel(R) HD Graphics 4600
LogInit: Compiled (64-bit): Oct 11 2020 08:10:49
LogInit: Compiled with Visual C++: 19.24.28315.00
LogInit: Build Configuration: Development
LogInit: Branch Name: ++UE4+Release-4.25
LogInit: Command Line: 
LogInit: Base Directory: C:/Program Files/Epic Games/UE_4.25/Engine/Binaries/Win64/
LogInit: Allocator: TBB
LogInit: Installed Engine Build: 1
LogDevObjectVersion: Number of dev versions registered: 26
LogDevObjectVersion:   Dev-Blueprints (B0D832E4-1F89-4F0D-ACCF-7EB736FD4AA2): 10
LogDevObjectVersion:   Dev-Build (E1C64328-A22C-4D53-A36C-8E866417BD8C): 0
LogDevObjectVersion:   Dev-Core (375EC13C-06E4-48FB-B500-84F0262A717E): 4
LogDevObjectVersion:   Dev-Editor (E4B068ED-F494-42E9-A231-DA0B2E46BB41): 38
LogDevObjectVersion:   Dev-Framework (CFFC743F-43B0-4480-9391-14DF171D2073): 37
LogDevObjectVersion:   Dev-Mobile (B02B49B5-BB20-44E9-A304-32B752E40360): 2
LogDevObjectVersion:   Dev-Networking (A4E4105C-59A1-49B5-A7C5-40C4547EDFEE): 0
LogDevObjectVersion:   Dev-Online (39C831C9-5AE6-47DC-9A44-9C173E1C8E7C): 0
LogDevObjectVersion:   Dev-Physics (78F01B33-EBEA-4F98-B9B4-84EACCB95AA2): 4
LogDevObjectVersion:   Dev-Platform (6631380F-2D4D-43E0-8009-CF276956A95A): 0
LogDevObjectVersion:   Dev-Rendering (12F88B9F-8875-4AFC-A67C-D90C383ABD29): 43
LogDevObjectVersion:   Dev-Sequencer (7B5AE74C-D270-4C10-A958-57980B212A5A): 12
LogDevObjectVersion:   Dev-VR (D7296918-1DD6-4BDD-9DE2-64A83CC13884): 3
LogDevObjectVersion:   Dev-LoadTimes (C2A15278-BFE7-4AFE-6C17-90FF531DF755): 1
LogDevObjectVersion:   Private-Geometry (6EACA3D4-40EC-4CC1-B786-8BED09428FC5): 3
LogDevObjectVersion:   Dev-AnimPhys (29E575DD-E0A3-4627-9D10-D276232CDCEA): 17
LogDevObjectVersion:   Dev-Anim (AF43A65D-7FD3-4947-9873-3E8ED9C1BB05): 7
LogDevObjectVersion:   Dev-ReflectionCapture (6B266CEC-1EC7-4B8F-A30B-E4D90942FC07): 1
LogDevObjectVersion:   Dev-Automation (0DF73D61-A23F-47EA-B727-89E90C41499A): 1
LogDevObjectVersion:   FortniteMain (601D1886-AC64-4F84-AA16-D3DE0DEAC7D6): 31
LogDevObjectVersion:   Dev-Enterprise (9DFFBCD6-494F-0158-E221-12823C92A888): 10
LogDevObjectVersion:   Dev-Niagara (F2AED0AC-9AFE-416F-8664-AA7FFA26D6FC): 1
LogDevObjectVersion:   Dev-Destruction (174F1F0B-B4C6-45A5-B13F-2EE8D0FB917D): 10
LogDevObjectVersion:   Dev-Physics-Ext (35F94A83-E258-406C-A318-09F59610247C): 37
LogDevObjectVersion:   Dev-PhysicsMaterial-Chaos (B68FC16E-8B1B-42E2-B453-215C058844FE): 1
LogDevObjectVersion:   Dev-CineCamera (B2E18506-4273-CFC2-A54E-F4BB758BBA07): 1
LogInit: Presizing for max 25165824 objects, including 0 objects not considered by GC, pre-allocating 0 bytes for permanent pool.
LogConfig: Applying CVar settings from Section [/Script/Engine.StreamingSettings] File [C:/Users/campbell59763/Documents/Unreal Projects/MovingSphereInBennu/Saved/Config/Windows/Engine.ini]
LogConfig: Setting CVar [[s.MinBulkDataSizeForAsyncLoading:131072]]
LogConfig: Setting CVar [[s.AsyncLoadingThreadEnabled:0]]
LogConfig: Setting CVar [[s.EventDrivenLoaderEnabled:1]]
LogConfig: Setting CVar [[s.WarnIfTimeLimitExceeded:0]]
LogConfig: Setting CVar [[s.TimeLimitExceededMultiplier:1.5]]
LogConfig: Setting CVar [[s.TimeLimitExceededMinTime:0.005]]
LogConfig: Setting CVar [[s.UseBackgroundLevelStreaming:1]]
LogConfig: Setting CVar [[s.PriorityAsyncLoadingExtraTime:15.0]]
LogConfig: Setting CVar [[s.LevelStreamingActorsUpdateTimeLimit:5.0]]
LogConfig: Setting CVar [[s.PriorityLevelStreamingActorsUpdateExtraTime:5.0]]
LogConfig: Setting CVar [[s.LevelStreamingComponentsRegistrationGranularity:10]]
LogConfig: Setting CVar [[s.UnregisterComponentsTimeLimit:1.0]]
LogConfig: Setting CVar [[s.LevelStreamingComponentsUnregistrationGranularity:5]]
LogConfig: Setting CVar [[s.FlushStreamingOnExit:1]]
LogInit: Object subsystem initialized
LogConfig: Setting CVar [[con.DebugEarlyDefault:1]]
LogConfig: Setting CVar [[r.setres:1280x720]]
[2021.10.22-17.17.51:431][  0]LogConfig: Setting CVar [[r.VSync:0]]
[2021.10.22-17.17.51:431][  0]LogConfig: Setting CVar [[r.RHICmdBypass:0]]
[2021.10.22-17.17.51:431][  0]LogConfig: Applying CVar settings from Section [/Script/Engine.RendererSettings] File [C:/Users/campbell59763/Documents/Unreal Projects/MovingSphereInBennu/Saved/Config/Windows/Engine.ini]
[2021.10.22-17.17.51:431][  0]LogConfig: Setting CVar [[r.GPUCrashDebugging:0]]
[2021.10.22-17.17.51:431][  0]LogConfig: Setting CVar [[r.Mobile.DisableVertexFog:1]]
[2021.10.22-17.17.51:431][  0]LogConfig: Setting CVar [[r.Shadow.CSM.MaxMobileCascades:2]]
[2021.10.22-17.17.51:431][  0]LogConfig: Setting CVar [[r.MobileMSAA:1]]
[2021.10.22-17.17.51:432][  0]LogConfig: Setting CVar [[r.Mobile.UseLegacyShadingModel:0]]
[2021.10.22-17.17.51:432][  0]LogConfig: Setting CVar [[r.Mobile.AllowDitheredLODTransition:0]]
[2021.10.22-17.17.51:432][  0]LogConfig: Setting CVar [[r.Mobile.AllowSoftwareOcclusion:0]]
[2021.10.22-17.17.51:432][  0]LogConfig: Setting CVar [[r.Mobile.VirtualTextures:0]]
[2021.10.22-17.17.51:432][  0]LogConfig: Setting CVar [[r.DiscardUnusedQuality:0]]
[2021.10.22-17.17.51:432][  0]LogConfig: Setting CVar [[r.AllowOcclusionQueries:1]]
[2021.10.22-17.17.51:432][  0]LogConfig: Setting CVar [[r.MinScreenRadiusForLights:0.030000]]
[2021.10.22-17.17.51:432][  0]LogConfig: Setting CVar [[r.MinScreenRadiusForDepthPrepass:0.030000]]
[2021.10.22-17.17.51:432][  0]LogConfig: Setting CVar [[r.MinScreenRadiusForCSMDepth:0.010000]]
[2021.10.22-17.17.51:432][  0]LogConfig: Setting CVar [[r.PrecomputedVisibilityWarning:0]]
[2021.10.22-17.17.51:432][  0]LogConfig: Setting CVar [[r.TextureStreaming:1]]
[2021.10.22-17.17.51:432][  0]LogConfig: Setting CVar [[Compat.UseDXT5NormalMaps:0]]
[2021.10.22-17.17.51:432][  0]LogConfig: Setting CVar [[r.VirtualTextures:0]]
[2021.10.22-17.17.51:432][  0]LogConfig: Setting CVar [[r.VirtualTexturedLightmaps:0]]
[2021.10.22-17.17.51:432][  0]LogConfig: Setting CVar [[r.VT.TileSize:128]]
[2021.10.22-17.17.51:432][  0]LogConfig: Setting CVar [[r.VT.TileBorderSize:4]]
[2021.10.22-17.17.51:432][  0]LogConfig: Setting CVar [[r.vt.FeedbackFactor:16]]
[2021.10.22-17.17.51:432][  0]LogConfig: Setting CVar [[r.VT.EnableCompressZlib:1]]
[2021.10.22-17.17.51:432][  0]LogConfig: Setting CVar [[r.VT.EnableCompressCrunch:0]]
[2021.10.22-17.17.51:432][  0]LogConfig: Setting CVar [[r.ClearCoatNormal:0]]
[2021.10.22-17.17.51:432][  0]LogConfig: Setting CVar [[r.AnisotropicBRDF:0]]
[2021.10.22-17.17.51:432][  0]LogConfig: Setting CVar [[r.ReflectionCaptureResolution:128]]
[2021.10.22-17.17.51:432][  0]LogConfig: Setting CVar [[r.ReflectionEnvironmentLightmapMixBasedOnRoughness:1]]
[2021.10.22-17.17.51:432][  0]LogConfig: Setting CVar [[r.ForwardShading:0]]
[2021.10.22-17.17.51:432][  0]LogConfig: Setting CVar [[r.VertexFoggingForOpaque:1]]
[2021.10.22-17.17.51:432][  0]LogConfig: Setting CVar [[r.AllowStaticLighting:1]]
[2021.10.22-17.17.51:432][  0]LogConfig: Setting CVar [[r.NormalMapsForStaticLighting:0]]
[2021.10.22-17.17.51:432][  0]LogConfig: Setting CVar [[r.GenerateMeshDistanceFields:0]]
[2021.10.22-17.17.51:432][  0]LogConfig: Setting CVar [[r.DistanceFieldBuild.EightBit:0]]
[2021.10.22-17.17.51:432][  0]LogConfig: Setting CVar [[r.GenerateLandscapeGIData:0]]
[2021.10.22-17.17.51:432][  0]LogConfig: Setting CVar [[r.DistanceFieldBuild.Compress:0]]
[2021.10.22-17.17.51:432][  0]LogConfig: Setting CVar [[r.TessellationAdaptivePixelsPerTriangle:48.000000]]
[2021.10.22-17.17.51:432][  0]LogConfig: Setting CVar [[r.SeparateTranslucency:1]]
[2021.10.22-17.17.51:432][  0]LogConfig: Setting CVar [[r.TranslucentSortPolicy:0]]
[2021.10.22-17.17.51:432][  0]LogConfig: Setting CVar [[r.CustomDepth:1]]
[2021.10.22-17.17.51:432][  0]LogConfig: Setting CVar [[r.CustomDepthTemporalAAJitter:1]]
[2021.10.22-17.17.51:432][  0]LogConfig: Setting CVar [[r.PostProcessing.PropagateAlpha:0]]
[2021.10.22-17.17.51:432][  0]LogConfig: Setting CVar [[r.DefaultFeature.Bloom:1]]
[2021.10.22-17.17.51:432][  0]LogConfig: Setting CVar [[r.DefaultFeature.AmbientOcclusion:1]]
[2021.10.22-17.17.51:432][  0]LogConfig: Setting CVar [[r.DefaultFeature.AmbientOcclusionStaticFraction:1]]
[2021.10.22-17.17.51:432][  0]LogConfig: Setting CVar [[r.DefaultFeature.AutoExposure:0]]
[2021.10.22-17.17.51:432][  0]LogConfig: Setting CVar [[r.DefaultFeature.AutoExposure.Method:0]]
[2021.10.22-17.17.51:432][  0]LogConfig: Setting CVar [[r.DefaultFeature.AutoExposure.Bias:1.000000]]
[2021.10.22-17.17.51:432][  0]LogConfig: Setting CVar [[r.DefaultFeature.AutoExposure.ExtendDefaultLuminanceRange:0]]
[2021.10.22-17.17.51:432][  0]LogConfig: Setting CVar [[r.UsePreExposure:1]]
[2021.10.22-17.17.51:432][  0]LogConfig: Setting CVar [[r.EyeAdaptation.EditorOnly:0]]
[2021.10.22-17.17.51:432][  0]LogConfig: Setting CVar [[r.DefaultFeature.MotionBlur:0]]
[2021.10.22-17.17.51:432][  0]LogConfig: Setting CVar [[r.DefaultFeature.LensFlare:0]]
[2021.10.22-17.17.51:432][  0]LogConfig: Setting CVar [[r.TemporalAA.Upsampling:0]]
[2021.10.22-17.17.51:432][  0]LogConfig: Setting CVar [[r.SSGI.Enable:0]]
[2021.10.22-17.17.51:432][  0]LogConfig: Setting CVar [[r.DefaultFeature.AntiAliasing:0]]
[2021.10.22-17.17.51:432][  0]LogConfig: Setting CVar [[r.DefaultFeature.LightUnits:1]]
[2021.10.22-17.17.51:432][  0]LogConfig: Setting CVar [[r.DefaultBackBufferPixelFormat:4]]
[2021.10.22-17.17.51:432][  0]LogConfig: Setting CVar [[r.Shadow.UnbuiltPreviewInGame:1]]
[2021.10.22-17.17.51:432][  0]LogConfig: Setting CVar [[r.StencilForLODDither:0]]
[2021.10.22-17.17.51:432][  0]LogConfig: Setting CVar [[r.EarlyZPass:3]]
[2021.10.22-17.17.51:433][  0]LogConfig: Setting CVar [[r.EarlyZPassOnlyMaterialMasking:0]]
[2021.10.22-17.17.51:433][  0]LogConfig: Setting CVar [[r.DBuffer:1]]
[2021.10.22-17.17.51:433][  0]LogConfig: Setting CVar [[r.ClearSceneMethod:1]]
[2021.10.22-17.17.51:433][  0]LogConfig: Setting CVar [[r.BasePassOutputsVelocity:0]]
[2021.10.22-17.17.51:433][  0]LogConfig: Setting CVar [[r.VertexDeformationOutputsVelocity:0]]
[2021.10.22-17.17.51:433][  0]LogConfig: Setting CVar [[r.SelectiveBasePassOutputs:0]]
[2021.10.22-17.17.51:433][  0]LogConfig: Setting CVar [[fx.GPUSimulationTextureSizeX:1024]]
[2021.10.22-17.17.51:433][  0]LogConfig: Setting CVar [[fx.GPUSimulationTextureSizeY:1024]]
[2021.10.22-17.17.51:433][  0]LogConfig: Setting CVar [[r.AllowGlobalClipPlane:0]]
[2021.10.22-17.17.51:433][  0]LogConfig: Setting CVar [[r.GBufferFormat:1]]
[2021.10.22-17.17.51:433][  0]LogConfig: Setting CVar [[r.MorphTarget.Mode:1]]
[2021.10.22-17.17.51:433][  0]LogConfig: Setting CVar [[vr.InstancedStereo:0]]
[2021.10.22-17.17.51:433][  0]LogConfig: Setting CVar [[r.MobileHDR:1]]
[2021.10.22-17.17.51:433][  0]LogConfig: Setting CVar [[vr.MobileMultiView:0]]
[2021.10.22-17.17.51:433][  0]LogConfig: Setting CVar [[r.Mobile.UseHWsRGBEncoding:0]]
[2021.10.22-17.17.51:433][  0]LogConfig: Setting CVar [[vr.RoundRobinOcclusion:0]]
[2021.10.22-17.17.51:433][  0]LogConfig: Setting CVar [[vr.ODSCapture:0]]
[2021.10.22-17.17.51:433][  0]LogConfig: Setting CVar [[r.MeshStreaming:0]]
[2021.10.22-17.17.51:433][  0]LogConfig: Setting CVar [[r.WireframeCullThreshold:5.000000]]
[2021.10.22-17.17.51:433][  0]LogConfig: Setting CVar [[r.RayTracing:0]]
[2021.10.22-17.17.51:433][  0]LogConfig: Setting CVar [[r.RayTracing.UseTextureLod:0]]
[2021.10.22-17.17.51:433][  0]LogConfig: Setting CVar [[r.SupportStationarySkylight:1]]
[2021.10.22-17.17.51:433][  0]LogConfig: Setting CVar [[r.SupportLowQualityLightmaps:1]]
[2021.10.22-17.17.51:433][  0]LogConfig: Setting CVar [[r.SupportPointLightWholeSceneShadows:1]]
[2021.10.22-17.17.51:433][  0]LogConfig: Setting CVar [[r.SupportAtmosphericFog:1]]
[2021.10.22-17.17.51:433][  0]LogConfig: Setting CVar [[r.SupportSkyAtmosphere:1]]
[2021.10.22-17.17.51:433][  0]LogConfig: Setting CVar [[r.SupportSkyAtmosphereAffectsHeightFog:0]]
[2021.10.22-17.17.51:433][  0]LogConfig: Setting CVar [[r.SkinCache.CompileShaders:0]]
[2021.10.22-17.17.51:433][  0]LogConfig: Setting CVar [[r.SkinCache.DefaultBehavior:1]]
[2021.10.22-17.17.51:433][  0]LogConfig: Setting CVar [[r.SkinCache.SceneMemoryLimitInMB:128.000000]]
[2021.10.22-17.17.51:433][  0]LogConfig: Setting CVar [[r.Mobile.EnableStaticAndCSMShadowReceivers:1]]
[2021.10.22-17.17.51:433][  0]LogConfig: Setting CVar [[r.Mobile.EnableMovableLightCSMShaderCulling:1]]
[2021.10.22-17.17.51:433][  0]LogConfig: Setting CVar [[r.Mobile.AllowDistanceFieldShadows:1]]
[2021.10.22-17.17.51:433][  0]LogConfig: Setting CVar [[r.Mobile.AllowMovableDirectionalLights:1]]
[2021.10.22-17.17.51:433][  0]LogConfig: Setting CVar [[r.MobileNumDynamicPointLights:4]]
[2021.10.22-17.17.51:433][  0]LogConfig: Setting CVar [[r.MobileDynamicPointLightsUseStaticBranch:1]]
[2021.10.22-17.17.51:433][  0]LogConfig: Setting CVar [[r.Mobile.EnableMovableSpotlights:0]]
[2021.10.22-17.17.51:433][  0]LogConfig: Setting CVar [[r.GPUSkin.Support16BitBoneIndex:0]]
[2021.10.22-17.17.51:433][  0]LogConfig: Setting CVar [[r.GPUSkin.Limit2BoneInfluences:0]]
[2021.10.22-17.17.51:433][  0]LogConfig: Setting CVar [[r.SupportDepthOnlyIndexBuffers:1]]
[2021.10.22-17.17.51:433][  0]LogConfig: Setting CVar [[r.SupportReversedIndexBuffers:1]]
[2021.10.22-17.17.51:433][  0]LogConfig: Setting CVar [[r.SupportMaterialLayers:0]]
[2021.10.22-17.17.51:433][  0]LogConfig: Setting CVar [[r.LightPropagationVolume:0]]
[2021.10.22-17.17.51:433][  0]LogConfig: Applying CVar settings from Section [/Script/Engine.RendererOverrideSettings] File [C:/Users/campbell59763/Documents/Unreal Projects/MovingSphereInBennu/Saved/Config/Windows/Engine.ini]
[2021.10.22-17.17.51:433][  0]LogConfig: Applying CVar settings from Section [/Script/Engine.StreamingSettings] File [C:/Users/campbell59763/Documents/Unreal Projects/MovingSphereInBennu/Saved/Config/Windows/Engine.ini]
[2021.10.22-17.17.51:433][  0]LogConfig: Setting CVar [[s.MinBulkDataSizeForAsyncLoading:131072]]
[2021.10.22-17.17.51:433][  0]LogConfig: Setting CVar [[s.AsyncLoadingThreadEnabled:0]]
[2021.10.22-17.17.51:433][  0]LogConfig: Setting CVar [[s.EventDrivenLoaderEnabled:1]]
[2021.10.22-17.17.51:433][  0]LogConfig: Setting CVar [[s.WarnIfTimeLimitExceeded:0]]
[2021.10.22-17.17.51:433][  0]LogConfig: Setting CVar [[s.TimeLimitExceededMultiplier:1.5]]
[2021.10.22-17.17.51:433][  0]LogConfig: Setting CVar [[s.TimeLimitExceededMinTime:0.005]]
[2021.10.22-17.17.51:433][  0]LogConfig: Setting CVar [[s.UseBackgroundLevelStreaming:1]]
[2021.10.22-17.17.51:433][  0]LogConfig: Setting CVar [[s.PriorityAsyncLoadingExtraTime:15.0]]
[2021.10.22-17.17.51:433][  0]LogConfig: Setting CVar [[s.LevelStreamingActorsUpdateTimeLimit:5.0]]
[2021.10.22-17.17.51:433][  0]LogConfig: Setting CVar [[s.PriorityLevelStreamingActorsUpdateExtraTime:5.0]]
[2021.10.22-17.17.51:433][  0]LogConfig: Setting CVar [[s.LevelStreamingComponentsRegistrationGranularity:10]]
[2021.10.22-17.17.51:434][  0]LogConfig: Setting CVar [[s.UnregisterComponentsTimeLimit:1.0]]
[2021.10.22-17.17.51:434][  0]LogConfig: Setting CVar [[s.LevelStreamingComponentsUnregistrationGranularity:5]]
[2021.10.22-17.17.51:434][  0]LogConfig: Setting CVar [[s.FlushStreamingOnExit:1]]
[2021.10.22-17.17.51:434][  0]LogConfig: Applying CVar settings from Section [/Script/Engine.GarbageCollectionSettings] File [C:/Users/campbell59763/Documents/Unreal Projects/MovingSphereInBennu/Saved/Config/Windows/Engine.ini]
[2021.10.22-17.17.51:434][  0]LogConfig: Setting CVar [[gc.MaxObjectsNotConsideredByGC:1]]
[2021.10.22-17.17.51:434][  0]LogConfig: Setting CVar [[gc.SizeOfPermanentObjectPool:0]]
[2021.10.22-17.17.51:434][  0]LogConfig: Setting CVar [[gc.FlushStreamingOnGC:0]]
[2021.10.22-17.17.51:434][  0]LogConfig: Setting CVar [[gc.NumRetriesBeforeForcingGC:10]]
[2021.10.22-17.17.51:434][  0]LogConfig: Setting CVar [[gc.AllowParallelGC:1]]
[2021.10.22-17.17.51:434][  0]LogConfig: Setting CVar [[gc.TimeBetweenPurgingPendingKillObjects:61.1]]
[2021.10.22-17.17.51:434][  0]LogConfig: Setting CVar [[gc.MaxObjectsInEditor:25165824]]
[2021.10.22-17.17.51:434][  0]LogConfig: Setting CVar [[gc.IncrementalBeginDestroyEnabled:1]]
[2021.10.22-17.17.51:434][  0]LogConfig: Setting CVar [[gc.CreateGCClusters:1]]
[2021.10.22-17.17.51:434][  0]LogConfig: Setting CVar [[gc.MinGCClusterSize:5]]
[2021.10.22-17.17.51:434][  0]LogConfig: Setting CVar [[gc.ActorClusteringEnabled:0]]
[2021.10.22-17.17.51:434][  0]LogConfig: Setting CVar [[gc.BlueprintClusteringEnabled:0]]
[2021.10.22-17.17.51:434][  0]LogConfig: Setting CVar [[gc.UseDisregardForGCOnDedicatedServers:0]]
[2021.10.22-17.17.51:434][  0]LogConfig: Applying CVar settings from Section [/Script/Engine.NetworkSettings] File [C:/Users/campbell59763/Documents/Unreal Projects/MovingSphereInBennu/Saved/Config/Windows/Engine.ini]
[2021.10.22-17.17.51:434][  0]LogConfig: Applying CVar settings from Section [/Script/UnrealEd.CookerSettings] File [C:/Users/campbell59763/Documents/Unreal Projects/MovingSphereInBennu/Saved/Config/Windows/Engine.ini]
[2021.10.22-17.17.51:495][  0]LogConfig: Applying CVar settings from Section [ViewDistanceQuality@3] File [C:/Users/campbell59763/Documents/Unreal Projects/MovingSphereInBennu/Saved/Config/Windows/Scalability.ini]
[2021.10.22-17.17.51:495][  0]LogConfig: Setting CVar [[r.SkeletalMeshLODBias:0]]
[2021.10.22-17.17.51:495][  0]LogConfig: Setting CVar [[r.ViewDistanceScale:1.0]]
[2021.10.22-17.17.51:495][  0]LogConfig: Applying CVar settings from Section [AntiAliasingQuality@3] File [C:/Users/campbell59763/Documents/Unreal Projects/MovingSphereInBennu/Saved/Config/Windows/Scalability.ini]
[2021.10.22-17.17.51:495][  0]LogConfig: Setting CVar [[r.PostProcessAAQuality:4]]
[2021.10.22-17.17.51:495][  0]LogConfig: Applying CVar settings from Section [ShadowQuality@3] File [C:/Users/campbell59763/Documents/Unreal Projects/MovingSphereInBennu/Saved/Config/Windows/Scalability.ini]
[2021.10.22-17.17.51:495][  0]LogConfig: Setting CVar [[r.LightFunctionQuality:1]]
[2021.10.22-17.17.51:495][  0]LogConfig: Setting CVar [[r.ShadowQuality:5]]
[2021.10.22-17.17.51:495][  0]LogConfig: Setting CVar [[r.Shadow.CSM.MaxCascades:10]]
[2021.10.22-17.17.51:495][  0]LogConfig: Setting CVar [[r.Shadow.MaxResolution:2048]]
[2021.10.22-17.17.51:496][  0]LogConfig: Setting CVar [[r.Shadow.MaxCSMResolution:2048]]
[2021.10.22-17.17.51:496][  0]LogConfig: Setting CVar [[r.Shadow.RadiusThreshold:0.01]]
[2021.10.22-17.17.51:496][  0]LogConfig: Setting CVar [[r.Shadow.DistanceScale:1.0]]
[2021.10.22-17.17.51:496][  0]LogConfig: Setting CVar [[r.Shadow.CSM.TransitionScale:1.0]]
[2021.10.22-17.17.51:496][  0]LogConfig: Setting CVar [[r.Shadow.PreShadowResolutionFactor:1.0]]
[2021.10.22-17.17.51:496][  0]LogConfig: Setting CVar [[r.DistanceFieldShadowing:1]]
[2021.10.22-17.17.51:496][  0]LogConfig: Setting CVar [[r.DistanceFieldAO:1]]
[2021.10.22-17.17.51:496][  0]LogConfig: Setting CVar [[r.AOQuality:2]]
[2021.10.22-17.17.51:496][  0]LogConfig: Setting CVar [[r.VolumetricFog:1]]
[2021.10.22-17.17.51:496][  0]LogConfig: Setting CVar [[r.VolumetricFog.GridPixelSize:8]]
[2021.10.22-17.17.51:496][  0]LogConfig: Setting CVar [[r.VolumetricFog.GridSizeZ:128]]
[2021.10.22-17.17.51:496][  0]LogConfig: Setting CVar [[r.VolumetricFog.HistoryMissSupersampleCount:4]]
[2021.10.22-17.17.51:496][  0]LogConfig: Setting CVar [[r.LightMaxDrawDistanceScale:1]]
[2021.10.22-17.17.51:497][  0]LogConfig: Setting CVar [[r.CapsuleShadows:1]]
[2021.10.22-17.17.51:497][  0]LogConfig: Applying CVar settings from Section [PostProcessQuality@3] File [C:/Users/campbell59763/Documents/Unreal Projects/MovingSphereInBennu/Saved/Config/Windows/Scalability.ini]
[2021.10.22-17.17.51:497][  0]LogConfig: Setting CVar [[r.MotionBlurQuality:4]]
[2021.10.22-17.17.51:497][  0]LogConfig: Setting CVar [[r.AmbientOcclusionMipLevelFactor:0.4]]
[2021.10.22-17.17.51:497][  0]LogConfig: Setting CVar [[r.AmbientOcclusionMaxQuality:100]]
[2021.10.22-17.17.51:497][  0]LogConfig: Setting CVar [[r.AmbientOcclusionLevels:-1]]
[2021.10.22-17.17.51:497][  0]LogConfig: Setting CVar [[r.AmbientOcclusionRadiusScale:1.0]]
[2021.10.22-17.17.51:497][  0]LogConfig: Setting CVar [[r.DepthOfFieldQuality:2]]
[2021.10.22-17.17.51:497][  0]LogConfig: Setting CVar [[r.RenderTargetPoolMin:400]]
[2021.10.22-17.17.51:497][  0]LogConfig: Setting CVar [[r.LensFlareQuality:2]]
[2021.10.22-17.17.51:497][  0]LogConfig: Setting CVar [[r.SceneColorFringeQuality:1]]
[2021.10.22-17.17.51:497][  0]LogConfig: Setting CVar [[r.EyeAdaptationQuality:2]]
[2021.10.22-17.17.51:497][  0]LogConfig: Setting CVar [[r.BloomQuality:5]]
[2021.10.22-17.17.51:497][  0]LogConfig: Setting CVar [[r.FastBlurThreshold:100]]
[2021.10.22-17.17.51:497][  0]LogConfig: Setting CVar [[r.Upscale.Quality:3]]
[2021.10.22-17.17.51:498][  0]LogConfig: Setting CVar [[r.Tonemapper.GrainQuantization:1]]
[2021.10.22-17.17.51:498][  0]LogConfig: Setting CVar [[r.LightShaftQuality:1]]
[2021.10.22-17.17.51:498][  0]LogConfig: Setting CVar [[r.Filter.SizeScale:1]]
[2021.10.22-17.17.51:498][  0]LogConfig: Setting CVar [[r.Tonemapper.Quality:5]]
[2021.10.22-17.17.51:498][  0]LogConfig: Setting CVar [[r.DOF.Gather.AccumulatorQuality:1        ; higher gathering accumulator quality]]
[2021.10.22-17.17.51:498][  0]LogConfig: Setting CVar [[r.DOF.Gather.PostfilterMethod:1          ; Median3x3 postfilering method]]
[2021.10.22-17.17.51:498][  0]LogConfig: Setting CVar [[r.DOF.Gather.EnableBokehSettings:0       ; no bokeh simulation when gathering]]
[2021.10.22-17.17.51:498][  0]LogConfig: Setting CVar [[r.DOF.Gather.RingCount:4                 ; medium number of samples when gathering]]
[2021.10.22-17.17.51:498][  0]LogConfig: Setting CVar [[r.DOF.Scatter.ForegroundCompositing:1    ; additive foreground scattering]]
[2021.10.22-17.17.51:498][  0]LogConfig: Setting CVar [[r.DOF.Scatter.BackgroundCompositing:2    ; additive background scattering]]
[2021.10.22-17.17.51:498][  0]LogConfig: Setting CVar [[r.DOF.Scatter.EnableBokehSettings:1      ; bokeh simulation when scattering]]
[2021.10.22-17.17.51:498][  0]LogConfig: Setting CVar [[r.DOF.Scatter.MaxSpriteRatio:0.1         ; only a maximum of 10% of scattered bokeh]]
[2021.10.22-17.17.51:498][  0]LogConfig: Setting CVar [[r.DOF.Recombine.Quality:1                ; cheap slight out of focus]]
[2021.10.22-17.17.51:498][  0]LogConfig: Setting CVar [[r.DOF.Recombine.EnableBokehSettings:0    ; no bokeh simulation on slight out of focus]]
[2021.10.22-17.17.51:498][  0]LogConfig: Setting CVar [[r.DOF.TemporalAAQuality:1                ; more stable temporal accumulation]]
[2021.10.22-17.17.51:498][  0]LogConfig: Setting CVar [[r.DOF.Kernel.MaxForegroundRadius:0.025]]
[2021.10.22-17.17.51:499][  0]LogConfig: Setting CVar [[r.DOF.Kernel.MaxBackgroundRadius:0.025]]
[2021.10.22-17.17.51:499][  0]LogConfig: Applying CVar settings from Section [TextureQuality@3] File [C:/Users/campbell59763/Documents/Unreal Projects/MovingSphereInBennu/Saved/Config/Windows/Scalability.ini]
[2021.10.22-17.17.51:499][  0]LogConfig: Setting CVar [[r.Streaming.MipBias:0]]
[2021.10.22-17.17.51:499][  0]LogConfig: Setting CVar [[r.Streaming.AmortizeCPUToGPUCopy:0]]
[2021.10.22-17.17.51:499][  0]LogConfig: Setting CVar [[r.Streaming.MaxNumTexturesToStreamPerFrame:0]]
[2021.10.22-17.17.51:499][  0]LogConfig: Setting CVar [[r.Streaming.Boost:1]]
[2021.10.22-17.17.51:499][  0]LogConfig: Setting CVar [[r.MaxAnisotropy:8]]
[2021.10.22-17.17.51:499][  0]LogConfig: Setting CVar [[r.VT.MaxAnisotropy:8]]
[2021.10.22-17.17.51:499][  0]LogConfig: Setting CVar [[r.Streaming.LimitPoolSizeToVRAM:0]]
[2021.10.22-17.17.51:499][  0]LogConfig: Setting CVar [[r.Streaming.PoolSize:1000]]
[2021.10.22-17.17.51:499][  0]LogConfig: Setting CVar [[r.Streaming.MaxEffectiveScreenSize:0]]
[2021.10.22-17.17.51:499][  0]LogConfig: Applying CVar settings from Section [EffectsQuality@3] File [C:/Users/campbell59763/Documents/Unreal Projects/MovingSphereInBennu/Saved/Config/Windows/Scalability.ini]
[2021.10.22-17.17.51:500][  0]LogConfig: Setting CVar [[r.TranslucencyLightingVolumeDim:64]]
[2021.10.22-17.17.51:500][  0]LogConfig: Setting CVar [[r.RefractionQuality:2]]
[2021.10.22-17.17.51:500][  0]LogConfig: Setting CVar [[r.SSR.Quality:3]]
[2021.10.22-17.17.51:500][  0]LogConfig: Setting CVar [[r.SSR.HalfResSceneColor:0]]
[2021.10.22-17.17.51:500][  0]LogConfig: Setting CVar [[r.SceneColorFormat:4]]
[2021.10.22-17.17.51:500][  0]LogConfig: Setting CVar [[r.DetailMode:2]]
[2021.10.22-17.17.51:500][  0]LogConfig: Setting CVar [[r.TranslucencyVolumeBlur:1]]
[2021.10.22-17.17.51:500][  0]LogConfig: Setting CVar [[r.MaterialQualityLevel:1 ; High quality]]
[2021.10.22-17.17.51:500][  0]LogConfig: Setting CVar [[r.SSS.Scale:1]]
[2021.10.22-17.17.51:500][  0]LogConfig: Setting CVar [[r.SSS.SampleSet:2]]
[2021.10.22-17.17.51:500][  0]LogConfig: Setting CVar [[r.SSS.Quality:1]]
[2021.10.22-17.17.51:500][  0]LogConfig: Setting CVar [[r.SSS.HalfRes:0]]
[2021.10.22-17.17.51:500][  0]LogConfig: Setting CVar [[r.SSGI.Quality:3]]
[2021.10.22-17.17.51:500][  0]LogConfig: Setting CVar [[r.EmitterSpawnRateScale:1.0]]
[2021.10.22-17.17.51:501][  0]LogConfig: Setting CVar [[r.ParticleLightQuality:2]]
[2021.10.22-17.17.51:501][  0]LogConfig: Setting CVar [[r.SkyAtmosphere.AerialPerspectiveLUT.FastApplyOnOpaque:1 ; Always have FastSkyLUT 1 in this case to avoid wrong sky]]
[2021.10.22-17.17.51:501][  0]LogConfig: Setting CVar [[r.SkyAtmosphere.AerialPerspectiveLUT.SampleCountPerSlice:1]]
[2021.10.22-17.17.51:501][  0]LogConfig: Setting CVar [[r.SkyAtmosphere.AerialPerspectiveLUT.DepthResolution:16.0]]
[2021.10.22-17.17.51:501][  0]LogConfig: Setting CVar [[r.SkyAtmosphere.FastSkyLUT:1]]
[2021.10.22-17.17.51:501][  0]LogConfig: Setting CVar [[r.SkyAtmosphere.FastSkyLUT.SampleCountMin:4.0]]
[2021.10.22-17.17.51:501][  0]LogConfig: Setting CVar [[r.SkyAtmosphere.FastSkyLUT.SampleCountMax:32.0]]
[2021.10.22-17.17.51:501][  0]LogConfig: Setting CVar [[r.SkyAtmosphere.SampleCountMin:4.0]]
[2021.10.22-17.17.51:501][  0]LogConfig: Setting CVar [[r.SkyAtmosphere.SampleCountMax:32.0]]
[2021.10.22-17.17.51:501][  0]LogConfig: Setting CVar [[r.SkyAtmosphere.TransmittanceLUT.UseSmallFormat:0]]
[2021.10.22-17.17.51:502][  0]LogConfig: Setting CVar [[r.SkyAtmosphere.TransmittanceLUT.SampleCount:10.0]]
[2021.10.22-17.17.51:502][  0]LogConfig: Setting CVar [[r.SkyAtmosphere.MultiScatteringLUT.SampleCount:15.0]]
[2021.10.22-17.17.51:502][  0]LogConfig: Applying CVar settings from Section [FoliageQuality@3] File [C:/Users/campbell59763/Documents/Unreal Projects/MovingSphereInBennu/Saved/Config/Windows/Scalability.ini]
[2021.10.22-17.17.51:502][  0]LogConfig: Setting CVar [[foliage.DensityScale:1.0]]
[2021.10.22-17.17.51:502][  0]LogConfig: Setting CVar [[grass.DensityScale:1.0]]
[2021.10.22-17.17.51:502][  0]LogConfig: Applying CVar settings from Section [ShadingQuality@3] File [C:/Users/campbell59763/Documents/Unreal Projects/MovingSphereInBennu/Saved/Config/Windows/Scalability.ini]
[2021.10.22-17.17.51:502][  0]LogConfig: Setting CVar [[r.HairStrands.SkyLighting.SampleCount:16]]
[2021.10.22-17.17.51:502][  0]LogConfig: Setting CVar [[r.HairStrands.SkyLighting.JitterIntegration:0]]
[2021.10.22-17.17.51:502][  0]LogConfig: Setting CVar [[r.HairStrands.SkyAO.SampleCount:16]]
[2021.10.22-17.17.51:502][  0]LogConfig: Setting CVar [[r.HairStrands.DeepShadow.SuperSampling:0]]
[2021.10.22-17.17.51:502][  0]LogConfig: Setting CVar [[r.HairStrands.VisibilityPPLL:0]]
[2021.10.22-17.17.51:503][  0]LogConfig: Setting CVar [[r.HairStrands.RasterizationScale:0.5]]
[2021.10.22-17.17.51:503][  0]LogConfig: Setting CVar [[r.HairStrands.VelocityRasterizationScale:1]]
[2021.10.22-17.17.51:503][  0]LogInit: Selected Device Profile: [Windows]
[2021.10.22-17.17.51:503][  0]LogInit: Applying CVar settings loaded from the selected device profile: [Windows]
[2021.10.22-17.17.51:503][  0]LogHAL: Display: Platform has ~ 8 GB [8442609664 / 8589934592 / 8], which maps to Default [LargestMinGB=32, LargerMinGB=12, DefaultMinGB=8, SmallerMinGB=6, SmallestMinGB=0)
[2021.10.22-17.17.51:503][  0]LogInit: Going up to parent DeviceProfile []
[2021.10.22-17.17.51:504][  0]LogConfig: Applying CVar settings from Section [ViewDistanceQuality@3] File [C:/Users/campbell59763/Documents/Unreal Projects/MovingSphereInBennu/Saved/Config/Windows/Scalability.ini]
[2021.10.22-17.17.51:504][  0]LogConfig: Setting CVar [[r.SkeletalMeshLODBias:0]]
[2021.10.22-17.17.51:504][  0]LogConfig: Setting CVar [[r.ViewDistanceScale:1.0]]
[2021.10.22-17.17.51:504][  0]LogConfig: Applying CVar settings from Section [AntiAliasingQuality@3] File [C:/Users/campbell59763/Documents/Unreal Projects/MovingSphereInBennu/Saved/Config/Windows/Scalability.ini]
[2021.10.22-17.17.51:504][  0]LogConfig: Setting CVar [[r.PostProcessAAQuality:4]]
[2021.10.22-17.17.51:504][  0]LogConfig: Applying CVar settings from Section [ShadowQuality@3] File [C:/Users/campbell59763/Documents/Unreal Projects/MovingSphereInBennu/Saved/Config/Windows/Scalability.ini]
[2021.10.22-17.17.51:504][  0]LogConfig: Setting CVar [[r.LightFunctionQuality:1]]
[2021.10.22-17.17.51:504][  0]LogConfig: Setting CVar [[r.ShadowQuality:5]]
[2021.10.22-17.17.51:504][  0]LogConfig: Setting CVar [[r.Shadow.CSM.MaxCascades:10]]
[2021.10.22-17.17.51:505][  0]LogConfig: Setting CVar [[r.Shadow.MaxResolution:2048]]
[2021.10.22-17.17.51:505][  0]LogConfig: Setting CVar [[r.Shadow.MaxCSMResolution:2048]]
[2021.10.22-17.17.51:505][  0]LogConfig: Setting CVar [[r.Shadow.RadiusThreshold:0.01]]
[2021.10.22-17.17.51:505][  0]LogConfig: Setting CVar [[r.Shadow.DistanceScale:1.0]]
[2021.10.22-17.17.51:505][  0]LogConfig: Setting CVar [[r.Shadow.CSM.TransitionScale:1.0]]
[2021.10.22-17.17.51:505][  0]LogConfig: Setting CVar [[r.Shadow.PreShadowResolutionFactor:1.0]]
[2021.10.22-17.17.51:505][  0]LogConfig: Setting CVar [[r.DistanceFieldShadowing:1]]
[2021.10.22-17.17.51:505][  0]LogConfig: Setting CVar [[r.DistanceFieldAO:1]]
[2021.10.22-17.17.51:505][  0]LogConfig: Setting CVar [[r.AOQuality:2]]
[2021.10.22-17.17.51:506][  0]LogConfig: Setting CVar [[r.VolumetricFog:1]]
[2021.10.22-17.17.51:506][  0]LogConfig: Setting CVar [[r.VolumetricFog.GridPixelSize:8]]
[2021.10.22-17.17.51:506][  0]LogConfig: Setting CVar [[r.VolumetricFog.GridSizeZ:128]]
[2021.10.22-17.17.51:506][  0]LogConfig: Setting CVar [[r.VolumetricFog.HistoryMissSupersampleCount:4]]
[2021.10.22-17.17.51:506][  0]LogConfig: Setting CVar [[r.LightMaxDrawDistanceScale:1]]
[2021.10.22-17.17.51:506][  0]LogConfig: Setting CVar [[r.CapsuleShadows:1]]
[2021.10.22-17.17.51:506][  0]LogConfig: Applying CVar settings from Section [PostProcessQuality@3] File [C:/Users/campbell59763/Documents/Unreal Projects/MovingSphereInBennu/Saved/Config/Windows/Scalability.ini]
[2021.10.22-17.17.51:506][  0]LogConfig: Setting CVar [[r.MotionBlurQuality:4]]
[2021.10.22-17.17.51:506][  0]LogConfig: Setting CVar [[r.AmbientOcclusionMipLevelFactor:0.4]]
[2021.10.22-17.17.51:506][  0]LogConfig: Setting CVar [[r.AmbientOcclusionMaxQuality:100]]
[2021.10.22-17.17.51:506][  0]LogConfig: Setting CVar [[r.AmbientOcclusionLevels:-1]]
[2021.10.22-17.17.51:506][  0]LogConfig: Setting CVar [[r.AmbientOcclusionRadiusScale:1.0]]
[2021.10.22-17.17.51:506][  0]LogConfig: Setting CVar [[r.DepthOfFieldQuality:2]]
[2021.10.22-17.17.51:507][  0]LogConfig: Setting CVar [[r.RenderTargetPoolMin:400]]
[2021.10.22-17.17.51:507][  0]LogConfig: Setting CVar [[r.LensFlareQuality:2]]
[2021.10.22-17.17.51:507][  0]LogConfig: Setting CVar [[r.SceneColorFringeQuality:1]]
[2021.10.22-17.17.51:507][  0]LogConfig: Setting CVar [[r.EyeAdaptationQuality:2]]
[2021.10.22-17.17.51:507][  0]LogConfig: Setting CVar [[r.BloomQuality:5]]
[2021.10.22-17.17.51:507][  0]LogConfig: Setting CVar [[r.FastBlurThreshold:100]]
[2021.10.22-17.17.51:507][  0]LogConfig: Setting CVar [[r.Upscale.Quality:3]]
[2021.10.22-17.17.51:507][  0]LogConfig: Setting CVar [[r.Tonemapper.GrainQuantization:1]]
[2021.10.22-17.17.51:507][  0]LogConfig: Setting CVar [[r.LightShaftQuality:1]]
[2021.10.22-17.17.51:507][  0]LogConfig: Setting CVar [[r.Filter.SizeScale:1]]
[2021.10.22-17.17.51:507][  0]LogConfig: Setting CVar [[r.Tonemapper.Quality:5]]
[2021.10.22-17.17.51:507][  0]LogConfig: Setting CVar [[r.DOF.Gather.AccumulatorQuality:1        ; higher gathering accumulator quality]]
[2021.10.22-17.17.51:508][  0]LogConfig: Setting CVar [[r.DOF.Gather.PostfilterMethod:1          ; Median3x3 postfilering method]]
[2021.10.22-17.17.51:508][  0]LogConfig: Setting CVar [[r.DOF.Gather.EnableBokehSettings:0       ; no bokeh simulation when gathering]]
[2021.10.22-17.17.51:508][  0]LogConfig: Setting CVar [[r.DOF.Gather.RingCount:4                 ; medium number of samples when gathering]]
[2021.10.22-17.17.51:508][  0]LogConfig: Setting CVar [[r.DOF.Scatter.ForegroundCompositing:1    ; additive foreground scattering]]
[2021.10.22-17.17.51:508][  0]LogConfig: Setting CVar [[r.DOF.Scatter.BackgroundCompositing:2    ; additive background scattering]]
[2021.10.22-17.17.51:508][  0]LogConfig: Setting CVar [[r.DOF.Scatter.EnableBokehSettings:1      ; bokeh simulation when scattering]]
[2021.10.22-17.17.51:508][  0]LogConfig: Setting CVar [[r.DOF.Scatter.MaxSpriteRatio:0.1         ; only a maximum of 10% of scattered bokeh]]
[2021.10.22-17.17.51:508][  0]LogConfig: Setting CVar [[r.DOF.Recombine.Quality:1                ; cheap slight out of focus]]
[2021.10.22-17.17.51:508][  0]LogConfig: Setting CVar [[r.DOF.Recombine.EnableBokehSettings:0    ; no bokeh simulation on slight out of focus]]
[2021.10.22-17.17.51:508][  0]LogConfig: Setting CVar [[r.DOF.TemporalAAQuality:1                ; more stable temporal accumulation]]
[2021.10.22-17.17.51:508][  0]LogConfig: Setting CVar [[r.DOF.Kernel.MaxForegroundRadius:0.025]]
[2021.10.22-17.17.51:508][  0]LogConfig: Setting CVar [[r.DOF.Kernel.MaxBackgroundRadius:0.025]]
[2021.10.22-17.17.51:508][  0]LogConfig: Applying CVar settings from Section [TextureQuality@3] File [C:/Users/campbell59763/Documents/Unreal Projects/MovingSphereInBennu/Saved/Config/Windows/Scalability.ini]
[2021.10.22-17.17.51:508][  0]LogConfig: Setting CVar [[r.Streaming.MipBias:0]]
[2021.10.22-17.17.51:508][  0]LogConfig: Setting CVar [[r.Streaming.AmortizeCPUToGPUCopy:0]]
[2021.10.22-17.17.51:509][  0]LogConfig: Setting CVar [[r.Streaming.MaxNumTexturesToStreamPerFrame:0]]
[2021.10.22-17.17.51:509][  0]LogConfig: Setting CVar [[r.Streaming.Boost:1]]
[2021.10.22-17.17.51:509][  0]LogConfig: Setting CVar [[r.MaxAnisotropy:8]]
[2021.10.22-17.17.51:509][  0]LogConfig: Setting CVar [[r.VT.MaxAnisotropy:8]]
[2021.10.22-17.17.51:509][  0]LogConfig: Setting CVar [[r.Streaming.LimitPoolSizeToVRAM:0]]
[2021.10.22-17.17.51:509][  0]LogConfig: Setting CVar [[r.Streaming.PoolSize:1000]]
[2021.10.22-17.17.51:509][  0]LogConfig: Setting CVar [[r.Streaming.MaxEffectiveScreenSize:0]]
[2021.10.22-17.17.51:509][  0]LogConfig: Applying CVar settings from Section [EffectsQuality@3] File [C:/Users/campbell59763/Documents/Unreal Projects/MovingSphereInBennu/Saved/Config/Windows/Scalability.ini]
[2021.10.22-17.17.51:509][  0]LogConfig: Setting CVar [[r.TranslucencyLightingVolumeDim:64]]
[2021.10.22-17.17.51:509][  0]LogConfig: Setting CVar [[r.RefractionQuality:2]]
[2021.10.22-17.17.51:509][  0]LogConfig: Setting CVar [[r.SSR.Quality:3]]
[2021.10.22-17.17.51:509][  0]LogConfig: Setting CVar [[r.SSR.HalfResSceneColor:0]]
[2021.10.22-17.17.51:510][  0]LogConfig: Setting CVar [[r.SceneColorFormat:4]]
[2021.10.22-17.17.51:510][  0]LogConfig: Setting CVar [[r.DetailMode:2]]
[2021.10.22-17.17.51:510][  0]LogConfig: Setting CVar [[r.TranslucencyVolumeBlur:1]]
[2021.10.22-17.17.51:510][  0]LogConfig: Setting CVar [[r.MaterialQualityLevel:1 ; High quality]]
[2021.10.22-17.17.51:510][  0]LogConfig: Setting CVar [[r.SSS.Scale:1]]
[2021.10.22-17.17.51:510][  0]LogConfig: Setting CVar [[r.SSS.SampleSet:2]]
[2021.10.22-17.17.51:510][  0]LogConfig: Setting CVar [[r.SSS.Quality:1]]
[2021.10.22-17.17.51:510][  0]LogConfig: Setting CVar [[r.SSS.HalfRes:0]]
[2021.10.22-17.17.51:510][  0]LogConfig: Setting CVar [[r.SSGI.Quality:3]]
[2021.10.22-17.17.51:510][  0]LogConfig: Setting CVar [[r.EmitterSpawnRateScale:1.0]]
[2021.10.22-17.17.51:510][  0]LogConfig: Setting CVar [[r.ParticleLightQuality:2]]
[2021.10.22-17.17.51:510][  0]LogConfig: Setting CVar [[r.SkyAtmosphere.AerialPerspectiveLUT.FastApplyOnOpaque:1 ; Always have FastSkyLUT 1 in this case to avoid wrong sky]]
[2021.10.22-17.17.51:511][  0]LogConfig: Setting CVar [[r.SkyAtmosphere.AerialPerspectiveLUT.SampleCountPerSlice:1]]
[2021.10.22-17.17.51:511][  0]LogConfig: Setting CVar [[r.SkyAtmosphere.AerialPerspectiveLUT.DepthResolution:16.0]]
[2021.10.22-17.17.51:511][  0]LogConfig: Setting CVar [[r.SkyAtmosphere.FastSkyLUT:1]]
[2021.10.22-17.17.51:511][  0]LogConfig: Setting CVar [[r.SkyAtmosphere.FastSkyLUT.SampleCountMin:4.0]]
[2021.10.22-17.17.51:511][  0]LogConfig: Setting CVar [[r.SkyAtmosphere.FastSkyLUT.SampleCountMax:32.0]]
[2021.10.22-17.17.51:511][  0]LogConfig: Setting CVar [[r.SkyAtmosphere.SampleCountMin:4.0]]
[2021.10.22-17.17.51:511][  0]LogConfig: Setting CVar [[r.SkyAtmosphere.SampleCountMax:32.0]]
[2021.10.22-17.17.51:511][  0]LogConfig: Setting CVar [[r.SkyAtmosphere.TransmittanceLUT.UseSmallFormat:0]]
[2021.10.22-17.17.51:512][  0]LogConfig: Setting CVar [[r.SkyAtmosphere.TransmittanceLUT.SampleCount:10.0]]
[2021.10.22-17.17.51:512][  0]LogConfig: Setting CVar [[r.SkyAtmosphere.MultiScatteringLUT.SampleCount:15.0]]
[2021.10.22-17.17.51:512][  0]LogConfig: Applying CVar settings from Section [FoliageQuality@3] File [C:/Users/campbell59763/Documents/Unreal Projects/MovingSphereInBennu/Saved/Config/Windows/Scalability.ini]
[2021.10.22-17.17.51:512][  0]LogConfig: Setting CVar [[foliage.DensityScale:1.0]]
[2021.10.22-17.17.51:512][  0]LogConfig: Setting CVar [[grass.DensityScale:1.0]]
[2021.10.22-17.17.51:512][  0]LogConfig: Applying CVar settings from Section [ShadingQuality@3] File [C:/Users/campbell59763/Documents/Unreal Projects/MovingSphereInBennu/Saved/Config/Windows/Scalability.ini]
[2021.10.22-17.17.51:512][  0]LogConfig: Setting CVar [[r.HairStrands.SkyLighting.SampleCount:16]]
[2021.10.22-17.17.51:512][  0]LogConfig: Setting CVar [[r.HairStrands.SkyLighting.JitterIntegration:0]]
[2021.10.22-17.17.51:512][  0]LogConfig: Setting CVar [[r.HairStrands.SkyAO.SampleCount:16]]
[2021.10.22-17.17.51:512][  0]LogConfig: Setting CVar [[r.HairStrands.DeepShadow.SuperSampling:0]]
[2021.10.22-17.17.51:512][  0]LogConfig: Setting CVar [[r.HairStrands.VisibilityPPLL:0]]
[2021.10.22-17.17.51:512][  0]LogConfig: Setting CVar [[r.HairStrands.RasterizationScale:0.5]]
[2021.10.22-17.17.51:513][  0]LogConfig: Setting CVar [[r.HairStrands.VelocityRasterizationScale:1]]
[2021.10.22-17.17.51:513][  0]LogConfig: Applying CVar settings from Section [Startup] File [../../../Engine/Config/ConsoleVariables.ini]
[2021.10.22-17.17.51:515][  0]LogConfig: Setting CVar [[net.UseAdaptiveNetUpdateFrequency:0]]
[2021.10.22-17.17.51:515][  0]LogConfig: Setting CVar [[p.chaos.AllowCreatePhysxBodies:1]]
[2021.10.22-17.17.51:515][  0]LogConfig: Setting CVar [[fx.SkipVectorVMBackendOptimizations:1]]
[2021.10.22-17.17.51:516][  0]LogConfig: Applying CVar settings from Section [ConsoleVariables] File [C:/Users/campbell59763/Documents/Unreal Projects/MovingSphereInBennu/Saved/Config/Windows/Engine.ini]
[2021.10.22-17.17.51:516][  0]LogInit: Computer: 151-W10-07
[2021.10.22-17.17.51:516][  0]LogInit: User: campbell59763
[2021.10.22-17.17.51:516][  0]LogInit: CPU Page size=4096, Cores=4
[2021.10.22-17.17.51:516][  0]LogInit: High frequency timer resolution =10.000000 MHz
[2021.10.22-17.17.51:517][  0]LogMemory: Memory total: Physical=7.9GB (8GB approx)
[2021.10.22-17.17.51:517][  0]LogMemory: Platform Memory Stats for Windows
[2021.10.22-17.17.51:517][  0]LogMemory: Process Physical Memory: 114.04 MB used, 114.04 MB peak
[2021.10.22-17.17.51:517][  0]LogMemory: Process Virtual Memory: 96.13 MB used, 96.13 MB peak
[2021.10.22-17.17.51:517][  0]LogMemory: Physical Memory: 6956.86 MB used,  1094.64 MB free, 8051.50 MB total
[2021.10.22-17.17.51:517][  0]LogMemory: Virtual Memory: 5157.66 MB used,  134212568.00 MB free, 134217728.00 MB total
[2021.10.22-17.17.51:547][  0]LogWindows: WindowsPlatformFeatures enabled
[2021.10.22-17.17.51:625][  0]LogInit: Physics initialised using underlying interface: PhysX
[2021.10.22-17.17.51:627][  0]LogInit: Using OS detected language (en-US).
[2021.10.22-17.17.51:627][  0]LogInit: Using OS detected locale (en-US).
[2021.10.22-17.17.51:647][  0]LogTextLocalizationManager: No specific localization for 'en-US' exists, so the 'en' localization will be used.
[2021.10.22-17.17.52:038][  0]LogInit: Setting process to per monitor DPI aware
[2021.10.22-17.17.52:093][  0]LogSlate: New Slate User Created.  User Index 0, Is Virtual User: 0
[2021.10.22-17.17.52:094][  0]LogSlate: Slate User Registered.  User Index 0, Is Virtual User: 0
[2021.10.22-17.17.52:497][  0]LogHMD: Failed to initialize OpenVR with code 110
[2021.10.22-17.17.52:497][  0]LogD3D11RHI: D3D11 min allowed feature level: 11_0
[2021.10.22-17.17.52:497][  0]LogD3D11RHI: D3D11 max allowed feature level: 11_0
[2021.10.22-17.17.52:497][  0]LogD3D11RHI: D3D11 adapters:
[2021.10.22-17.17.52:512][  0]LogD3D11RHI:    0. 'Intel(R) HD Graphics 4600' (Feature Level 11_0)
[2021.10.22-17.17.52:512][  0]LogD3D11RHI:       112/0/2048 MB DedicatedVideo/DedicatedSystem/SharedSystem, Outputs:2, VendorId:0x8086
[2021.10.22-17.17.52:516][  0]LogD3D11RHI:    1. 'Microsoft Basic Render Driver' (Feature Level 11_0)
[2021.10.22-17.17.52:516][  0]LogD3D11RHI:       0/0/4025 MB DedicatedVideo/DedicatedSystem/SharedSystem, Outputs:0, VendorId:0x1414
[2021.10.22-17.17.52:516][  0]LogD3D11RHI: Chosen D3D11 Adapter: 0
[2021.10.22-17.17.52:525][  0]LogD3D11RHI: Creating new Direct3DDevice
[2021.10.22-17.17.52:525][  0]LogD3D11RHI:     GPU DeviceId: 0x412 (for the marketing name, search the web for "GPU Device Id")
[2021.10.22-17.17.52:525][  0]LogWindows: EnumDisplayDevices:
[2021.10.22-17.17.52:525][  0]LogWindows:    0. 'Intel(R) HD Graphics 4600' (P:1 D:1)
[2021.10.22-17.17.52:526][  0]LogWindows:    1. 'Intel(R) HD Graphics 4600' (P:0 D:1)
[2021.10.22-17.17.52:526][  0]LogWindows:    2. 'Intel(R) HD Graphics 4600' (P:0 D:0)
[2021.10.22-17.17.52:527][  0]LogWindows: DebugString: FoundDriverCount:3 
[2021.10.22-17.17.52:527][  0]LogD3D11RHI:     Adapter Name: Intel(R) HD Graphics 4600
[2021.10.22-17.17.52:527][  0]LogD3D11RHI:   Driver Version: 20.19.15.4531 (internal:20.19.15.4531, unified:20.19.15.4531)
[2021.10.22-17.17.52:527][  0]LogD3D11RHI:      Driver Date: 9-29-2016
[2021.10.22-17.17.52:527][  0]LogRHI: Texture pool is 795 MB (70% of 1136 MB)
[2021.10.22-17.17.52:535][  0]LogD3D11RHI: RHI does not have support for 64 bit atomics
[2021.10.22-17.17.52:536][  0]LogD3D11RHI: Async texture creation enabled
[2021.10.22-17.17.52:536][  0]LogD3D11RHI: Array index from any shader is supported
[2021.10.22-17.17.52:546][  0]LogD3D11RHI: GPU Timing Frequency: 12.500000 (Debug: 2 0)
[2021.10.22-17.17.53:398][  0]LogTargetPlatformManager: Display: Loaded TargetPlatform 'AllDesktop'
[2021.10.22-17.17.53:425][  0]LogTargetPlatformManager: Display: Loaded TargetPlatform 'Android'
[2021.10.22-17.17.53:425][  0]LogTargetPlatformManager: Display: Loaded TargetPlatform 'Android_ASTC'
[2021.10.22-17.17.53:425][  0]LogTargetPlatformManager: Display: Loaded TargetPlatform 'Android_DXT'
[2021.10.22-17.17.53:425][  0]LogTargetPlatformManager: Display: Loaded TargetPlatform 'Android_ETC2'
[2021.10.22-17.17.53:425][  0]LogTargetPlatformManager: Display: Loaded TargetPlatform 'AndroidClient'
[2021.10.22-17.17.53:425][  0]LogTargetPlatformManager: Display: Loaded TargetPlatform 'Android_ASTCClient'
[2021.10.22-17.17.53:425][  0]LogTargetPlatformManager: Display: Loaded TargetPlatform 'Android_DXTClient'
[2021.10.22-17.17.53:425][  0]LogTargetPlatformManager: Display: Loaded TargetPlatform 'Android_ETC2Client'
[2021.10.22-17.17.53:425][  0]LogTargetPlatformManager: Display: Loaded TargetPlatform 'Android_Multi'
[2021.10.22-17.17.53:425][  0]LogTargetPlatformManager: Display: Loaded TargetPlatform 'Android_MultiClient'
[2021.10.22-17.17.53:459][  0]LogTargetPlatformManager: Display: Loaded TargetPlatform 'IOSClient'
[2021.10.22-17.17.53:459][  0]LogTargetPlatformManager: Display: Loaded TargetPlatform 'IOS'
[2021.10.22-17.17.53:475][  0]LogTargetPlatformManager: Display: Loaded TargetPlatform 'Linux'
[2021.10.22-17.17.53:488][  0]LogTargetPlatformManager: Display: Loaded TargetPlatform 'LinuxNoEditor'
[2021.10.22-17.17.53:501][  0]LogTargetPlatformManager: Display: Loaded TargetPlatform 'LinuxClient'
[2021.10.22-17.17.53:515][  0]LogTargetPlatformManager: Display: Loaded TargetPlatform 'LinuxServer'
[2021.10.22-17.17.53:528][  0]LogTargetPlatformManager: Display: Loaded TargetPlatform 'LinuxAArch64NoEditor'
[2021.10.22-17.17.53:542][  0]LogTargetPlatformManager: Display: Loaded TargetPlatform 'LinuxAArch64Client'
[2021.10.22-17.17.53:555][  0]LogTargetPlatformManager: Display: Loaded TargetPlatform 'LinuxAArch64Server'
[2021.10.22-17.17.53:594][  0]LogTargetPlatformManager: Display: Loaded TargetPlatform 'Lumin'
[2021.10.22-17.17.53:594][  0]LogTargetPlatformManager: Display: Loaded TargetPlatform 'LuminClient'
[2021.10.22-17.17.53:619][  0]LogTargetPlatformManager: Display: Loaded TargetPlatform 'TVOSClient'
[2021.10.22-17.17.53:619][  0]LogTargetPlatformManager: Display: Loaded TargetPlatform 'TVOS'
[2021.10.22-17.17.53:631][  0]LogTargetPlatformManager: Display: Loaded TargetPlatform 'WindowsNoEditor'
[2021.10.22-17.17.53:646][  0]LogTargetPlatformManager: Display: Loaded TargetPlatform 'Windows'
[2021.10.22-17.17.53:658][  0]LogTargetPlatformManager: Display: Loaded TargetPlatform 'WindowsClient'
[2021.10.22-17.17.53:671][  0]LogTargetPlatformManager: Display: Loaded TargetPlatform 'WindowsServer'
[2021.10.22-17.17.53:671][  0]LogTargetPlatformManager: Display: Building Assets For Windows
[2021.10.22-17.17.53:684][  0]LogAudioDebug: Display: Lib vorbis DLL was dynamically loaded.
[2021.10.22-17.17.53:783][  0]LogShaderCompilers: Guid format shader working directory is -30 characters bigger than the processId version (../../../../../../Users/campbell59763/Documents/Unreal Projects/MovingSphereInBennu/Intermediate/Shaders/WorkingDirectory/17528/).
[2021.10.22-17.17.53:783][  0]LogShaderCompilers: Cleaned the shader compiler working directory 'C:/Users/campbell59763/AppData/Local/Temp/UnrealShaderWorkingDir/23B84BBF4C0FD0EB3630CC9065757EA2/'.
[2021.10.22-17.17.53:785][  0]LogShaderCompilers: Display: Using XGE Shader Compiler (Interception Interface).
[2021.10.22-17.17.55:376][  0]LogDerivedDataCache: Display: Max Cache Size: 512 MB
[2021.10.22-17.17.55:450][  0]LogDerivedDataCache: Loaded boot cache 0.07s 75MB C:/Users/campbell59763/AppData/Local/UnrealEngine/4.25/DerivedDataCache/Boot.ddc.
[2021.10.22-17.17.55:450][  0]LogDerivedDataCache: Display: Loaded Boot cache: C:/Users/campbell59763/AppData/Local/UnrealEngine/4.25/DerivedDataCache/Boot.ddc
[2021.10.22-17.17.55:451][  0]LogDerivedDataCache: FDerivedDataBackendGraph:  Pak pak cache file ../../../../../../Users/campbell59763/Documents/Unreal Projects/MovingSphereInBennu/DerivedDataCache/DDC.ddp not found, will not use a pak cache.
[2021.10.22-17.17.55:451][  0]LogDerivedDataCache: Unable to find inner node Pak for hierarchical cache Hierarchy.
[2021.10.22-17.17.55:451][  0]LogDerivedDataCache: FDerivedDataBackendGraph:  CompressedPak pak cache file ../../../../../../Users/campbell59763/Documents/Unreal Projects/MovingSphereInBennu/DerivedDataCache/Compressed.ddp not found, will not use a pak cache.
[2021.10.22-17.17.55:451][  0]LogDerivedDataCache: Unable to find inner node CompressedPak for hierarchical cache Hierarchy.
[2021.10.22-17.17.55:461][  0]LogDerivedDataCache: Display: Pak cache opened for reading ../../../Engine/DerivedDataCache/Compressed.ddp.
[2021.10.22-17.17.55:461][  0]LogDerivedDataCache: FDerivedDataBackendGraph:  EnterprisePak pak cache file ../../../Enterprise/DerivedDataCache/Compressed.ddp not found, will not use a pak cache.
[2021.10.22-17.17.55:461][  0]LogDerivedDataCache: Unable to find inner node EnterprisePak for hierarchical cache Hierarchy.
[2021.10.22-17.17.55:463][  0]LogDerivedDataCache: Using Local data cache path C:/Users/campbell59763/AppData/Local/UnrealEngine/Common/DerivedDataCache: Writable
[2021.10.22-17.17.55:463][  0]LogDerivedDataCache: Shared data cache path not found in *engine.ini, will not use an Shared cache.
[2021.10.22-17.17.55:463][  0]LogDerivedDataCache: Unable to find inner node Shared for hierarchical cache Hierarchy.
[2021.10.22-17.17.55:518][  0]LogSlate: Using FreeType 2.10.0
[2021.10.22-17.17.55:519][  0]LogSlate: SlateFontServices - WITH_FREETYPE: 1, WITH_HARFBUZZ: 1
[2021.10.22-17.17.55:558][  0]LogAssetRegistry: FAssetRegistry took 0.0038 seconds to start up
[2021.10.22-17.17.55:845][  0]LogInit: Selected Device Profile: [Windows]
[2021.10.22-17.17.56:024][  0]LogMeshReduction: Using QuadricMeshReduction for automatic static mesh reduction
[2021.10.22-17.17.56:024][  0]LogMeshReduction: Using SimplygonMeshReduction for automatic skeletal mesh reduction
[2021.10.22-17.17.56:024][  0]LogMeshReduction: Using ProxyLODMeshReduction for automatic mesh merging
[2021.10.22-17.17.56:024][  0]LogMeshReduction: No distributed automatic mesh merging module available
[2021.10.22-17.17.56:024][  0]LogMeshMerging: No distributed automatic mesh merging module available
[2021.10.22-17.17.56:059][  0]LogNetVersion: MovingSphereInBennu 1.0.0, NetCL: 13144385, EngineNetVer: 14, GameNetVer: 0 (Checksum: 4264928541)
[2021.10.22-17.17.57:597][  0]LogAISub: UAISubsystem::UAISubsystem AISubsystem (000001C8DC179800), frame # 0
[2021.10.22-17.17.57:597][  0]LogAISub: UAISubsystem::UAISubsystem AIPerceptionSystem (000001C8DD04EAC0), frame # 0
[2021.10.22-17.17.57:598][  0]LogAISub: UAISubsystem::UAISubsystem EnvQueryManager (000001C8DD0A1C00), frame # 0
[2021.10.22-17.17.58:059][  0]LogPackageLocalizationCache: Processed 20 localized package path(s) for 1 prioritized culture(s) in 0.453861 seconds
[2021.10.22-17.17.58:069][  0]LogUObjectArray: 15917 objects as part of root set at end of initial load.
[2021.10.22-17.17.58:069][  0]LogUObjectAllocator: 3965568 out of 0 bytes used by permanent object pool.
[2021.10.22-17.17.58:069][  0]LogUObjectArray: CloseDisregardForGC: 0/0 objects in disregard for GC pool
[2021.10.22-17.18.02:213][  0]LogTcpMessaging: Initializing TcpMessaging bridge
[2021.10.22-17.18.02:232][  0]LogUdpMessaging: Initializing bridge on interface 0.0.0.0:0 to multicast group 230.0.0.1:6666.
[2021.10.22-17.18.05:619][  0]SourceControl: Source control is disabled
[2021.10.22-17.18.05:619][  0]SourceControl: Source control is disabled
[2021.10.22-17.18.05:630][  0]SourceControl: Source control is disabled
[2021.10.22-17.18.05:640][  0]SourceControl: Source control is disabled
[2021.10.22-17.18.05:668][  0]SourceControl: Source control is disabled
[2021.10.22-17.18.06:116][  0]LogAndroidPermission: UAndroidPermissionCallbackProxy::GetInstance
[2021.10.22-17.18.06:148][  0]LogAudioCaptureCore: Display: No Audio Capture implementations found. Audio input will be silent.
[2021.10.22-17.18.06:148][  0]LogAudioCaptureCore: Display: No Audio Capture implementations found. Audio input will be silent.
[2021.10.22-17.18.06:252][  0]LogOcInput: OculusInput pre-init called
[2021.10.22-17.18.06:284][  0]LogWindows: Failed to load 'OVRPlugin.dll' (GetLastError=126)
[2021.10.22-17.18.06:284][  0]LogWindows: File 'OVRPlugin.dll' does not exist
[2021.10.22-17.18.06:507][  0]LogEngine: Initializing Engine...
[2021.10.22-17.18.06:534][  0]LogHMD: Failed to initialize OpenVR with code 110
[2021.10.22-17.18.06:534][  0]LogMagicLeap: Warning: VR disabled because ZI is not enabled.  To enable, in the editor, Edit -> Project Settings -> Plugins -> Magic Leap Plugin -> Enable Zero Iteration
[2021.10.22-17.18.06:577][  0]LogStats: UGameplayTagsManager::InitializeManager -  0.001 s
[2021.10.22-17.18.06:935][  0]LogInit: Initializing FReadOnlyCVARCache
[2021.10.22-17.18.06:946][  0]LogAIModule: Creating AISystem for world Untitled
[2021.10.22-17.18.06:946][  0]LogAISub: UAISubsystem::UAISubsystem EnvQueryManager (000001C8DF823C00), frame # 0
[2021.10.22-17.18.06:946][  0]LogAISub: UAISubsystem::UAISubsystem AIPerceptionSystem (000001C8DF87BB00), frame # 0
[2021.10.22-17.18.06:967][  0]LogAudioMixer: Display: Audio Mixer Platform Settings:
[2021.10.22-17.18.06:967][  0]LogAudioMixer: Display: 	Sample Rate:						  48000
[2021.10.22-17.18.06:967][  0]LogAudioMixer: Display: 	Callback Buffer Frame Size Requested: 1024
[2021.10.22-17.18.06:967][  0]LogAudioMixer: Display: 	Callback Buffer Frame Size To Use:	  1024
[2021.10.22-17.18.06:967][  0]LogAudioMixer: Display: 	Number of buffers to queue:			  2
[2021.10.22-17.18.06:967][  0]LogAudioMixer: Display: 	Max Channels (voices):				  32
[2021.10.22-17.18.06:967][  0]LogAudioMixer: Display: 	Number of Async Source Workers:		  0
[2021.10.22-17.18.06:967][  0]LogAudio: Display: AudioDevice MaxSources: 32
[2021.10.22-17.18.06:967][  0]LogAudio: Display: Using built-in audio occlusion.
[2021.10.22-17.18.06:967][  0]LogAudioMixer: Display: Initializing audio mixer.
[2021.10.22-17.18.06:991][  0]LogAudioMixer: Display: 0: FrontLeft
[2021.10.22-17.18.06:991][  0]LogAudioMixer: Display: 1: FrontRight
[2021.10.22-17.18.07:117][  0]LogAudioMixer: Display: Using Audio Device Speakers (Realtek High Definition Audio)
[2021.10.22-17.18.07:125][  0]LogAudioMixer: Display: Initializing Sound Submixes...
[2021.10.22-17.18.07:132][  0]LogAudioMixer: Display: Creating Master Submix 'MasterSubmixDefault'
[2021.10.22-17.18.07:132][  0]LogAudioMixer: Display: Creating Master Submix 'MasterReverbSubmixDefault'
[2021.10.22-17.18.07:133][  0]LogAudioMixer: Display: Creating Master Submix 'MasterEQSubmixDefault'
[2021.10.22-17.18.07:135][  0]LogInit: FAudioDevice initialized.
[2021.10.22-17.18.07:135][  0]LogNetVersion: Set ProjectVersion to 1.0.0.0. Version Checksum will be recalculated on next use.
[2021.10.22-17.18.07:560][  0]LogDerivedDataCache: Saved boot cache 0.42s 75MB C:/Users/campbell59763/AppData/Local/UnrealEngine/4.25/DerivedDataCache/Boot.ddc.
[2021.10.22-17.18.07:563][  0]LogInit: Texture streaming: Enabled
[2021.10.22-17.18.07:626][  0]LogEngineSessionManager: EngineSessionManager initialized
[2021.10.22-17.18.07:626][  0]LogEditorSessionSummary: Verbose: Initializing EditorSessionSummaryWriter for editor session tracking
[2021.10.22-17.18.07:712][  0]LogEditorSessionSummary: EditorSessionSummaryWriter initialized
[2021.10.22-17.18.07:857][  0]LogInit: Transaction tracking system initialized
[2021.10.22-17.18.07:890][  0]BlueprintLog: New page: Editor Load
[2021.10.22-17.18.08:003][  0]LocalizationService: Localization service is disabled
[2021.10.22-17.18.08:846][  0]LogCook: Display: Max memory allowance for cook 16384mb min free memory 0mb
[2021.10.22-17.18.08:846][  0]LogCook: Display: Mobile HDR setting 1
[2021.10.22-17.18.08:860][  0]LogFileCache: Scanning file cache for directory 'C:/Users/campbell59763/Documents/Unreal Projects/MovingSphereInBennu/Content/' took 0.05s
[2021.10.22-17.18.09:366][  0]SourceControl: Source control is disabled
[2021.10.22-17.18.09:366][  0]LogUnrealEdMisc: Loading editor; pre map load, took 22.597
[2021.10.22-17.18.09:366][  0]Cmd: MAP LOAD FILE="../../../../../../Users/campbell59763/Documents/Unreal Projects/MovingSphereInBennu/Content/StarterContent/Maps/Minimal_Default.umap" TEMPLATE=0 SHOWPROGRESS=1 FEATURELEVEL=3
[2021.10.22-17.18.09:366][  0]LightingResults: New page: Lighting Build
[2021.10.22-17.18.09:387][  0]LogWorld: UWorld::CleanupWorld for Untitled, bSessionEnded=true, bCleanupResources=true
[2021.10.22-17.18.09:387][  0]LogSlate: InvalidateAllWidgets triggered.  All widgets were invalidated
[2021.10.22-17.18.09:387][  0]MapCheck: New page: Map Check
[2021.10.22-17.18.09:387][  0]LightingResults: New page: Lighting Build
[2021.10.22-17.18.09:396][  0]LogAISub: UAISubsystem::~UAISubsystem EnvQueryManager (000001C8DF823C00), frame # 0
[2021.10.22-17.18.09:396][  0]LogAISub: UAISubsystem::~UAISubsystem AIPerceptionSystem (000001C8DF87BB00), frame # 0
[2021.10.22-17.18.09:397][  0]LogUObjectHash: Compacting FUObjectHashTables data took   0.82ms
[2021.10.22-17.18.09:744][  0]LogAIModule: Creating AISystem for world Minimal_Default
[2021.10.22-17.18.09:745][  0]LogAISub: UAISubsystem::UAISubsystem EnvQueryManager (000001C8D0393000), frame # 0
[2021.10.22-17.18.09:745][  0]LogAISub: UAISubsystem::UAISubsystem AIPerceptionSystem (000001C8D2A56C00), frame # 0
[2021.10.22-17.18.09:779][  0]LogEditorServer: Finished looking for orphan Actors (0.000 secs)
[2021.10.22-17.18.09:834][  0]LogUObjectHash: Compacting FUObjectHashTables data took   1.26ms
[2021.10.22-17.18.09:834][  0]Cmd: MAP CHECKDEP NOCLEARLOG
[2021.10.22-17.18.09:834][  0]MapCheck: Map check complete: 0 Error(s), 0 Warning(s), took 0.3ms to complete.
[2021.10.22-17.18.09:834][  0]LogFileHelpers: Loading map 'Minimal_Default' took 0.468
[2021.10.22-17.18.09:860][  0]LogUnrealEdMisc: Total Editor Startup Time, took 23.091
[2021.10.22-17.18.10:725][  0]LogSlate: Updating window title bar state: overlay mode, drag disabled, window buttons hidden, title bar hidden
[2021.10.22-17.18.10:759][  0]LogSlate: Updating window title bar state: overlay mode, drag disabled, window buttons hidden, title bar hidden
[2021.10.22-17.18.10:791][  0]LogSlate: Updating window title bar state: overlay mode, drag disabled, window buttons hidden, title bar hidden
[2021.10.22-17.18.10:828][  0]LogSlate: Updating window title bar state: overlay mode, drag disabled, window buttons hidden, title bar hidden
[2021.10.22-17.18.10:899][  0]LogCollectionManager: Loaded 0 collections in 0.014968 seconds
[2021.10.22-17.18.11:022][  0]LogFileCache: Scanning file cache for directory 'C:/Users/campbell59763/Documents/Unreal Projects/MovingSphereInBennu/Saved/Collections/' took 0.00s
[2021.10.22-17.18.11:022][  0]LogFileCache: Scanning file cache for directory 'C:/Users/campbell59763/Documents/Unreal Projects/MovingSphereInBennu/Content/Developers/campbell59763/Collections/' took 0.00s
[2021.10.22-17.18.11:022][  0]LogFileCache: Scanning file cache for directory 'C:/Users/campbell59763/Documents/Unreal Projects/MovingSphereInBennu/Content/Collections/' took 0.00s
[2021.10.22-17.18.11:022][  0]LogContentBrowser: Native class hierarchy populated in 0.0349 seconds. Added 3437 classes and 839 folders.
[2021.10.22-17.18.11:294][  0]LogContentBrowser: Native class hierarchy updated for 'WidgetCarousel' in 0.0010 seconds. Added 0 classes and 0 folders.
[2021.10.22-17.18.15:586][  0]LogContentBrowser: Native class hierarchy updated for 'AddContentDialog' in 0.0005 seconds. Added 0 classes and 0 folders.
[2021.10.22-17.18.15:631][  0]LogContentBrowser: Native class hierarchy updated for 'SceneOutliner' in 0.0010 seconds. Added 2 classes and 0 folders.
[2021.10.22-17.18.17:127][  0]LogSlate: Took 0.012246 seconds to synchronously load lazily loaded font '../../../Engine/Content/Slate/Fonts/Roboto-Regular.ttf' (155K)
[2021.10.22-17.18.17:170][  0]LogSlate: Took 0.035211 seconds to synchronously load lazily loaded font '../../../Engine/Content/Slate/Fonts/Roboto-Bold.ttf' (160K)
[2021.10.22-17.18.17:185][  0]LogSlate: Took 0.009731 seconds to synchronously load lazily loaded font '../../../Engine/Content/Editor/Slate/Fonts/FontAwesome.ttf' (139K)
[2021.10.22-17.18.17:843][  0]LogRenderer: Reallocating scene render targets to support 904x456 Format 10 NumSamples 1 (Frame:1).
[2021.10.22-17.18.18:671][  0]LogContentBrowser: Native class hierarchy updated for 'HierarchicalLODOutliner' in 0.0004 seconds. Added 0 classes and 0 folders.
[2021.10.22-17.18.18:671][  0]LogLoad: (Engine Initialization) Total time: 31.90 seconds
[2021.10.22-17.18.18:671][  0]LogLoad: (Engine Initialization) Total Blueprint compile time: 0.00 seconds
[2021.10.22-17.18.18:770][  0]LogContentStreaming: Texture pool size now 1000 MB
[2021.10.22-17.18.18:793][  0]LogSlate: Took 0.012762 seconds to synchronously load lazily loaded font '../../../Engine/Content/Slate/Fonts/Roboto-Light.ttf' (167K)
[2021.10.22-17.18.18:980][  1]LogAssetRegistry: Asset discovery search completed in 23.4231 seconds
[2021.10.22-17.18.18:984][  1]LogCollectionManager: Fixed up redirectors for 0 collections in 0.000002 seconds (updated 0 objects)
[2021.10.22-17.18.19:988][ 11]LogSlate: Took 0.000944 seconds to synchronously load lazily loaded font '../../../Engine/Content/Slate/Fonts/Roboto-Light.ttf' (167K)
[2021.10.22-17.18.31:257][327]LogSlate: Window 'Plugins' being destroyed
[2021.10.22-17.18.31:268][327]LogSlate: Window 'Plugins' being destroyed
[2021.10.22-17.18.31:268][327]LogDirectoryWatcher: A directory notification for '../../../Engine/Plugins/' was aborted.
[2021.10.22-17.19.16:339][947]LogSlate: Window 'Save Level As' being destroyed
[2021.10.22-17.19.16:407][947]LogUObjectHash: Compacting FUObjectHashTables data took   0.87ms
[2021.10.22-17.19.16:458][947]LogUObjectHash: Compacting FUObjectHashTables data took   0.82ms
[2021.10.22-17.19.16:524][947]LogSavePackage: Moving '../../../../../../Users/campbell59763/Documents/Unreal Projects/MovingSphereInBennu/Saved/NASA_Project_1430AA8A84ECE43E6536F7A81A9C98FC7.tmp' to '../../../../../../Users/campbell59763/Documents/Unreal Projects/MovingSphereInBennu/Content/NASA_Project_1.umap'
[2021.10.22-17.19.16:544][947]LogFileHelpers: Saving map 'NASA_Project_1' took 0.199
[2021.10.22-17.19.16:544][947]Cmd: MAP LOAD FILE="../../../../../../Users/campbell59763/Documents/Unreal Projects/MovingSphereInBennu/Content/NASA_Project_1.umap" TEMPLATE=0 SHOWPROGRESS=1 FEATURELEVEL=3
[2021.10.22-17.19.16:589][947]LightingResults: New page: Lighting Build
[2021.10.22-17.19.16:589][947]LoadErrors: New page: Loading map: NASA_Project_1.umap
[2021.10.22-17.19.16:592][947]LogWorld: UWorld::CleanupWorld for Minimal_Default, bSessionEnded=true, bCleanupResources=true
[2021.10.22-17.19.16:593][947]LogSlate: InvalidateAllWidgets triggered.  All widgets were invalidated
[2021.10.22-17.19.16:593][947]MapCheck: New page: Map Check
[2021.10.22-17.19.16:593][947]LightingResults: New page: Lighting Build
[2021.10.22-17.19.16:612][947]LogAISub: UAISubsystem::~UAISubsystem EnvQueryManager (000001C8D0393000), frame # 947
[2021.10.22-17.19.16:613][947]LogAISub: UAISubsystem::~UAISubsystem AIPerceptionSystem (000001C8D2A56C00), frame # 947
[2021.10.22-17.19.16:614][947]LogUObjectHash: Compacting FUObjectHashTables data took   1.63ms
[2021.10.22-17.19.16:712][947]LogEditorServer: Finished looking for orphan Actors (0.000 secs)
[2021.10.22-17.19.16:712][947]LogAIModule: Creating AISystem for world NASA_Project_1
[2021.10.22-17.19.16:712][947]LogAISub: UAISubsystem::UAISubsystem EnvQueryManager (000001C88B929800), frame # 947
[2021.10.22-17.19.16:712][947]LogAISub: UAISubsystem::UAISubsystem AIPerceptionSystem (000001C8CCF6A5C0), frame # 947
[2021.10.22-17.19.16:739][947]LogUObjectHash: Compacting FUObjectHashTables data took   1.47ms
[2021.10.22-17.19.16:778][947]Cmd: MAP CHECKDEP NOCLEARLOG
[2021.10.22-17.19.16:778][947]MapCheck: Map check complete: 0 Error(s), 0 Warning(s), took 0.196ms to complete.
[2021.10.22-17.19.16:778][947]LogFileHelpers: Loading map 'NASA_Project_1' took 0.234
[2021.10.22-17.19.16:782][947]AssetCheck: New page: Asset Save: NASA_Project_1
[2021.10.22-17.19.16:782][947]LogContentValidation: Display: Validating World /Game/NASA_Project_1.NASA_Project_1
[2021.10.22-17.19.18:855][985]LogHttp: Warning: 000001C8F139E400: invalid HTTP response code received. URL: https://datarouter.ol.epicgames.com/datarouter/api/v1/public/data?SessionID=%7BCA31403C-4D88-E83C-ACDB-5CA36A4AFFD2%7D&AppID=UEEditor.Rocket.Release&AppVersion=4.25.4-14469661%2B%2B%2BUE4%2BRelease-4.25&UserID=7ec4013d43cec817d55770a2c16903b2%7C08d24886948a425d8875ad75598cd873%7C50f05884-b7a0-4aa3-b88a-6a6cb5f9f875&AppEnvironment=datacollector-source&UploadType=eteventstream, HTTP code: 0, content length: 0, actual payload size: 0
[2021.10.22-17.19.18:855][985]LogHttp: Warning: 000001C8F139E400: request failed, libcurl error: 35 (SSL connect error)
[2021.10.22-17.19.18:855][985]LogHttp: Warning: 000001C8F139E400: libcurl info message cache 0 (  Trying 34.230.212.76...)
[2021.10.22-17.19.18:855][985]LogHttp: Warning: 000001C8F139E400: libcurl info message cache 1 (TCP_NODELAY set)
[2021.10.22-17.19.18:855][985]LogHttp: Warning: 000001C8F139E400: libcurl info message cache 2 (Connected to datarouter.ol.epicgames.com (34.230.212.76) port 443 (#0))
[2021.10.22-17.19.18:855][985]LogHttp: Warning: 000001C8F139E400: libcurl info message cache 3 (ALPN, offering http/1.1)
[2021.10.22-17.19.18:855][985]LogHttp: Warning: 000001C8F139E400: libcurl info message cache 4 (Cipher selection: ALL:!EXPORT:!EXPORT40:!EXPORT56:!aNULL:!LOW:!RC4:@STRENGTH)
[2021.10.22-17.19.18:855][985]LogHttp: Warning: 000001C8F139E400: libcurl info message cache 5 (TLSv1.3 (OUT), TLS handshake, Client hello (1):)
[2021.10.22-17.19.18:855][985]LogHttp: Warning: 000001C8F139E400: libcurl info message cache 6 (OpenSSL SSL_connect: SSL_ERROR_SYSCALL in connection to datarouter.ol.epicgames.com:443 )
[2021.10.22-17.19.18:855][985]LogHttp: Warning: 000001C8F139E400: libcurl info message cache 7 (Closing connection 0)
[2021.10.22-17.19.18:895][986]LogHttp: Warning: Retry exhausted on https://datarouter.ol.epicgames.com/datarouter/api/v1/public/data?SessionID=%7BCA31403C-4D88-E83C-ACDB-5CA36A4AFFD2%7D&AppID=UEEditor.Rocket.Release&AppVersion=4.25.4-14469661%2B%2B%2BUE4%2BRelease-4.25&UserID=7ec4013d43cec817d55770a2c16903b2%7C08d24886948a425d8875ad75598cd873%7C50f05884-b7a0-4aa3-b88a-6a6cb5f9f875&AppEnvironment=datacollector-source&UploadType=eteventstream
[2021.10.22-17.19.24:284][116]LogAssetEditorSubsystem: Opening Asset editor for WidgetBlueprint /Game/MainWidget.MainWidget
[2021.10.22-17.19.25:690][116]LogContentBrowser: Native class hierarchy updated for 'BlueprintGraph' in 0.0008 seconds. Added 125 classes and 0 folders.
[2021.10.22-17.19.27:613][116]LogAssetEditorSubsystem: Opening Asset editor for Blueprint /Game/MainMenuCharacter.MainMenuCharacter
[2021.10.22-17.19.28:678][116]LogSlate: Took 0.055027 seconds to synchronously load lazily loaded font '../../../Engine/Content/Slate/Fonts/Roboto-BoldCondensed.ttf' (158K)
[2021.10.22-17.19.28:904][117]LogSlate: Took 0.042655 seconds to synchronously load lazily loaded font '../../../Engine/Content/Slate/Fonts/Roboto-Italic.ttf' (157K)
[2021.10.22-17.19.39:111][403]LogSlate: Window 'MainMenuCharacter' being destroyed
[2021.10.22-17.20.49:001][260]LogAssetEditorSubsystem: Opening Asset editor for World /Game/NASA_Project_1.NASA_Project_1
[2021.10.22-17.20.49:064][260]LogUObjectHash: Compacting FUObjectHashTables data took   4.32ms
[2021.10.22-17.20.49:065][260]Cmd: MAP LOAD FILE="../../../../../../Users/campbell59763/Documents/Unreal Projects/MovingSphereInBennu/Content/NASA_Project_1.umap" TEMPLATE=0 SHOWPROGRESS=1 FEATURELEVEL=3
[2021.10.22-17.20.49:065][260]LightingResults: New page: Lighting Build
[2021.10.22-17.20.49:065][260]LoadErrors: New page: Loading map: NASA_Project_1.umap
[2021.10.22-17.20.49:067][260]LogWorld: UWorld::CleanupWorld for NASA_Project_1, bSessionEnded=true, bCleanupResources=true
[2021.10.22-17.20.49:067][260]LogSlate: InvalidateAllWidgets triggered.  All widgets were invalidated
[2021.10.22-17.20.49:067][260]MapCheck: New page: Map Check
[2021.10.22-17.20.49:067][260]LightingResults: New page: Lighting Build
[2021.10.22-17.20.49:093][260]LogAISub: UAISubsystem::~UAISubsystem AIPerceptionSystem (000001C8CCF6A5C0), frame # 4260
[2021.10.22-17.20.49:093][260]LogAISub: UAISubsystem::~UAISubsystem EnvQueryManager (000001C88B929800), frame # 4260
[2021.10.22-17.20.49:097][260]LogUObjectHash: Compacting FUObjectHashTables data took   3.16ms
[2021.10.22-17.20.49:107][260]LogAIModule: Creating AISystem for world NASA_Project_1
[2021.10.22-17.20.49:107][260]LogAISub: UAISubsystem::UAISubsystem EnvQueryManager (000001C8F1743600), frame # 4260
[2021.10.22-17.20.49:107][260]LogAISub: UAISubsystem::UAISubsystem AIPerceptionSystem (000001C89B1856C0), frame # 4260
[2021.10.22-17.20.49:198][260]LogEditorServer: Finished looking for orphan Actors (0.000 secs)
[2021.10.22-17.20.49:228][260]LogUObjectHash: Compacting FUObjectHashTables data took   2.67ms
[2021.10.22-17.20.49:249][260]Cmd: MAP CHECKDEP NOCLEARLOG
[2021.10.22-17.20.49:249][260]MapCheck: Map check complete: 0 Error(s), 0 Warning(s), took 0.155ms to complete.
[2021.10.22-17.20.49:249][260]LogFileHelpers: Loading map 'NASA_Project_1' took 0.184
[2021.10.22-17.21.19:383][502]LogHttp: Warning: 000001C8F038AB00: invalid HTTP response code received. URL: https://datarouter.ol.epicgames.com/datarouter/api/v1/public/data?SessionID=%7BCA31403C-4D88-E83C-ACDB-5CA36A4AFFD2%7D&AppID=UEEditor.Rocket.Release&AppVersion=4.25.4-14469661%2B%2B%2BUE4%2BRelease-4.25&UserID=7ec4013d43cec817d55770a2c16903b2%7C08d24886948a425d8875ad75598cd873%7C50f05884-b7a0-4aa3-b88a-6a6cb5f9f875&AppEnvironment=datacollector-source&UploadType=eteventstream, HTTP code: 0, content length: 0, actual payload size: 0
[2021.10.22-17.21.19:383][502]LogHttp: Warning: 000001C8F038AB00: request failed, libcurl error: 35 (SSL connect error)
[2021.10.22-17.21.19:383][502]LogHttp: Warning: 000001C8F038AB00: libcurl info message cache 0 (Hostname in DNS cache was stale, zapped)
[2021.10.22-17.21.19:384][502]LogHttp: Warning: 000001C8F038AB00: libcurl info message cache 1 (  Trying 54.156.232.14...)
[2021.10.22-17.21.19:384][502]LogHttp: Warning: 000001C8F038AB00: libcurl info message cache 2 (TCP_NODELAY set)
[2021.10.22-17.21.19:384][502]LogHttp: Warning: 000001C8F038AB00: libcurl info message cache 3 (Connected to datarouter.ol.epicgames.com (54.156.232.14) port 443 (#1))
[2021.10.22-17.21.19:384][502]LogHttp: Warning: 000001C8F038AB00: libcurl info message cache 4 (ALPN, offering http/1.1)
[2021.10.22-17.21.19:384][502]LogHttp: Warning: 000001C8F038AB00: libcurl info message cache 5 (Cipher selection: ALL:!EXPORT:!EXPORT40:!EXPORT56:!aNULL:!LOW:!RC4:@STRENGTH)
[2021.10.22-17.21.19:384][502]LogHttp: Warning: 000001C8F038AB00: libcurl info message cache 6 (TLSv1.3 (OUT), TLS handshake, Client hello (1):)
[2021.10.22-17.21.19:384][502]LogHttp: Warning: 000001C8F038AB00: libcurl info message cache 7 (OpenSSL SSL_connect: SSL_ERROR_SYSCALL in connection to datarouter.ol.epicgames.com:443 )
[2021.10.22-17.21.19:384][502]LogHttp: Warning: 000001C8F038AB00: libcurl info message cache 8 (Closing connection 1)
[2021.10.22-17.21.19:384][502]LogHttp: Warning: Retry exhausted on https://datarouter.ol.epicgames.com/datarouter/api/v1/public/data?SessionID=%7BCA31403C-4D88-E83C-ACDB-5CA36A4AFFD2%7D&AppID=UEEditor.Rocket.Release&AppVersion=4.25.4-14469661%2B%2B%2BUE4%2BRelease-4.25&UserID=7ec4013d43cec817d55770a2c16903b2%7C08d24886948a425d8875ad75598cd873%7C50f05884-b7a0-4aa3-b88a-6a6cb5f9f875&AppEnvironment=datacollector-source&UploadType=eteventstream
[2021.10.22-17.23.19:959][861]LogHttp: Warning: 000001C8F038A400: invalid HTTP response code received. URL: https://datarouter.ol.epicgames.com/datarouter/api/v1/public/data?SessionID=%7BCA31403C-4D88-E83C-ACDB-5CA36A4AFFD2%7D&AppID=UEEditor.Rocket.Release&AppVersion=4.25.4-14469661%2B%2B%2BUE4%2BRelease-4.25&UserID=7ec4013d43cec817d55770a2c16903b2%7C08d24886948a425d8875ad75598cd873%7C50f05884-b7a0-4aa3-b88a-6a6cb5f9f875&AppEnvironment=datacollector-source&UploadType=eteventstream, HTTP code: 0, content length: 0, actual payload size: 0
[2021.10.22-17.23.19:959][861]LogHttp: Warning: 000001C8F038A400: request failed, libcurl error: 35 (SSL connect error)
[2021.10.22-17.23.19:959][861]LogHttp: Warning: 000001C8F038A400: libcurl info message cache 0 (Hostname in DNS cache was stale, zapped)
[2021.10.22-17.23.19:959][861]LogHttp: Warning: 000001C8F038A400: libcurl info message cache 1 (  Trying 3.211.126.10...)
[2021.10.22-17.23.19:960][861]LogHttp: Warning: 000001C8F038A400: libcurl info message cache 2 (TCP_NODELAY set)
[2021.10.22-17.23.19:960][861]LogHttp: Warning: 000001C8F038A400: libcurl info message cache 3 (Connected to datarouter.ol.epicgames.com (3.211.126.10) port 443 (#2))
[2021.10.22-17.23.19:960][861]LogHttp: Warning: 000001C8F038A400: libcurl info message cache 4 (ALPN, offering http/1.1)
[2021.10.22-17.23.19:961][861]LogHttp: Warning: 000001C8F038A400: libcurl info message cache 5 (Cipher selection: ALL:!EXPORT:!EXPORT40:!EXPORT56:!aNULL:!LOW:!RC4:@STRENGTH)
[2021.10.22-17.23.19:961][861]LogHttp: Warning: 000001C8F038A400: libcurl info message cache 6 (TLSv1.3 (OUT), TLS handshake, Client hello (1):)
[2021.10.22-17.23.19:961][861]LogHttp: Warning: 000001C8F038A400: libcurl info message cache 7 (OpenSSL SSL_connect: SSL_ERROR_SYSCALL in connection to datarouter.ol.epicgames.com:443 )
[2021.10.22-17.23.19:961][861]LogHttp: Warning: 000001C8F038A400: libcurl info message cache 8 (Closing connection 2)
[2021.10.22-17.23.20:292][862]LogHttp: Warning: Retry exhausted on https://datarouter.ol.epicgames.com/datarouter/api/v1/public/data?SessionID=%7BCA31403C-4D88-E83C-ACDB-5CA36A4AFFD2%7D&AppID=UEEditor.Rocket.Release&AppVersion=4.25.4-14469661%2B%2B%2BUE4%2BRelease-4.25&UserID=7ec4013d43cec817d55770a2c16903b2%7C08d24886948a425d8875ad75598cd873%7C50f05884-b7a0-4aa3-b88a-6a6cb5f9f875&AppEnvironment=datacollector-source&UploadType=eteventstream
[2021.10.22-17.25.20:716][221]LogHttp: Warning: 000001C8F038A400: invalid HTTP response code received. URL: https://datarouter.ol.epicgames.com/datarouter/api/v1/public/data?SessionID=%7BCA31403C-4D88-E83C-ACDB-5CA36A4AFFD2%7D&AppID=UEEditor.Rocket.Release&AppVersion=4.25.4-14469661%2B%2B%2BUE4%2BRelease-4.25&UserID=7ec4013d43cec817d55770a2c16903b2%7C08d24886948a425d8875ad75598cd873%7C50f05884-b7a0-4aa3-b88a-6a6cb5f9f875&AppEnvironment=datacollector-source&UploadType=eteventstream, HTTP code: 0, content length: 0, actual payload size: 0
[2021.10.22-17.25.20:716][221]LogHttp: Warning: 000001C8F038A400: request failed, libcurl error: 35 (SSL connect error)
[2021.10.22-17.25.20:716][221]LogHttp: Warning: 000001C8F038A400: libcurl info message cache 0 (Hostname in DNS cache was stale, zapped)
[2021.10.22-17.25.20:716][221]LogHttp: Warning: 000001C8F038A400: libcurl info message cache 1 (  Trying 18.211.100.150...)
[2021.10.22-17.25.20:716][221]LogHttp: Warning: 000001C8F038A400: libcurl info message cache 2 (TCP_NODELAY set)
[2021.10.22-17.25.20:716][221]LogHttp: Warning: 000001C8F038A400: libcurl info message cache 3 (Connected to datarouter.ol.epicgames.com (18.211.100.150) port 443 (#3))
[2021.10.22-17.25.20:716][221]LogHttp: Warning: 000001C8F038A400: libcurl info message cache 4 (ALPN, offering http/1.1)
[2021.10.22-17.25.20:716][221]LogHttp: Warning: 000001C8F038A400: libcurl info message cache 5 (Cipher selection: ALL:!EXPORT:!EXPORT40:!EXPORT56:!aNULL:!LOW:!RC4:@STRENGTH)
[2021.10.22-17.25.20:716][221]LogHttp: Warning: 000001C8F038A400: libcurl info message cache 6 (TLSv1.3 (OUT), TLS handshake, Client hello (1):)
[2021.10.22-17.25.20:716][221]LogHttp: Warning: 000001C8F038A400: libcurl info message cache 7 (OpenSSL SSL_connect: SSL_ERROR_SYSCALL in connection to datarouter.ol.epicgames.com:443 )
[2021.10.22-17.25.20:716][221]LogHttp: Warning: 000001C8F038A400: libcurl info message cache 8 (Closing connection 3)
[2021.10.22-17.25.21:048][222]LogHttp: Warning: Retry exhausted on https://datarouter.ol.epicgames.com/datarouter/api/v1/public/data?SessionID=%7BCA31403C-4D88-E83C-ACDB-5CA36A4AFFD2%7D&AppID=UEEditor.Rocket.Release&AppVersion=4.25.4-14469661%2B%2B%2BUE4%2BRelease-4.25&UserID=7ec4013d43cec817d55770a2c16903b2%7C08d24886948a425d8875ad75598cd873%7C50f05884-b7a0-4aa3-b88a-6a6cb5f9f875&AppEnvironment=datacollector-source&UploadType=eteventstream
