Log file open, 02/17/22 00:12:26
LogInit: Display: Running engine for game: NASA
LogPlatformFile: Not using cached read wrapper
LogTaskGraph: Started task graph with 5 named threads and 35 total threads with 3 sets of task threads.
LogStats: Stats thread started at 0.141068
LogD3D11RHI: Loaded GFSDK_Aftermath_Lib.x64.dll
LogICUInternationalization: ICU TimeZone Detection - Raw Offset: -5:00, Platform Override: ''
LogPluginManager: Mounting plugin Paper2D
LogPluginManager: Mounting plugin AISupport
LogPluginManager: Mounting plugin LightPropagationVolume
LogPluginManager: Mounting plugin CameraShakePreviewer
LogPluginManager: Mounting plugin ActorLayerUtilities
LogPluginManager: Mounting plugin AnimationSharing
LogPluginManager: Mounting plugin CLionSourceCodeAccess
LogPluginManager: Mounting plugin CodeLiteSourceCodeAccess
LogPluginManager: Mounting plugin ConcertMain
LogPluginManager: Mounting plugin ConcertSyncClient
LogPluginManager: Mounting plugin ConcertSyncCore
LogPluginManager: Mounting plugin MultiUserClient
LogPluginManager: Mounting plugin GitSourceControl
LogPluginManager: Mounting plugin KDevelopSourceCodeAccess
LogPluginManager: Mounting plugin NullSourceCodeAccess
LogPluginManager: Mounting plugin PerforceSourceControl
LogPluginManager: Mounting plugin PlasticSourceControl
LogPluginManager: Mounting plugin RiderSourceCodeAccess
LogPluginManager: Mounting plugin SubversionSourceControl
LogPluginManager: Mounting plugin UObjectPlugin
LogPluginManager: Mounting plugin VisualStudioCodeSourceCodeAccess
LogPluginManager: Mounting plugin VisualStudioSourceCodeAccess
LogPluginManager: Mounting plugin XCodeSourceCodeAccess
LogPluginManager: Mounting plugin AssetManagerEditor
LogPluginManager: Mounting plugin CryptoKeys
LogPluginManager: Mounting plugin CurveEditorTools
LogPluginManager: Mounting plugin DataValidation
LogPluginManager: Mounting plugin EditorScriptingUtilities
LogPluginManager: Mounting plugin FacialAnimation
LogPluginManager: Mounting plugin GameplayTagsEditor
LogPluginManager: Mounting plugin GeometryMode
LogPluginManager: Mounting plugin MacGraphicsSwitching
LogPluginManager: Mounting plugin MaterialAnalyzer
LogPluginManager: Mounting plugin MobileLauncherProfileWizard
LogPluginManager: Mounting plugin PluginBrowser
LogPluginManager: Mounting plugin SpeedTreeImporter
LogPluginManager: Mounting plugin DatasmithContent
LogPluginManager: Mounting plugin VariantManagerContent
LogPluginManager: Mounting plugin AlembicImporter
LogPluginManager: Mounting plugin AutomationUtils
LogPluginManager: Mounting plugin BackChannel
LogPluginManager: Mounting plugin ChaosCloth
LogPluginManager: Mounting plugin ChaosClothEditor
LogPluginManager: Mounting plugin ChaosEditor
LogPluginManager: Mounting plugin ChaosNiagara
LogPluginManager: Mounting plugin ChaosSolverPlugin
LogPluginManager: Mounting plugin CharacterAI
LogPluginManager: Mounting plugin GeometryCache
LogPluginManager: Mounting plugin GeometryCollectionPlugin
LogPluginManager: Mounting plugin GeometryProcessing
LogPluginManager: Mounting plugin PlanarCut
LogPluginManager: Mounting plugin PlatformCrypto
LogPluginManager: Mounting plugin ProxyLODPlugin
LogPluginManager: Mounting plugin SkeletalReduction
LogPluginManager: Mounting plugin Niagara
LogPluginManager: Mounting plugin MagicLeap
LogPluginManager: Mounting plugin MagicLeapLightEstimation
LogPluginManager: Mounting plugin MagicLeapMedia
LogPluginManager: Mounting plugin MagicLeapPassableWorld
LogPluginManager: Mounting plugin MLSDK
LogPluginManager: Mounting plugin AndroidMedia
LogPluginManager: Mounting plugin AvfMedia
LogPluginManager: Mounting plugin ImgMedia
LogPluginManager: Mounting plugin MediaCompositing
LogPluginManager: Mounting plugin MediaPlayerEditor
LogPluginManager: Mounting plugin WebMMedia
LogPluginManager: Mounting plugin WmfMedia
LogPluginManager: Mounting plugin MeshPainting
LogPluginManager: Mounting plugin TcpMessaging
LogPluginManager: Mounting plugin UdpMessaging
LogPluginManager: Mounting plugin ActorSequence
LogPluginManager: Mounting plugin LevelSequenceEditor
LogPluginManager: Mounting plugin MatineeToLevelSequence
LogPluginManager: Mounting plugin MovieRenderPipeline
LogPluginManager: Mounting plugin TemplateSequence
LogPluginManager: Mounting plugin NetcodeUnitTest
LogPluginManager: Mounting plugin NUTUnrealEngine4
LogPluginManager: Mounting plugin OnlineSubsystemGooglePlay
LogPluginManager: Mounting plugin OnlineSubsystemIOS
LogPluginManager: Mounting plugin OnlineSubsystem
LogPluginManager: Mounting plugin OnlineSubsystemNull
LogPluginManager: Mounting plugin OnlineSubsystemUtils
LogPluginManager: Mounting plugin LauncherChunkInstaller
LogPluginManager: Mounting plugin AndroidDeviceProfileSelector
LogPluginManager: Mounting plugin AndroidMoviePlayer
LogPluginManager: Mounting plugin AndroidPermission
LogPluginManager: Mounting plugin ApexDestruction
LogPluginManager: Mounting plugin AppleImageUtils
LogPluginManager: Mounting plugin AppleMoviePlayer
LogPluginManager: Mounting plugin ArchVisCharacter
LogPluginManager: Mounting plugin AssetTags
LogPluginManager: Mounting plugin AudioCapture
LogPluginManager: Mounting plugin CableComponent
LogPluginManager: Mounting plugin CustomMeshComponent
LogPluginManager: Mounting plugin SQLiteCore
LogPluginManager: Mounting plugin EditableMesh
LogPluginManager: Mounting plugin ExampleDeviceProfileSelector
LogPluginManager: Mounting plugin GoogleCloudMessaging
LogPluginManager: Mounting plugin GooglePAD
LogPluginManager: Mounting plugin IOSDeviceProfileSelector
LogPluginManager: Mounting plugin LinuxDeviceProfileSelector
LogPluginManager: Mounting plugin LocationServicesBPLibrary
LogPluginManager: Mounting plugin MobilePatchingUtils
LogPluginManager: Mounting plugin OculusVR
LogPluginManager: Mounting plugin PhysXVehicles
LogPluginManager: Mounting plugin PostSplashScreen
LogPluginManager: Mounting plugin ProceduralMeshComponent
LogPluginManager: Mounting plugin RuntimePhysXCooking
LogPluginManager: Mounting plugin SignificanceManager
LogPluginManager: Mounting plugin SoundFields
LogPluginManager: Mounting plugin SteamVR
LogPluginManager: Mounting plugin Synthesis
LogPluginManager: Mounting plugin WebMMoviePlayer
LogPluginManager: Mounting plugin WindowsMoviePlayer
LogPluginManager: Mounting plugin ScreenshotTools
LogInit: Using libcurl 7.55.1-DEV
LogInit:  - built for x86_64-pc-win32
LogInit:  - supports SSL with OpenSSL/1.1.1
LogInit:  - supports HTTP deflate (compression) using libz 1.2.8
LogInit:  - other features:
LogInit:      CURL_VERSION_SSL
LogInit:      CURL_VERSION_LIBZ
LogInit:      CURL_VERSION_IPV6
LogInit:      CURL_VERSION_ASYNCHDNS
LogInit:      CURL_VERSION_LARGEFILE
LogInit:      CURL_VERSION_IDN
LogInit:  CurlRequestOptions (configurable via config and command line):
LogInit:  - bVerifyPeer = true  - Libcurl will verify peer certificate
LogInit:  - bUseHttpProxy = false  - Libcurl will NOT use HTTP proxy
LogInit:  - bDontReuseConnections = false  - Libcurl will reuse connections
LogInit:  - MaxHostConnections = 16  - Libcurl will limit the number of connections to a host
LogInit:  - LocalHostAddr = Default
LogInit:  - BufferSize = 65536
LogOnline: OSS: Creating online subsystem instance for: NULL
LogInit: WinSock: version 1.1 (2.2), MaxSocks=32767, MaxUdp=65467
LogOnline: OSS: TryLoadSubsystemAndSetDefault: Loaded subsystem for module [NULL]
LogOculusPluginWrapper: OculusPlugin initialized successfully
LogHMD: Failed initializing OVRPlugin 1.44.0
LogInit: Build: ++UE4+Release-4.25-CL-14469661
LogInit: Engine Version: 4.25.4-14469661+++UE4+Release-4.25
LogInit: Compatible Engine Version: 4.25.0-13144385+++UE4+Release-4.25
LogInit: Net CL: 13144385
LogInit: OS: Windows 10 (Release 2009) (), CPU: AMD Ryzen 5 5600X 6-Core Processor             , GPU: NVIDIA GeForce RTX 3060
LogInit: Compiled (64-bit): Oct 11 2020 08:10:49
LogInit: Compiled with Visual C++: 19.24.28315.00
LogInit: Build Configuration: Development
LogInit: Branch Name: ++UE4+Release-4.25
LogInit: Command Line: 
LogInit: Base Directory: C:/Program Files/Epic Games/UE_4.25/Engine/Binaries/Win64/
LogInit: Allocator: TBB
LogInit: Installed Engine Build: 1
LogDevObjectVersion: Number of dev versions registered: 26
LogDevObjectVersion:   Dev-Blueprints (B0D832E4-1F89-4F0D-ACCF-7EB736FD4AA2): 10
LogDevObjectVersion:   Dev-Build (E1C64328-A22C-4D53-A36C-8E866417BD8C): 0
LogDevObjectVersion:   Dev-Core (375EC13C-06E4-48FB-B500-84F0262A717E): 4
LogDevObjectVersion:   Dev-Editor (E4B068ED-F494-42E9-A231-DA0B2E46BB41): 38
LogDevObjectVersion:   Dev-Framework (CFFC743F-43B0-4480-9391-14DF171D2073): 37
LogDevObjectVersion:   Dev-Mobile (B02B49B5-BB20-44E9-A304-32B752E40360): 2
LogDevObjectVersion:   Dev-Networking (A4E4105C-59A1-49B5-A7C5-40C4547EDFEE): 0
LogDevObjectVersion:   Dev-Online (39C831C9-5AE6-47DC-9A44-9C173E1C8E7C): 0
LogDevObjectVersion:   Dev-Physics (78F01B33-EBEA-4F98-B9B4-84EACCB95AA2): 4
LogDevObjectVersion:   Dev-Platform (6631380F-2D4D-43E0-8009-CF276956A95A): 0
LogDevObjectVersion:   Dev-Rendering (12F88B9F-8875-4AFC-A67C-D90C383ABD29): 43
LogDevObjectVersion:   Dev-Sequencer (7B5AE74C-D270-4C10-A958-57980B212A5A): 12
LogDevObjectVersion:   Dev-VR (D7296918-1DD6-4BDD-9DE2-64A83CC13884): 3
LogDevObjectVersion:   Dev-LoadTimes (C2A15278-BFE7-4AFE-6C17-90FF531DF755): 1
LogDevObjectVersion:   Private-Geometry (6EACA3D4-40EC-4CC1-B786-8BED09428FC5): 3
LogDevObjectVersion:   Dev-AnimPhys (29E575DD-E0A3-4627-9D10-D276232CDCEA): 17
LogDevObjectVersion:   Dev-Anim (AF43A65D-7FD3-4947-9873-3E8ED9C1BB05): 7
LogDevObjectVersion:   Dev-ReflectionCapture (6B266CEC-1EC7-4B8F-A30B-E4D90942FC07): 1
LogDevObjectVersion:   Dev-Automation (0DF73D61-A23F-47EA-B727-89E90C41499A): 1
LogDevObjectVersion:   FortniteMain (601D1886-AC64-4F84-AA16-D3DE0DEAC7D6): 31
LogDevObjectVersion:   Dev-Enterprise (9DFFBCD6-494F-0158-E221-12823C92A888): 10
LogDevObjectVersion:   Dev-Niagara (F2AED0AC-9AFE-416F-8664-AA7FFA26D6FC): 1
LogDevObjectVersion:   Dev-Destruction (174F1F0B-B4C6-45A5-B13F-2EE8D0FB917D): 10
LogDevObjectVersion:   Dev-Physics-Ext (35F94A83-E258-406C-A318-09F59610247C): 37
LogDevObjectVersion:   Dev-PhysicsMaterial-Chaos (B68FC16E-8B1B-42E2-B453-215C058844FE): 1
LogDevObjectVersion:   Dev-CineCamera (B2E18506-4273-CFC2-A54E-F4BB758BBA07): 1
LogInit: Presizing for max 25165824 objects, including 0 objects not considered by GC, pre-allocating 0 bytes for permanent pool.
LogConfig: Applying CVar settings from Section [/Script/Engine.StreamingSettings] File [C:/Users/Jayden/OneDrive/Documents/GitHub/NASA/NASA_Project_1/Saved/Config/Windows/Engine.ini]
LogConfig: Setting CVar [[s.MinBulkDataSizeForAsyncLoading:131072]]
LogConfig: Setting CVar [[s.AsyncLoadingThreadEnabled:0]]
LogConfig: Setting CVar [[s.EventDrivenLoaderEnabled:1]]
LogConfig: Setting CVar [[s.WarnIfTimeLimitExceeded:0]]
LogConfig: Setting CVar [[s.TimeLimitExceededMultiplier:1.5]]
LogConfig: Setting CVar [[s.TimeLimitExceededMinTime:0.005]]
LogConfig: Setting CVar [[s.UseBackgroundLevelStreaming:1]]
LogConfig: Setting CVar [[s.PriorityAsyncLoadingExtraTime:15.0]]
LogConfig: Setting CVar [[s.LevelStreamingActorsUpdateTimeLimit:5.0]]
LogConfig: Setting CVar [[s.PriorityLevelStreamingActorsUpdateExtraTime:5.0]]
LogConfig: Setting CVar [[s.LevelStreamingComponentsRegistrationGranularity:10]]
LogConfig: Setting CVar [[s.UnregisterComponentsTimeLimit:1.0]]
LogConfig: Setting CVar [[s.LevelStreamingComponentsUnregistrationGranularity:5]]
LogConfig: Setting CVar [[s.FlushStreamingOnExit:1]]
LogInit: Object subsystem initialized
LogConfig: Setting CVar [[con.DebugEarlyDefault:1]]
LogConfig: Setting CVar [[r.setres:1280x720]]
[2022.02.17-05.12.26:779][  0]LogConfig: Setting CVar [[r.VSync:0]]
[2022.02.17-05.12.26:779][  0]LogConfig: Setting CVar [[r.RHICmdBypass:0]]
[2022.02.17-05.12.26:779][  0]LogConfig: Applying CVar settings from Section [/Script/Engine.RendererSettings] File [C:/Users/Jayden/OneDrive/Documents/GitHub/NASA/NASA_Project_1/Saved/Config/Windows/Engine.ini]
[2022.02.17-05.12.26:779][  0]LogConfig: Setting CVar [[r.GPUCrashDebugging:0]]
[2022.02.17-05.12.26:779][  0]LogConfig: Setting CVar [[r.Mobile.DisableVertexFog:1]]
[2022.02.17-05.12.26:779][  0]LogConfig: Setting CVar [[r.Shadow.CSM.MaxMobileCascades:2]]
[2022.02.17-05.12.26:779][  0]LogConfig: Setting CVar [[r.MobileMSAA:1]]
[2022.02.17-05.12.26:779][  0]LogConfig: Setting CVar [[r.Mobile.UseLegacyShadingModel:0]]
[2022.02.17-05.12.26:779][  0]LogConfig: Setting CVar [[r.Mobile.AllowDitheredLODTransition:0]]
[2022.02.17-05.12.26:779][  0]LogConfig: Setting CVar [[r.Mobile.AllowSoftwareOcclusion:0]]
[2022.02.17-05.12.26:779][  0]LogConfig: Setting CVar [[r.Mobile.VirtualTextures:0]]
[2022.02.17-05.12.26:779][  0]LogConfig: Setting CVar [[r.DiscardUnusedQuality:0]]
[2022.02.17-05.12.26:779][  0]LogConfig: Setting CVar [[r.AllowOcclusionQueries:1]]
[2022.02.17-05.12.26:779][  0]LogConfig: Setting CVar [[r.MinScreenRadiusForLights:0.030000]]
[2022.02.17-05.12.26:779][  0]LogConfig: Setting CVar [[r.MinScreenRadiusForDepthPrepass:0.030000]]
[2022.02.17-05.12.26:779][  0]LogConfig: Setting CVar [[r.MinScreenRadiusForCSMDepth:0.010000]]
[2022.02.17-05.12.26:779][  0]LogConfig: Setting CVar [[r.PrecomputedVisibilityWarning:0]]
[2022.02.17-05.12.26:779][  0]LogConfig: Setting CVar [[r.TextureStreaming:1]]
[2022.02.17-05.12.26:779][  0]LogConfig: Setting CVar [[Compat.UseDXT5NormalMaps:0]]
[2022.02.17-05.12.26:779][  0]LogConfig: Setting CVar [[r.VirtualTextures:0]]
[2022.02.17-05.12.26:779][  0]LogConfig: Setting CVar [[r.VirtualTexturedLightmaps:0]]
[2022.02.17-05.12.26:779][  0]LogConfig: Setting CVar [[r.VT.TileSize:128]]
[2022.02.17-05.12.26:779][  0]LogConfig: Setting CVar [[r.VT.TileBorderSize:4]]
[2022.02.17-05.12.26:779][  0]LogConfig: Setting CVar [[r.vt.FeedbackFactor:16]]
[2022.02.17-05.12.26:779][  0]LogConfig: Setting CVar [[r.VT.EnableCompressZlib:1]]
[2022.02.17-05.12.26:779][  0]LogConfig: Setting CVar [[r.VT.EnableCompressCrunch:0]]
[2022.02.17-05.12.26:779][  0]LogConfig: Setting CVar [[r.ClearCoatNormal:0]]
[2022.02.17-05.12.26:779][  0]LogConfig: Setting CVar [[r.AnisotropicBRDF:0]]
[2022.02.17-05.12.26:779][  0]LogConfig: Setting CVar [[r.ReflectionCaptureResolution:128]]
[2022.02.17-05.12.26:779][  0]LogConfig: Setting CVar [[r.ReflectionEnvironmentLightmapMixBasedOnRoughness:1]]
[2022.02.17-05.12.26:779][  0]LogConfig: Setting CVar [[r.ForwardShading:0]]
[2022.02.17-05.12.26:779][  0]LogConfig: Setting CVar [[r.VertexFoggingForOpaque:1]]
[2022.02.17-05.12.26:779][  0]LogConfig: Setting CVar [[r.AllowStaticLighting:1]]
[2022.02.17-05.12.26:779][  0]LogConfig: Setting CVar [[r.NormalMapsForStaticLighting:0]]
[2022.02.17-05.12.26:779][  0]LogConfig: Setting CVar [[r.GenerateMeshDistanceFields:0]]
[2022.02.17-05.12.26:779][  0]LogConfig: Setting CVar [[r.DistanceFieldBuild.EightBit:0]]
[2022.02.17-05.12.26:779][  0]LogConfig: Setting CVar [[r.GenerateLandscapeGIData:0]]
[2022.02.17-05.12.26:779][  0]LogConfig: Setting CVar [[r.DistanceFieldBuild.Compress:0]]
[2022.02.17-05.12.26:779][  0]LogConfig: Setting CVar [[r.TessellationAdaptivePixelsPerTriangle:48.000000]]
[2022.02.17-05.12.26:779][  0]LogConfig: Setting CVar [[r.SeparateTranslucency:1]]
[2022.02.17-05.12.26:779][  0]LogConfig: Setting CVar [[r.TranslucentSortPolicy:0]]
[2022.02.17-05.12.26:779][  0]LogConfig: Setting CVar [[r.CustomDepth:1]]
[2022.02.17-05.12.26:779][  0]LogConfig: Setting CVar [[r.CustomDepthTemporalAAJitter:1]]
[2022.02.17-05.12.26:780][  0]LogConfig: Setting CVar [[r.PostProcessing.PropagateAlpha:0]]
[2022.02.17-05.12.26:780][  0]LogConfig: Setting CVar [[r.DefaultFeature.Bloom:1]]
[2022.02.17-05.12.26:780][  0]LogConfig: Setting CVar [[r.DefaultFeature.AmbientOcclusion:1]]
[2022.02.17-05.12.26:780][  0]LogConfig: Setting CVar [[r.DefaultFeature.AmbientOcclusionStaticFraction:1]]
[2022.02.17-05.12.26:780][  0]LogConfig: Setting CVar [[r.DefaultFeature.AutoExposure:0]]
[2022.02.17-05.12.26:780][  0]LogConfig: Setting CVar [[r.DefaultFeature.AutoExposure.Method:0]]
[2022.02.17-05.12.26:780][  0]LogConfig: Setting CVar [[r.DefaultFeature.AutoExposure.Bias:1.000000]]
[2022.02.17-05.12.26:780][  0]LogConfig: Setting CVar [[r.DefaultFeature.AutoExposure.ExtendDefaultLuminanceRange:0]]
[2022.02.17-05.12.26:780][  0]LogConfig: Setting CVar [[r.UsePreExposure:1]]
[2022.02.17-05.12.26:780][  0]LogConfig: Setting CVar [[r.EyeAdaptation.EditorOnly:0]]
[2022.02.17-05.12.26:780][  0]LogConfig: Setting CVar [[r.DefaultFeature.MotionBlur:0]]
[2022.02.17-05.12.26:780][  0]LogConfig: Setting CVar [[r.DefaultFeature.LensFlare:0]]
[2022.02.17-05.12.26:780][  0]LogConfig: Setting CVar [[r.TemporalAA.Upsampling:0]]
[2022.02.17-05.12.26:780][  0]LogConfig: Setting CVar [[r.SSGI.Enable:0]]
[2022.02.17-05.12.26:780][  0]LogConfig: Setting CVar [[r.DefaultFeature.AntiAliasing:0]]
[2022.02.17-05.12.26:780][  0]LogConfig: Setting CVar [[r.DefaultFeature.LightUnits:1]]
[2022.02.17-05.12.26:780][  0]LogConfig: Setting CVar [[r.DefaultBackBufferPixelFormat:4]]
[2022.02.17-05.12.26:780][  0]LogConfig: Setting CVar [[r.Shadow.UnbuiltPreviewInGame:1]]
[2022.02.17-05.12.26:780][  0]LogConfig: Setting CVar [[r.StencilForLODDither:0]]
[2022.02.17-05.12.26:780][  0]LogConfig: Setting CVar [[r.EarlyZPass:3]]
[2022.02.17-05.12.26:780][  0]LogConfig: Setting CVar [[r.EarlyZPassOnlyMaterialMasking:0]]
[2022.02.17-05.12.26:780][  0]LogConfig: Setting CVar [[r.DBuffer:1]]
[2022.02.17-05.12.26:780][  0]LogConfig: Setting CVar [[r.ClearSceneMethod:1]]
[2022.02.17-05.12.26:780][  0]LogConfig: Setting CVar [[r.BasePassOutputsVelocity:0]]
[2022.02.17-05.12.26:780][  0]LogConfig: Setting CVar [[r.VertexDeformationOutputsVelocity:0]]
[2022.02.17-05.12.26:780][  0]LogConfig: Setting CVar [[r.SelectiveBasePassOutputs:0]]
[2022.02.17-05.12.26:780][  0]LogConfig: Setting CVar [[fx.GPUSimulationTextureSizeX:1024]]
[2022.02.17-05.12.26:780][  0]LogConfig: Setting CVar [[fx.GPUSimulationTextureSizeY:1024]]
[2022.02.17-05.12.26:780][  0]LogConfig: Setting CVar [[r.AllowGlobalClipPlane:0]]
[2022.02.17-05.12.26:780][  0]LogConfig: Setting CVar [[r.GBufferFormat:1]]
[2022.02.17-05.12.26:780][  0]LogConfig: Setting CVar [[r.MorphTarget.Mode:1]]
[2022.02.17-05.12.26:780][  0]LogConfig: Setting CVar [[vr.InstancedStereo:0]]
[2022.02.17-05.12.26:780][  0]LogConfig: Setting CVar [[r.MobileHDR:1]]
[2022.02.17-05.12.26:780][  0]LogConfig: Setting CVar [[vr.MobileMultiView:0]]
[2022.02.17-05.12.26:780][  0]LogConfig: Setting CVar [[r.Mobile.UseHWsRGBEncoding:0]]
[2022.02.17-05.12.26:780][  0]LogConfig: Setting CVar [[vr.RoundRobinOcclusion:0]]
[2022.02.17-05.12.26:780][  0]LogConfig: Setting CVar [[vr.ODSCapture:0]]
[2022.02.17-05.12.26:780][  0]LogConfig: Setting CVar [[r.MeshStreaming:0]]
[2022.02.17-05.12.26:780][  0]LogConfig: Setting CVar [[r.WireframeCullThreshold:5.000000]]
[2022.02.17-05.12.26:780][  0]LogConfig: Setting CVar [[r.RayTracing:0]]
[2022.02.17-05.12.26:780][  0]LogConfig: Setting CVar [[r.RayTracing.UseTextureLod:0]]
[2022.02.17-05.12.26:780][  0]LogConfig: Setting CVar [[r.SupportStationarySkylight:1]]
[2022.02.17-05.12.26:780][  0]LogConfig: Setting CVar [[r.SupportLowQualityLightmaps:1]]
[2022.02.17-05.12.26:780][  0]LogConfig: Setting CVar [[r.SupportPointLightWholeSceneShadows:1]]
[2022.02.17-05.12.26:780][  0]LogConfig: Setting CVar [[r.SupportAtmosphericFog:1]]
[2022.02.17-05.12.26:780][  0]LogConfig: Setting CVar [[r.SupportSkyAtmosphere:1]]
[2022.02.17-05.12.26:780][  0]LogConfig: Setting CVar [[r.SupportSkyAtmosphereAffectsHeightFog:0]]
[2022.02.17-05.12.26:780][  0]LogConfig: Setting CVar [[r.SkinCache.CompileShaders:0]]
[2022.02.17-05.12.26:780][  0]LogConfig: Setting CVar [[r.SkinCache.DefaultBehavior:1]]
[2022.02.17-05.12.26:780][  0]LogConfig: Setting CVar [[r.SkinCache.SceneMemoryLimitInMB:128.000000]]
[2022.02.17-05.12.26:780][  0]LogConfig: Setting CVar [[r.Mobile.EnableStaticAndCSMShadowReceivers:1]]
[2022.02.17-05.12.26:780][  0]LogConfig: Setting CVar [[r.Mobile.EnableMovableLightCSMShaderCulling:1]]
[2022.02.17-05.12.26:780][  0]LogConfig: Setting CVar [[r.Mobile.AllowDistanceFieldShadows:1]]
[2022.02.17-05.12.26:780][  0]LogConfig: Setting CVar [[r.Mobile.AllowMovableDirectionalLights:1]]
[2022.02.17-05.12.26:780][  0]LogConfig: Setting CVar [[r.MobileNumDynamicPointLights:4]]
[2022.02.17-05.12.26:780][  0]LogConfig: Setting CVar [[r.MobileDynamicPointLightsUseStaticBranch:1]]
[2022.02.17-05.12.26:780][  0]LogConfig: Setting CVar [[r.Mobile.EnableMovableSpotlights:0]]
[2022.02.17-05.12.26:780][  0]LogConfig: Setting CVar [[r.GPUSkin.Support16BitBoneIndex:0]]
[2022.02.17-05.12.26:780][  0]LogConfig: Setting CVar [[r.GPUSkin.Limit2BoneInfluences:0]]
[2022.02.17-05.12.26:780][  0]LogConfig: Setting CVar [[r.SupportDepthOnlyIndexBuffers:1]]
[2022.02.17-05.12.26:780][  0]LogConfig: Setting CVar [[r.SupportReversedIndexBuffers:1]]
[2022.02.17-05.12.26:780][  0]LogConfig: Setting CVar [[r.SupportMaterialLayers:0]]
[2022.02.17-05.12.26:780][  0]LogConfig: Setting CVar [[r.LightPropagationVolume:0]]
[2022.02.17-05.12.26:780][  0]LogConfig: Applying CVar settings from Section [/Script/Engine.RendererOverrideSettings] File [C:/Users/Jayden/OneDrive/Documents/GitHub/NASA/NASA_Project_1/Saved/Config/Windows/Engine.ini]
[2022.02.17-05.12.26:780][  0]LogConfig: Applying CVar settings from Section [/Script/Engine.StreamingSettings] File [C:/Users/Jayden/OneDrive/Documents/GitHub/NASA/NASA_Project_1/Saved/Config/Windows/Engine.ini]
[2022.02.17-05.12.26:780][  0]LogConfig: Setting CVar [[s.MinBulkDataSizeForAsyncLoading:131072]]
[2022.02.17-05.12.26:780][  0]LogConfig: Setting CVar [[s.AsyncLoadingThreadEnabled:0]]
[2022.02.17-05.12.26:780][  0]LogConfig: Setting CVar [[s.EventDrivenLoaderEnabled:1]]
[2022.02.17-05.12.26:780][  0]LogConfig: Setting CVar [[s.WarnIfTimeLimitExceeded:0]]
[2022.02.17-05.12.26:780][  0]LogConfig: Setting CVar [[s.TimeLimitExceededMultiplier:1.5]]
[2022.02.17-05.12.26:780][  0]LogConfig: Setting CVar [[s.TimeLimitExceededMinTime:0.005]]
[2022.02.17-05.12.26:780][  0]LogConfig: Setting CVar [[s.UseBackgroundLevelStreaming:1]]
[2022.02.17-05.12.26:780][  0]LogConfig: Setting CVar [[s.PriorityAsyncLoadingExtraTime:15.0]]
[2022.02.17-05.12.26:780][  0]LogConfig: Setting CVar [[s.LevelStreamingActorsUpdateTimeLimit:5.0]]
[2022.02.17-05.12.26:780][  0]LogConfig: Setting CVar [[s.PriorityLevelStreamingActorsUpdateExtraTime:5.0]]
[2022.02.17-05.12.26:780][  0]LogConfig: Setting CVar [[s.LevelStreamingComponentsRegistrationGranularity:10]]
[2022.02.17-05.12.26:780][  0]LogConfig: Setting CVar [[s.UnregisterComponentsTimeLimit:1.0]]
[2022.02.17-05.12.26:780][  0]LogConfig: Setting CVar [[s.LevelStreamingComponentsUnregistrationGranularity:5]]
[2022.02.17-05.12.26:780][  0]LogConfig: Setting CVar [[s.FlushStreamingOnExit:1]]
[2022.02.17-05.12.26:780][  0]LogConfig: Applying CVar settings from Section [/Script/Engine.GarbageCollectionSettings] File [C:/Users/Jayden/OneDrive/Documents/GitHub/NASA/NASA_Project_1/Saved/Config/Windows/Engine.ini]
[2022.02.17-05.12.26:780][  0]LogConfig: Setting CVar [[gc.MaxObjectsNotConsideredByGC:1]]
[2022.02.17-05.12.26:780][  0]LogConfig: Setting CVar [[gc.SizeOfPermanentObjectPool:0]]
[2022.02.17-05.12.26:780][  0]LogConfig: Setting CVar [[gc.FlushStreamingOnGC:0]]
[2022.02.17-05.12.26:780][  0]LogConfig: Setting CVar [[gc.NumRetriesBeforeForcingGC:10]]
[2022.02.17-05.12.26:780][  0]LogConfig: Setting CVar [[gc.AllowParallelGC:1]]
[2022.02.17-05.12.26:780][  0]LogConfig: Setting CVar [[gc.TimeBetweenPurgingPendingKillObjects:61.1]]
[2022.02.17-05.12.26:780][  0]LogConfig: Setting CVar [[gc.MaxObjectsInEditor:25165824]]
[2022.02.17-05.12.26:780][  0]LogConfig: Setting CVar [[gc.IncrementalBeginDestroyEnabled:1]]
[2022.02.17-05.12.26:780][  0]LogConfig: Setting CVar [[gc.CreateGCClusters:1]]
[2022.02.17-05.12.26:780][  0]LogConfig: Setting CVar [[gc.MinGCClusterSize:5]]
[2022.02.17-05.12.26:780][  0]LogConfig: Setting CVar [[gc.ActorClusteringEnabled:0]]
[2022.02.17-05.12.26:780][  0]LogConfig: Setting CVar [[gc.BlueprintClusteringEnabled:0]]
[2022.02.17-05.12.26:780][  0]LogConfig: Setting CVar [[gc.UseDisregardForGCOnDedicatedServers:0]]
[2022.02.17-05.12.26:780][  0]LogConfig: Applying CVar settings from Section [/Script/Engine.NetworkSettings] File [C:/Users/Jayden/OneDrive/Documents/GitHub/NASA/NASA_Project_1/Saved/Config/Windows/Engine.ini]
[2022.02.17-05.12.26:780][  0]LogConfig: Applying CVar settings from Section [/Script/UnrealEd.CookerSettings] File [C:/Users/Jayden/OneDrive/Documents/GitHub/NASA/NASA_Project_1/Saved/Config/Windows/Engine.ini]
[2022.02.17-05.12.26:783][  0]LogConfig: Applying CVar settings from Section [ViewDistanceQuality@3] File [C:/Users/Jayden/OneDrive/Documents/GitHub/NASA/NASA_Project_1/Saved/Config/Windows/Scalability.ini]
[2022.02.17-05.12.26:783][  0]LogConfig: Setting CVar [[r.SkeletalMeshLODBias:0]]
[2022.02.17-05.12.26:783][  0]LogConfig: Setting CVar [[r.ViewDistanceScale:1.0]]
[2022.02.17-05.12.26:783][  0]LogConfig: Applying CVar settings from Section [AntiAliasingQuality@3] File [C:/Users/Jayden/OneDrive/Documents/GitHub/NASA/NASA_Project_1/Saved/Config/Windows/Scalability.ini]
[2022.02.17-05.12.26:783][  0]LogConfig: Setting CVar [[r.PostProcessAAQuality:4]]
[2022.02.17-05.12.26:783][  0]LogConfig: Applying CVar settings from Section [ShadowQuality@3] File [C:/Users/Jayden/OneDrive/Documents/GitHub/NASA/NASA_Project_1/Saved/Config/Windows/Scalability.ini]
[2022.02.17-05.12.26:783][  0]LogConfig: Setting CVar [[r.LightFunctionQuality:1]]
[2022.02.17-05.12.26:783][  0]LogConfig: Setting CVar [[r.ShadowQuality:5]]
[2022.02.17-05.12.26:783][  0]LogConfig: Setting CVar [[r.Shadow.CSM.MaxCascades:10]]
[2022.02.17-05.12.26:783][  0]LogConfig: Setting CVar [[r.Shadow.MaxResolution:2048]]
[2022.02.17-05.12.26:783][  0]LogConfig: Setting CVar [[r.Shadow.MaxCSMResolution:2048]]
[2022.02.17-05.12.26:783][  0]LogConfig: Setting CVar [[r.Shadow.RadiusThreshold:0.01]]
[2022.02.17-05.12.26:783][  0]LogConfig: Setting CVar [[r.Shadow.DistanceScale:1.0]]
[2022.02.17-05.12.26:783][  0]LogConfig: Setting CVar [[r.Shadow.CSM.TransitionScale:1.0]]
[2022.02.17-05.12.26:783][  0]LogConfig: Setting CVar [[r.Shadow.PreShadowResolutionFactor:1.0]]
[2022.02.17-05.12.26:783][  0]LogConfig: Setting CVar [[r.DistanceFieldShadowing:1]]
[2022.02.17-05.12.26:783][  0]LogConfig: Setting CVar [[r.DistanceFieldAO:1]]
[2022.02.17-05.12.26:783][  0]LogConfig: Setting CVar [[r.AOQuality:2]]
[2022.02.17-05.12.26:783][  0]LogConfig: Setting CVar [[r.VolumetricFog:1]]
[2022.02.17-05.12.26:783][  0]LogConfig: Setting CVar [[r.VolumetricFog.GridPixelSize:8]]
[2022.02.17-05.12.26:783][  0]LogConfig: Setting CVar [[r.VolumetricFog.GridSizeZ:128]]
[2022.02.17-05.12.26:783][  0]LogConfig: Setting CVar [[r.VolumetricFog.HistoryMissSupersampleCount:4]]
[2022.02.17-05.12.26:783][  0]LogConfig: Setting CVar [[r.LightMaxDrawDistanceScale:1]]
[2022.02.17-05.12.26:783][  0]LogConfig: Setting CVar [[r.CapsuleShadows:1]]
[2022.02.17-05.12.26:783][  0]LogConfig: Applying CVar settings from Section [PostProcessQuality@3] File [C:/Users/Jayden/OneDrive/Documents/GitHub/NASA/NASA_Project_1/Saved/Config/Windows/Scalability.ini]
[2022.02.17-05.12.26:783][  0]LogConfig: Setting CVar [[r.MotionBlurQuality:4]]
[2022.02.17-05.12.26:783][  0]LogConfig: Setting CVar [[r.AmbientOcclusionMipLevelFactor:0.4]]
[2022.02.17-05.12.26:783][  0]LogConfig: Setting CVar [[r.AmbientOcclusionMaxQuality:100]]
[2022.02.17-05.12.26:783][  0]LogConfig: Setting CVar [[r.AmbientOcclusionLevels:-1]]
[2022.02.17-05.12.26:783][  0]LogConfig: Setting CVar [[r.AmbientOcclusionRadiusScale:1.0]]
[2022.02.17-05.12.26:783][  0]LogConfig: Setting CVar [[r.DepthOfFieldQuality:2]]
[2022.02.17-05.12.26:783][  0]LogConfig: Setting CVar [[r.RenderTargetPoolMin:400]]
[2022.02.17-05.12.26:783][  0]LogConfig: Setting CVar [[r.LensFlareQuality:2]]
[2022.02.17-05.12.26:783][  0]LogConfig: Setting CVar [[r.SceneColorFringeQuality:1]]
[2022.02.17-05.12.26:783][  0]LogConfig: Setting CVar [[r.EyeAdaptationQuality:2]]
[2022.02.17-05.12.26:783][  0]LogConfig: Setting CVar [[r.BloomQuality:5]]
[2022.02.17-05.12.26:783][  0]LogConfig: Setting CVar [[r.FastBlurThreshold:100]]
[2022.02.17-05.12.26:783][  0]LogConfig: Setting CVar [[r.Upscale.Quality:3]]
[2022.02.17-05.12.26:783][  0]LogConfig: Setting CVar [[r.Tonemapper.GrainQuantization:1]]
[2022.02.17-05.12.26:783][  0]LogConfig: Setting CVar [[r.LightShaftQuality:1]]
[2022.02.17-05.12.26:783][  0]LogConfig: Setting CVar [[r.Filter.SizeScale:1]]
[2022.02.17-05.12.26:783][  0]LogConfig: Setting CVar [[r.Tonemapper.Quality:5]]
[2022.02.17-05.12.26:783][  0]LogConfig: Setting CVar [[r.DOF.Gather.AccumulatorQuality:1        ; higher gathering accumulator quality]]
[2022.02.17-05.12.26:783][  0]LogConfig: Setting CVar [[r.DOF.Gather.PostfilterMethod:1          ; Median3x3 postfilering method]]
[2022.02.17-05.12.26:783][  0]LogConfig: Setting CVar [[r.DOF.Gather.EnableBokehSettings:0       ; no bokeh simulation when gathering]]
[2022.02.17-05.12.26:783][  0]LogConfig: Setting CVar [[r.DOF.Gather.RingCount:4                 ; medium number of samples when gathering]]
[2022.02.17-05.12.26:783][  0]LogConfig: Setting CVar [[r.DOF.Scatter.ForegroundCompositing:1    ; additive foreground scattering]]
[2022.02.17-05.12.26:783][  0]LogConfig: Setting CVar [[r.DOF.Scatter.BackgroundCompositing:2    ; additive background scattering]]
[2022.02.17-05.12.26:783][  0]LogConfig: Setting CVar [[r.DOF.Scatter.EnableBokehSettings:1      ; bokeh simulation when scattering]]
[2022.02.17-05.12.26:783][  0]LogConfig: Setting CVar [[r.DOF.Scatter.MaxSpriteRatio:0.1         ; only a maximum of 10% of scattered bokeh]]
[2022.02.17-05.12.26:783][  0]LogConfig: Setting CVar [[r.DOF.Recombine.Quality:1                ; cheap slight out of focus]]
[2022.02.17-05.12.26:783][  0]LogConfig: Setting CVar [[r.DOF.Recombine.EnableBokehSettings:0    ; no bokeh simulation on slight out of focus]]
[2022.02.17-05.12.26:783][  0]LogConfig: Setting CVar [[r.DOF.TemporalAAQuality:1                ; more stable temporal accumulation]]
[2022.02.17-05.12.26:783][  0]LogConfig: Setting CVar [[r.DOF.Kernel.MaxForegroundRadius:0.025]]
[2022.02.17-05.12.26:783][  0]LogConfig: Setting CVar [[r.DOF.Kernel.MaxBackgroundRadius:0.025]]
[2022.02.17-05.12.26:783][  0]LogConfig: Applying CVar settings from Section [TextureQuality@3] File [C:/Users/Jayden/OneDrive/Documents/GitHub/NASA/NASA_Project_1/Saved/Config/Windows/Scalability.ini]
[2022.02.17-05.12.26:783][  0]LogConfig: Setting CVar [[r.Streaming.MipBias:0]]
[2022.02.17-05.12.26:783][  0]LogConfig: Setting CVar [[r.Streaming.AmortizeCPUToGPUCopy:0]]
[2022.02.17-05.12.26:783][  0]LogConfig: Setting CVar [[r.Streaming.MaxNumTexturesToStreamPerFrame:0]]
[2022.02.17-05.12.26:783][  0]LogConfig: Setting CVar [[r.Streaming.Boost:1]]
[2022.02.17-05.12.26:783][  0]LogConfig: Setting CVar [[r.MaxAnisotropy:8]]
[2022.02.17-05.12.26:783][  0]LogConfig: Setting CVar [[r.VT.MaxAnisotropy:8]]
[2022.02.17-05.12.26:783][  0]LogConfig: Setting CVar [[r.Streaming.LimitPoolSizeToVRAM:0]]
[2022.02.17-05.12.26:783][  0]LogConfig: Setting CVar [[r.Streaming.PoolSize:1000]]
[2022.02.17-05.12.26:783][  0]LogConfig: Setting CVar [[r.Streaming.MaxEffectiveScreenSize:0]]
[2022.02.17-05.12.26:783][  0]LogConfig: Applying CVar settings from Section [EffectsQuality@3] File [C:/Users/Jayden/OneDrive/Documents/GitHub/NASA/NASA_Project_1/Saved/Config/Windows/Scalability.ini]
[2022.02.17-05.12.26:783][  0]LogConfig: Setting CVar [[r.TranslucencyLightingVolumeDim:64]]
[2022.02.17-05.12.26:783][  0]LogConfig: Setting CVar [[r.RefractionQuality:2]]
[2022.02.17-05.12.26:783][  0]LogConfig: Setting CVar [[r.SSR.Quality:3]]
[2022.02.17-05.12.26:783][  0]LogConfig: Setting CVar [[r.SSR.HalfResSceneColor:0]]
[2022.02.17-05.12.26:783][  0]LogConfig: Setting CVar [[r.SceneColorFormat:4]]
[2022.02.17-05.12.26:783][  0]LogConfig: Setting CVar [[r.DetailMode:2]]
[2022.02.17-05.12.26:783][  0]LogConfig: Setting CVar [[r.TranslucencyVolumeBlur:1]]
[2022.02.17-05.12.26:783][  0]LogConfig: Setting CVar [[r.MaterialQualityLevel:1 ; High quality]]
[2022.02.17-05.12.26:783][  0]LogConfig: Setting CVar [[r.SSS.Scale:1]]
[2022.02.17-05.12.26:783][  0]LogConfig: Setting CVar [[r.SSS.SampleSet:2]]
[2022.02.17-05.12.26:783][  0]LogConfig: Setting CVar [[r.SSS.Quality:1]]
[2022.02.17-05.12.26:783][  0]LogConfig: Setting CVar [[r.SSS.HalfRes:0]]
[2022.02.17-05.12.26:783][  0]LogConfig: Setting CVar [[r.SSGI.Quality:3]]
[2022.02.17-05.12.26:783][  0]LogConfig: Setting CVar [[r.EmitterSpawnRateScale:1.0]]
[2022.02.17-05.12.26:783][  0]LogConfig: Setting CVar [[r.ParticleLightQuality:2]]
[2022.02.17-05.12.26:783][  0]LogConfig: Setting CVar [[r.SkyAtmosphere.AerialPerspectiveLUT.FastApplyOnOpaque:1 ; Always have FastSkyLUT 1 in this case to avoid wrong sky]]
[2022.02.17-05.12.26:783][  0]LogConfig: Setting CVar [[r.SkyAtmosphere.AerialPerspectiveLUT.SampleCountPerSlice:1]]
[2022.02.17-05.12.26:784][  0]LogConfig: Setting CVar [[r.SkyAtmosphere.AerialPerspectiveLUT.DepthResolution:16.0]]
[2022.02.17-05.12.26:784][  0]LogConfig: Setting CVar [[r.SkyAtmosphere.FastSkyLUT:1]]
[2022.02.17-05.12.26:784][  0]LogConfig: Setting CVar [[r.SkyAtmosphere.FastSkyLUT.SampleCountMin:4.0]]
[2022.02.17-05.12.26:784][  0]LogConfig: Setting CVar [[r.SkyAtmosphere.FastSkyLUT.SampleCountMax:32.0]]
[2022.02.17-05.12.26:784][  0]LogConfig: Setting CVar [[r.SkyAtmosphere.SampleCountMin:4.0]]
[2022.02.17-05.12.26:784][  0]LogConfig: Setting CVar [[r.SkyAtmosphere.SampleCountMax:32.0]]
[2022.02.17-05.12.26:784][  0]LogConfig: Setting CVar [[r.SkyAtmosphere.TransmittanceLUT.UseSmallFormat:0]]
[2022.02.17-05.12.26:784][  0]LogConfig: Setting CVar [[r.SkyAtmosphere.TransmittanceLUT.SampleCount:10.0]]
[2022.02.17-05.12.26:784][  0]LogConfig: Setting CVar [[r.SkyAtmosphere.MultiScatteringLUT.SampleCount:15.0]]
[2022.02.17-05.12.26:784][  0]LogConfig: Applying CVar settings from Section [FoliageQuality@3] File [C:/Users/Jayden/OneDrive/Documents/GitHub/NASA/NASA_Project_1/Saved/Config/Windows/Scalability.ini]
[2022.02.17-05.12.26:784][  0]LogConfig: Setting CVar [[foliage.DensityScale:1.0]]
[2022.02.17-05.12.26:784][  0]LogConfig: Setting CVar [[grass.DensityScale:1.0]]
[2022.02.17-05.12.26:784][  0]LogConfig: Applying CVar settings from Section [ShadingQuality@3] File [C:/Users/Jayden/OneDrive/Documents/GitHub/NASA/NASA_Project_1/Saved/Config/Windows/Scalability.ini]
[2022.02.17-05.12.26:784][  0]LogConfig: Setting CVar [[r.HairStrands.SkyLighting.SampleCount:16]]
[2022.02.17-05.12.26:784][  0]LogConfig: Setting CVar [[r.HairStrands.SkyLighting.JitterIntegration:0]]
[2022.02.17-05.12.26:784][  0]LogConfig: Setting CVar [[r.HairStrands.SkyAO.SampleCount:16]]
[2022.02.17-05.12.26:784][  0]LogConfig: Setting CVar [[r.HairStrands.DeepShadow.SuperSampling:0]]
[2022.02.17-05.12.26:784][  0]LogConfig: Setting CVar [[r.HairStrands.VisibilityPPLL:0]]
[2022.02.17-05.12.26:784][  0]LogConfig: Setting CVar [[r.HairStrands.RasterizationScale:0.5]]
[2022.02.17-05.12.26:784][  0]LogConfig: Setting CVar [[r.HairStrands.VelocityRasterizationScale:1]]
[2022.02.17-05.12.26:784][  0]LogInit: Selected Device Profile: [Windows]
[2022.02.17-05.12.26:784][  0]LogInit: Applying CVar settings loaded from the selected device profile: [Windows]
[2022.02.17-05.12.26:784][  0]LogHAL: Display: Platform has ~ 16 GB [17102512128 / 17179869184 / 16], which maps to Larger [LargestMinGB=32, LargerMinGB=12, DefaultMinGB=8, SmallerMinGB=6, SmallestMinGB=0)
[2022.02.17-05.12.26:784][  0]LogInit: Going up to parent DeviceProfile []
[2022.02.17-05.12.26:784][  0]LogConfig: Applying CVar settings from Section [ViewDistanceQuality@3] File [C:/Users/Jayden/OneDrive/Documents/GitHub/NASA/NASA_Project_1/Saved/Config/Windows/Scalability.ini]
[2022.02.17-05.12.26:784][  0]LogConfig: Setting CVar [[r.SkeletalMeshLODBias:0]]
[2022.02.17-05.12.26:784][  0]LogConfig: Setting CVar [[r.ViewDistanceScale:1.0]]
[2022.02.17-05.12.26:784][  0]LogConfig: Applying CVar settings from Section [AntiAliasingQuality@3] File [C:/Users/Jayden/OneDrive/Documents/GitHub/NASA/NASA_Project_1/Saved/Config/Windows/Scalability.ini]
[2022.02.17-05.12.26:784][  0]LogConfig: Setting CVar [[r.PostProcessAAQuality:4]]
[2022.02.17-05.12.26:784][  0]LogConfig: Applying CVar settings from Section [ShadowQuality@3] File [C:/Users/Jayden/OneDrive/Documents/GitHub/NASA/NASA_Project_1/Saved/Config/Windows/Scalability.ini]
[2022.02.17-05.12.26:784][  0]LogConfig: Setting CVar [[r.LightFunctionQuality:1]]
[2022.02.17-05.12.26:784][  0]LogConfig: Setting CVar [[r.ShadowQuality:5]]
[2022.02.17-05.12.26:784][  0]LogConfig: Setting CVar [[r.Shadow.CSM.MaxCascades:10]]
[2022.02.17-05.12.26:784][  0]LogConfig: Setting CVar [[r.Shadow.MaxResolution:2048]]
[2022.02.17-05.12.26:784][  0]LogConfig: Setting CVar [[r.Shadow.MaxCSMResolution:2048]]
[2022.02.17-05.12.26:784][  0]LogConfig: Setting CVar [[r.Shadow.RadiusThreshold:0.01]]
[2022.02.17-05.12.26:784][  0]LogConfig: Setting CVar [[r.Shadow.DistanceScale:1.0]]
[2022.02.17-05.12.26:784][  0]LogConfig: Setting CVar [[r.Shadow.CSM.TransitionScale:1.0]]
[2022.02.17-05.12.26:784][  0]LogConfig: Setting CVar [[r.Shadow.PreShadowResolutionFactor:1.0]]
[2022.02.17-05.12.26:784][  0]LogConfig: Setting CVar [[r.DistanceFieldShadowing:1]]
[2022.02.17-05.12.26:784][  0]LogConfig: Setting CVar [[r.DistanceFieldAO:1]]
[2022.02.17-05.12.26:784][  0]LogConfig: Setting CVar [[r.AOQuality:2]]
[2022.02.17-05.12.26:784][  0]LogConfig: Setting CVar [[r.VolumetricFog:1]]
[2022.02.17-05.12.26:784][  0]LogConfig: Setting CVar [[r.VolumetricFog.GridPixelSize:8]]
[2022.02.17-05.12.26:784][  0]LogConfig: Setting CVar [[r.VolumetricFog.GridSizeZ:128]]
[2022.02.17-05.12.26:784][  0]LogConfig: Setting CVar [[r.VolumetricFog.HistoryMissSupersampleCount:4]]
[2022.02.17-05.12.26:784][  0]LogConfig: Setting CVar [[r.LightMaxDrawDistanceScale:1]]
[2022.02.17-05.12.26:784][  0]LogConfig: Setting CVar [[r.CapsuleShadows:1]]
[2022.02.17-05.12.26:784][  0]LogConfig: Applying CVar settings from Section [PostProcessQuality@3] File [C:/Users/Jayden/OneDrive/Documents/GitHub/NASA/NASA_Project_1/Saved/Config/Windows/Scalability.ini]
[2022.02.17-05.12.26:784][  0]LogConfig: Setting CVar [[r.MotionBlurQuality:4]]
[2022.02.17-05.12.26:784][  0]LogConfig: Setting CVar [[r.AmbientOcclusionMipLevelFactor:0.4]]
[2022.02.17-05.12.26:784][  0]LogConfig: Setting CVar [[r.AmbientOcclusionMaxQuality:100]]
[2022.02.17-05.12.26:784][  0]LogConfig: Setting CVar [[r.AmbientOcclusionLevels:-1]]
[2022.02.17-05.12.26:784][  0]LogConfig: Setting CVar [[r.AmbientOcclusionRadiusScale:1.0]]
[2022.02.17-05.12.26:784][  0]LogConfig: Setting CVar [[r.DepthOfFieldQuality:2]]
[2022.02.17-05.12.26:784][  0]LogConfig: Setting CVar [[r.RenderTargetPoolMin:400]]
[2022.02.17-05.12.26:784][  0]LogConfig: Setting CVar [[r.LensFlareQuality:2]]
[2022.02.17-05.12.26:784][  0]LogConfig: Setting CVar [[r.SceneColorFringeQuality:1]]
[2022.02.17-05.12.26:784][  0]LogConfig: Setting CVar [[r.EyeAdaptationQuality:2]]
[2022.02.17-05.12.26:784][  0]LogConfig: Setting CVar [[r.BloomQuality:5]]
[2022.02.17-05.12.26:784][  0]LogConfig: Setting CVar [[r.FastBlurThreshold:100]]
[2022.02.17-05.12.26:784][  0]LogConfig: Setting CVar [[r.Upscale.Quality:3]]
[2022.02.17-05.12.26:784][  0]LogConfig: Setting CVar [[r.Tonemapper.GrainQuantization:1]]
[2022.02.17-05.12.26:784][  0]LogConfig: Setting CVar [[r.LightShaftQuality:1]]
[2022.02.17-05.12.26:784][  0]LogConfig: Setting CVar [[r.Filter.SizeScale:1]]
[2022.02.17-05.12.26:784][  0]LogConfig: Setting CVar [[r.Tonemapper.Quality:5]]
[2022.02.17-05.12.26:784][  0]LogConfig: Setting CVar [[r.DOF.Gather.AccumulatorQuality:1        ; higher gathering accumulator quality]]
[2022.02.17-05.12.26:784][  0]LogConfig: Setting CVar [[r.DOF.Gather.PostfilterMethod:1          ; Median3x3 postfilering method]]
[2022.02.17-05.12.26:784][  0]LogConfig: Setting CVar [[r.DOF.Gather.EnableBokehSettings:0       ; no bokeh simulation when gathering]]
[2022.02.17-05.12.26:784][  0]LogConfig: Setting CVar [[r.DOF.Gather.RingCount:4                 ; medium number of samples when gathering]]
[2022.02.17-05.12.26:784][  0]LogConfig: Setting CVar [[r.DOF.Scatter.ForegroundCompositing:1    ; additive foreground scattering]]
[2022.02.17-05.12.26:784][  0]LogConfig: Setting CVar [[r.DOF.Scatter.BackgroundCompositing:2    ; additive background scattering]]
[2022.02.17-05.12.26:784][  0]LogConfig: Setting CVar [[r.DOF.Scatter.EnableBokehSettings:1      ; bokeh simulation when scattering]]
[2022.02.17-05.12.26:784][  0]LogConfig: Setting CVar [[r.DOF.Scatter.MaxSpriteRatio:0.1         ; only a maximum of 10% of scattered bokeh]]
[2022.02.17-05.12.26:784][  0]LogConfig: Setting CVar [[r.DOF.Recombine.Quality:1                ; cheap slight out of focus]]
[2022.02.17-05.12.26:784][  0]LogConfig: Setting CVar [[r.DOF.Recombine.EnableBokehSettings:0    ; no bokeh simulation on slight out of focus]]
[2022.02.17-05.12.26:785][  0]LogConfig: Setting CVar [[r.DOF.TemporalAAQuality:1                ; more stable temporal accumulation]]
[2022.02.17-05.12.26:785][  0]LogConfig: Setting CVar [[r.DOF.Kernel.MaxForegroundRadius:0.025]]
[2022.02.17-05.12.26:785][  0]LogConfig: Setting CVar [[r.DOF.Kernel.MaxBackgroundRadius:0.025]]
[2022.02.17-05.12.26:785][  0]LogConfig: Applying CVar settings from Section [TextureQuality@3] File [C:/Users/Jayden/OneDrive/Documents/GitHub/NASA/NASA_Project_1/Saved/Config/Windows/Scalability.ini]
[2022.02.17-05.12.26:785][  0]LogConfig: Setting CVar [[r.Streaming.MipBias:0]]
[2022.02.17-05.12.26:785][  0]LogConfig: Setting CVar [[r.Streaming.AmortizeCPUToGPUCopy:0]]
[2022.02.17-05.12.26:785][  0]LogConfig: Setting CVar [[r.Streaming.MaxNumTexturesToStreamPerFrame:0]]
[2022.02.17-05.12.26:785][  0]LogConfig: Setting CVar [[r.Streaming.Boost:1]]
[2022.02.17-05.12.26:785][  0]LogConfig: Setting CVar [[r.MaxAnisotropy:8]]
[2022.02.17-05.12.26:785][  0]LogConfig: Setting CVar [[r.VT.MaxAnisotropy:8]]
[2022.02.17-05.12.26:785][  0]LogConfig: Setting CVar [[r.Streaming.LimitPoolSizeToVRAM:0]]
[2022.02.17-05.12.26:785][  0]LogConfig: Setting CVar [[r.Streaming.PoolSize:1000]]
[2022.02.17-05.12.26:785][  0]LogConfig: Setting CVar [[r.Streaming.MaxEffectiveScreenSize:0]]
[2022.02.17-05.12.26:785][  0]LogConfig: Applying CVar settings from Section [EffectsQuality@3] File [C:/Users/Jayden/OneDrive/Documents/GitHub/NASA/NASA_Project_1/Saved/Config/Windows/Scalability.ini]
[2022.02.17-05.12.26:785][  0]LogConfig: Setting CVar [[r.TranslucencyLightingVolumeDim:64]]
[2022.02.17-05.12.26:785][  0]LogConfig: Setting CVar [[r.RefractionQuality:2]]
[2022.02.17-05.12.26:785][  0]LogConfig: Setting CVar [[r.SSR.Quality:3]]
[2022.02.17-05.12.26:785][  0]LogConfig: Setting CVar [[r.SSR.HalfResSceneColor:0]]
[2022.02.17-05.12.26:785][  0]LogConfig: Setting CVar [[r.SceneColorFormat:4]]
[2022.02.17-05.12.26:785][  0]LogConfig: Setting CVar [[r.DetailMode:2]]
[2022.02.17-05.12.26:785][  0]LogConfig: Setting CVar [[r.TranslucencyVolumeBlur:1]]
[2022.02.17-05.12.26:785][  0]LogConfig: Setting CVar [[r.MaterialQualityLevel:1 ; High quality]]
[2022.02.17-05.12.26:785][  0]LogConfig: Setting CVar [[r.SSS.Scale:1]]
[2022.02.17-05.12.26:785][  0]LogConfig: Setting CVar [[r.SSS.SampleSet:2]]
[2022.02.17-05.12.26:785][  0]LogConfig: Setting CVar [[r.SSS.Quality:1]]
[2022.02.17-05.12.26:785][  0]LogConfig: Setting CVar [[r.SSS.HalfRes:0]]
[2022.02.17-05.12.26:785][  0]LogConfig: Setting CVar [[r.SSGI.Quality:3]]
[2022.02.17-05.12.26:785][  0]LogConfig: Setting CVar [[r.EmitterSpawnRateScale:1.0]]
[2022.02.17-05.12.26:785][  0]LogConfig: Setting CVar [[r.ParticleLightQuality:2]]
[2022.02.17-05.12.26:785][  0]LogConfig: Setting CVar [[r.SkyAtmosphere.AerialPerspectiveLUT.FastApplyOnOpaque:1 ; Always have FastSkyLUT 1 in this case to avoid wrong sky]]
[2022.02.17-05.12.26:785][  0]LogConfig: Setting CVar [[r.SkyAtmosphere.AerialPerspectiveLUT.SampleCountPerSlice:1]]
[2022.02.17-05.12.26:785][  0]LogConfig: Setting CVar [[r.SkyAtmosphere.AerialPerspectiveLUT.DepthResolution:16.0]]
[2022.02.17-05.12.26:785][  0]LogConfig: Setting CVar [[r.SkyAtmosphere.FastSkyLUT:1]]
[2022.02.17-05.12.26:785][  0]LogConfig: Setting CVar [[r.SkyAtmosphere.FastSkyLUT.SampleCountMin:4.0]]
[2022.02.17-05.12.26:785][  0]LogConfig: Setting CVar [[r.SkyAtmosphere.FastSkyLUT.SampleCountMax:32.0]]
[2022.02.17-05.12.26:785][  0]LogConfig: Setting CVar [[r.SkyAtmosphere.SampleCountMin:4.0]]
[2022.02.17-05.12.26:785][  0]LogConfig: Setting CVar [[r.SkyAtmosphere.SampleCountMax:32.0]]
[2022.02.17-05.12.26:785][  0]LogConfig: Setting CVar [[r.SkyAtmosphere.TransmittanceLUT.UseSmallFormat:0]]
[2022.02.17-05.12.26:785][  0]LogConfig: Setting CVar [[r.SkyAtmosphere.TransmittanceLUT.SampleCount:10.0]]
[2022.02.17-05.12.26:785][  0]LogConfig: Setting CVar [[r.SkyAtmosphere.MultiScatteringLUT.SampleCount:15.0]]
[2022.02.17-05.12.26:785][  0]LogConfig: Applying CVar settings from Section [FoliageQuality@3] File [C:/Users/Jayden/OneDrive/Documents/GitHub/NASA/NASA_Project_1/Saved/Config/Windows/Scalability.ini]
[2022.02.17-05.12.26:785][  0]LogConfig: Setting CVar [[foliage.DensityScale:1.0]]
[2022.02.17-05.12.26:785][  0]LogConfig: Setting CVar [[grass.DensityScale:1.0]]
[2022.02.17-05.12.26:785][  0]LogConfig: Applying CVar settings from Section [ShadingQuality@3] File [C:/Users/Jayden/OneDrive/Documents/GitHub/NASA/NASA_Project_1/Saved/Config/Windows/Scalability.ini]
[2022.02.17-05.12.26:785][  0]LogConfig: Setting CVar [[r.HairStrands.SkyLighting.SampleCount:16]]
[2022.02.17-05.12.26:785][  0]LogConfig: Setting CVar [[r.HairStrands.SkyLighting.JitterIntegration:0]]
[2022.02.17-05.12.26:785][  0]LogConfig: Setting CVar [[r.HairStrands.SkyAO.SampleCount:16]]
[2022.02.17-05.12.26:785][  0]LogConfig: Setting CVar [[r.HairStrands.DeepShadow.SuperSampling:0]]
[2022.02.17-05.12.26:785][  0]LogConfig: Setting CVar [[r.HairStrands.VisibilityPPLL:0]]
[2022.02.17-05.12.26:785][  0]LogConfig: Setting CVar [[r.HairStrands.RasterizationScale:0.5]]
[2022.02.17-05.12.26:785][  0]LogConfig: Setting CVar [[r.HairStrands.VelocityRasterizationScale:1]]
[2022.02.17-05.12.26:785][  0]LogConfig: Applying CVar settings from Section [Startup] File [../../../Engine/Config/ConsoleVariables.ini]
[2022.02.17-05.12.26:785][  0]LogConfig: Setting CVar [[net.UseAdaptiveNetUpdateFrequency:0]]
[2022.02.17-05.12.26:785][  0]LogConfig: Setting CVar [[p.chaos.AllowCreatePhysxBodies:1]]
[2022.02.17-05.12.26:785][  0]LogConfig: Setting CVar [[fx.SkipVectorVMBackendOptimizations:1]]
[2022.02.17-05.12.26:785][  0]LogConfig: Applying CVar settings from Section [ConsoleVariables] File [C:/Users/Jayden/OneDrive/Documents/GitHub/NASA/NASA_Project_1/Saved/Config/Windows/Engine.ini]
[2022.02.17-05.12.26:785][  0]LogInit: Computer: DESKTOP-NH668U8
[2022.02.17-05.12.26:785][  0]LogInit: User: Jayden
[2022.02.17-05.12.26:785][  0]LogInit: CPU Page size=4096, Cores=6
[2022.02.17-05.12.26:785][  0]LogInit: High frequency timer resolution =10.000000 MHz
[2022.02.17-05.12.26:785][  0]LogMemory: Memory total: Physical=15.9GB (16GB approx)
[2022.02.17-05.12.26:785][  0]LogMemory: Platform Memory Stats for Windows
[2022.02.17-05.12.26:785][  0]LogMemory: Process Physical Memory: 119.65 MB used, 119.65 MB peak
[2022.02.17-05.12.26:785][  0]LogMemory: Process Virtual Memory: 101.72 MB used, 101.72 MB peak
[2022.02.17-05.12.26:785][  0]LogMemory: Physical Memory: 8801.89 MB used,  7508.34 MB free, 16310.23 MB total
[2022.02.17-05.12.26:785][  0]LogMemory: Virtual Memory: 5209.00 MB used,  134212520.00 MB free, 134217728.00 MB total
[2022.02.17-05.12.26:789][  0]LogWindows: WindowsPlatformFeatures enabled
[2022.02.17-05.12.26:821][  0]LogInit: Physics initialised using underlying interface: PhysX
[2022.02.17-05.12.26:822][  0]LogInit: Using OS detected language (en-US).
[2022.02.17-05.12.26:822][  0]LogInit: Using OS detected locale (en-US).
[2022.02.17-05.12.26:824][  0]LogTextLocalizationManager: No specific localization for 'en-US' exists, so the 'en' localization will be used.
[2022.02.17-05.12.26:929][  0]LogInit: Setting process to per monitor DPI aware
[2022.02.17-05.12.26:951][  0]LogSlate: New Slate User Created.  User Index 0, Is Virtual User: 0
[2022.02.17-05.12.26:951][  0]LogSlate: Slate User Registered.  User Index 0, Is Virtual User: 0
[2022.02.17-05.12.27:080][  0]LogHMD: Failed to initialize OpenVR with code 108
[2022.02.17-05.12.27:080][  0]LogD3D11RHI: D3D11 min allowed feature level: 11_0
[2022.02.17-05.12.27:080][  0]LogD3D11RHI: D3D11 max allowed feature level: 11_0
[2022.02.17-05.12.27:080][  0]LogD3D11RHI: D3D11 adapters:
[2022.02.17-05.12.27:161][  0]LogD3D11RHI:    0. 'NVIDIA GeForce RTX 3060' (Feature Level 11_0)
[2022.02.17-05.12.27:161][  0]LogD3D11RHI:       12143/0/8155 MB DedicatedVideo/DedicatedSystem/SharedSystem, Outputs:2, VendorId:0x10de
[2022.02.17-05.12.27:162][  0]LogD3D11RHI:    1. 'Microsoft Basic Render Driver' (Feature Level 11_0)
[2022.02.17-05.12.27:162][  0]LogD3D11RHI:       0/0/8155 MB DedicatedVideo/DedicatedSystem/SharedSystem, Outputs:0, VendorId:0x1414
[2022.02.17-05.12.27:162][  0]LogD3D11RHI: Chosen D3D11 Adapter: 0
[2022.02.17-05.12.27:167][  0]LogD3D11RHI: Creating new Direct3DDevice
[2022.02.17-05.12.27:167][  0]LogD3D11RHI:     GPU DeviceId: 0x2503 (for the marketing name, search the web for "GPU Device Id")
[2022.02.17-05.12.27:167][  0]LogWindows: EnumDisplayDevices:
[2022.02.17-05.12.27:167][  0]LogWindows:    0. 'NVIDIA GeForce RTX 3060' (P:0 D:1)
[2022.02.17-05.12.27:168][  0]LogWindows:    1. 'NVIDIA GeForce RTX 3060' (P:1 D:1)
[2022.02.17-05.12.27:168][  0]LogWindows:    2. 'NVIDIA GeForce RTX 3060' (P:0 D:0)
[2022.02.17-05.12.27:168][  0]LogWindows:    3. 'NVIDIA GeForce RTX 3060' (P:0 D:0)
[2022.02.17-05.12.27:168][  0]LogWindows: DebugString: FoundDriverCount:4 
[2022.02.17-05.12.27:168][  0]LogD3D11RHI:     Adapter Name: NVIDIA GeForce RTX 3060
[2022.02.17-05.12.27:168][  0]LogD3D11RHI:   Driver Version: 466.11 (internal:27.21.14.6611, unified:466.11)
[2022.02.17-05.12.27:168][  0]LogD3D11RHI:      Driver Date: 4-12-2021
[2022.02.17-05.12.27:168][  0]LogRHI: Texture pool is 8500 MB (70% of 12143 MB)
[2022.02.17-05.12.27:225][  0]LogD3D11RHI: RHI has support for 64 bit atomics
[2022.02.17-05.12.27:225][  0]LogD3D11RHI: Async texture creation enabled
[2022.02.17-05.12.27:225][  0]LogD3D11RHI: Array index from any shader is supported
[2022.02.17-05.12.27:244][  0]LogD3D11RHI: GPU Timing Frequency: 1000.000000 (Debug: 2 2)
[2022.02.17-05.12.27:437][  0]LogTargetPlatformManager: Display: Loaded TargetPlatform 'AllDesktop'
[2022.02.17-05.12.27:452][  0]LogTargetPlatformManager: Display: Loaded TargetPlatform 'Android'
[2022.02.17-05.12.27:452][  0]LogTargetPlatformManager: Display: Loaded TargetPlatform 'Android_ASTC'
[2022.02.17-05.12.27:452][  0]LogTargetPlatformManager: Display: Loaded TargetPlatform 'Android_DXT'
[2022.02.17-05.12.27:452][  0]LogTargetPlatformManager: Display: Loaded TargetPlatform 'Android_ETC2'
[2022.02.17-05.12.27:452][  0]LogTargetPlatformManager: Display: Loaded TargetPlatform 'AndroidClient'
[2022.02.17-05.12.27:452][  0]LogTargetPlatformManager: Display: Loaded TargetPlatform 'Android_ASTCClient'
[2022.02.17-05.12.27:452][  0]LogTargetPlatformManager: Display: Loaded TargetPlatform 'Android_DXTClient'
[2022.02.17-05.12.27:453][  0]LogTargetPlatformManager: Display: Loaded TargetPlatform 'Android_ETC2Client'
[2022.02.17-05.12.27:453][  0]LogTargetPlatformManager: Display: Loaded TargetPlatform 'Android_Multi'
[2022.02.17-05.12.27:453][  0]LogTargetPlatformManager: Display: Loaded TargetPlatform 'Android_MultiClient'
[2022.02.17-05.12.27:469][  0]LogTargetPlatformManager: Display: Loaded TargetPlatform 'IOSClient'
[2022.02.17-05.12.27:469][  0]LogTargetPlatformManager: Display: Loaded TargetPlatform 'IOS'
[2022.02.17-05.12.27:476][  0]LogTargetPlatformManager: Display: Loaded TargetPlatform 'Linux'
[2022.02.17-05.12.27:483][  0]LogTargetPlatformManager: Display: Loaded TargetPlatform 'LinuxNoEditor'
[2022.02.17-05.12.27:490][  0]LogTargetPlatformManager: Display: Loaded TargetPlatform 'LinuxClient'
[2022.02.17-05.12.27:496][  0]LogTargetPlatformManager: Display: Loaded TargetPlatform 'LinuxServer'
[2022.02.17-05.12.27:503][  0]LogTargetPlatformManager: Display: Loaded TargetPlatform 'LinuxAArch64NoEditor'
[2022.02.17-05.12.27:509][  0]LogTargetPlatformManager: Display: Loaded TargetPlatform 'LinuxAArch64Client'
[2022.02.17-05.12.27:516][  0]LogTargetPlatformManager: Display: Loaded TargetPlatform 'LinuxAArch64Server'
[2022.02.17-05.12.27:534][  0]LogTargetPlatformManager: Display: Loaded TargetPlatform 'Lumin'
[2022.02.17-05.12.27:534][  0]LogTargetPlatformManager: Display: Loaded TargetPlatform 'LuminClient'
[2022.02.17-05.12.27:545][  0]LogTargetPlatformManager: Display: Loaded TargetPlatform 'TVOSClient'
[2022.02.17-05.12.27:545][  0]LogTargetPlatformManager: Display: Loaded TargetPlatform 'TVOS'
[2022.02.17-05.12.27:552][  0]LogTargetPlatformManager: Display: Loaded TargetPlatform 'WindowsNoEditor'
[2022.02.17-05.12.27:558][  0]LogTargetPlatformManager: Display: Loaded TargetPlatform 'Windows'
[2022.02.17-05.12.27:566][  0]LogTargetPlatformManager: Display: Loaded TargetPlatform 'WindowsClient'
[2022.02.17-05.12.27:572][  0]LogTargetPlatformManager: Display: Loaded TargetPlatform 'WindowsServer'
[2022.02.17-05.12.27:572][  0]LogTargetPlatformManager: Display: Building Assets For Windows
[2022.02.17-05.12.27:578][  0]LogAudioDebug: Display: Lib vorbis DLL was dynamically loaded.
[2022.02.17-05.12.27:619][  0]LogShaderCompilers: Guid format shader working directory is -29 characters bigger than the processId version (../../../../../../Users/Jayden/OneDrive/Documents/GitHub/NASA/NASA_Project_1/Intermediate/Shaders/WorkingDirectory/2884/).
[2022.02.17-05.12.27:619][  0]LogShaderCompilers: Cleaned the shader compiler working directory 'C:/Users/Jayden/AppData/Local/Temp/UnrealShaderWorkingDir/58B533EF41A3C9541B4E998FBE7EA74C/'.
[2022.02.17-05.12.27:619][  0]LogXGEController: Cleaning working directory: C:/Users/Jayden/AppData/Local/Temp/UnrealXGEWorkingDir/
[2022.02.17-05.12.27:620][  0]LogShaderCompilers: Display: Using XGE Shader Compiler (Interception Interface).
[2022.02.17-05.12.28:123][  0]LogDerivedDataCache: Display: Max Cache Size: 512 MB
[2022.02.17-05.12.28:164][  0]LogDerivedDataCache: Loaded boot cache 0.04s 79MB C:/Users/Jayden/AppData/Local/UnrealEngine/4.25/DerivedDataCache/Boot.ddc.
[2022.02.17-05.12.28:165][  0]LogDerivedDataCache: Display: Loaded Boot cache: C:/Users/Jayden/AppData/Local/UnrealEngine/4.25/DerivedDataCache/Boot.ddc
[2022.02.17-05.12.28:165][  0]LogDerivedDataCache: FDerivedDataBackendGraph:  Pak pak cache file ../../../../../../Users/Jayden/OneDrive/Documents/GitHub/NASA/NASA_Project_1/DerivedDataCache/DDC.ddp not found, will not use a pak cache.
[2022.02.17-05.12.28:165][  0]LogDerivedDataCache: Unable to find inner node Pak for hierarchical cache Hierarchy.
[2022.02.17-05.12.28:165][  0]LogDerivedDataCache: FDerivedDataBackendGraph:  CompressedPak pak cache file ../../../../../../Users/Jayden/OneDrive/Documents/GitHub/NASA/NASA_Project_1/DerivedDataCache/Compressed.ddp not found, will not use a pak cache.
[2022.02.17-05.12.28:165][  0]LogDerivedDataCache: Unable to find inner node CompressedPak for hierarchical cache Hierarchy.
[2022.02.17-05.12.28:173][  0]LogDerivedDataCache: Display: Pak cache opened for reading ../../../Engine/DerivedDataCache/Compressed.ddp.
[2022.02.17-05.12.28:173][  0]LogDerivedDataCache: FDerivedDataBackendGraph:  EnterprisePak pak cache file ../../../Enterprise/DerivedDataCache/Compressed.ddp not found, will not use a pak cache.
[2022.02.17-05.12.28:173][  0]LogDerivedDataCache: Unable to find inner node EnterprisePak for hierarchical cache Hierarchy.
[2022.02.17-05.12.28:174][  0]LogDerivedDataCache: Using Local data cache path C:/Users/Jayden/AppData/Local/UnrealEngine/Common/DerivedDataCache: Writable
[2022.02.17-05.12.28:174][  0]LogDerivedDataCache: Shared data cache path not found in *engine.ini, will not use an Shared cache.
[2022.02.17-05.12.28:174][  0]LogDerivedDataCache: Unable to find inner node Shared for hierarchical cache Hierarchy.
[2022.02.17-05.12.28:207][  0]LogSlate: Using FreeType 2.10.0
[2022.02.17-05.12.28:207][  0]LogSlate: SlateFontServices - WITH_FREETYPE: 1, WITH_HARFBUZZ: 1
[2022.02.17-05.12.28:223][  0]LogAssetRegistry: FAssetRegistry took 0.0019 seconds to start up
[2022.02.17-05.12.28:386][  0]LogInit: Selected Device Profile: [Windows]
[2022.02.17-05.12.28:459][  0]LogMeshReduction: Using QuadricMeshReduction for automatic static mesh reduction
[2022.02.17-05.12.28:459][  0]LogMeshReduction: Using SimplygonMeshReduction for automatic skeletal mesh reduction
[2022.02.17-05.12.28:459][  0]LogMeshReduction: Using ProxyLODMeshReduction for automatic mesh merging
[2022.02.17-05.12.28:459][  0]LogMeshReduction: No distributed automatic mesh merging module available
[2022.02.17-05.12.28:459][  0]LogMeshMerging: No distributed automatic mesh merging module available
[2022.02.17-05.12.28:469][  0]LogNetVersion: NASA 1.0.0, NetCL: 13144385, EngineNetVer: 14, GameNetVer: 0 (Checksum: 932760915)
[2022.02.17-05.12.28:729][  0]LogAISub: UAISubsystem::UAISubsystem AISubsystem (000001D2C99C4380), frame # 0
[2022.02.17-05.12.28:729][  0]LogAISub: UAISubsystem::UAISubsystem AIPerceptionSystem (000001D2C993C7C0), frame # 0
[2022.02.17-05.12.28:730][  0]LogAISub: UAISubsystem::UAISubsystem EnvQueryManager (000001D2C9961E00), frame # 0
[2022.02.17-05.12.28:755][  0]LogPackageLocalizationCache: Processed 20 localized package path(s) for 1 prioritized culture(s) in 0.021027 seconds
[2022.02.17-05.12.28:758][  0]LogUObjectArray: 15917 objects as part of root set at end of initial load.
[2022.02.17-05.12.28:758][  0]LogUObjectAllocator: 3965568 out of 0 bytes used by permanent object pool.
[2022.02.17-05.12.28:758][  0]LogUObjectArray: CloseDisregardForGC: 0/0 objects in disregard for GC pool
[2022.02.17-05.12.28:987][  0]LogTcpMessaging: Initializing TcpMessaging bridge
[2022.02.17-05.12.28:990][  0]LogUdpMessaging: Initializing bridge on interface 172.19.10.213:0 to multicast group 230.0.0.1:6666.
[2022.02.17-05.12.28:990][  0]FUdpSocketBuilder: Failed to bind UdpMessageUnicastSocket to 172.19.10.213:0
[2022.02.17-05.12.28:990][  0]FUdpSocketBuilder: Failed to configure multicast for UdpMessageUnicastSocket (loopback: 1, ttl: 1)
[2022.02.17-05.12.28:990][  0]FUdpSocketBuilder: Failed to create and initialize socket UdpMessageUnicastSocket (last error: 0)
[2022.02.17-05.12.28:990][  0]LogUdpMessaging: Error: StartTransport failed to create unicast socket on 172.19.10.213:0
[2022.02.17-05.12.29:064][  0]SourceControl: Source control is disabled
[2022.02.17-05.12.29:486][  0]LogAndroidPermission: UAndroidPermissionCallbackProxy::GetInstance
[2022.02.17-05.12.29:498][  0]LogAudioCaptureCore: Display: No Audio Capture implementations found. Audio input will be silent.
[2022.02.17-05.12.29:498][  0]LogAudioCaptureCore: Display: No Audio Capture implementations found. Audio input will be silent.
[2022.02.17-05.12.29:529][  0]LogOcInput: OculusInput pre-init called
[2022.02.17-05.12.29:679][  0]LogEngine: Initializing Engine...
[2022.02.17-05.12.29:720][  0]LogHMD: Failed to initialize OpenVR with code 108
[2022.02.17-05.12.29:720][  0]LogMagicLeap: Warning: VR disabled because ZI is not enabled.  To enable, in the editor, Edit -> Project Settings -> Plugins -> Magic Leap Plugin -> Enable Zero Iteration
[2022.02.17-05.12.29:720][  0]LogStats: UGameplayTagsManager::InitializeManager -  0.000 s
[2022.02.17-05.12.29:792][  0]LogInit: Initializing FReadOnlyCVARCache
[2022.02.17-05.12.29:797][  0]LogAIModule: Creating AISystem for world Untitled
[2022.02.17-05.12.29:797][  0]LogAISub: UAISubsystem::UAISubsystem EnvQueryManager (000001D2D3013C00), frame # 0
[2022.02.17-05.12.29:797][  0]LogAISub: UAISubsystem::UAISubsystem AIPerceptionSystem (000001D2D3088B80), frame # 0
[2022.02.17-05.12.29:808][  0]LogAudioMixer: Display: Audio Mixer Platform Settings:
[2022.02.17-05.12.29:808][  0]LogAudioMixer: Display: 	Sample Rate:						  48000
[2022.02.17-05.12.29:808][  0]LogAudioMixer: Display: 	Callback Buffer Frame Size Requested: 1024
[2022.02.17-05.12.29:808][  0]LogAudioMixer: Display: 	Callback Buffer Frame Size To Use:	  1024
[2022.02.17-05.12.29:808][  0]LogAudioMixer: Display: 	Number of buffers to queue:			  2
[2022.02.17-05.12.29:808][  0]LogAudioMixer: Display: 	Max Channels (voices):				  32
[2022.02.17-05.12.29:808][  0]LogAudioMixer: Display: 	Number of Async Source Workers:		  0
[2022.02.17-05.12.29:808][  0]LogAudio: Display: AudioDevice MaxSources: 32
[2022.02.17-05.12.29:808][  0]LogAudio: Display: Using built-in audio occlusion.
[2022.02.17-05.12.29:808][  0]LogAudioMixer: Display: Initializing audio mixer.
[2022.02.17-05.12.29:817][  0]LogAudioMixer: Display: 0: FrontLeft
[2022.02.17-05.12.29:817][  0]LogAudioMixer: Display: 1: FrontRight
[2022.02.17-05.12.29:845][  0]LogAudioMixer: Display: Using Audio Device Speakers (Realtek(R) Audio)
[2022.02.17-05.12.29:847][  0]LogAudioMixer: Display: Initializing Sound Submixes...
[2022.02.17-05.12.29:848][  0]LogAudioMixer: Display: Creating Master Submix 'MasterSubmixDefault'
[2022.02.17-05.12.29:848][  0]LogAudioMixer: Display: Creating Master Submix 'MasterReverbSubmixDefault'
[2022.02.17-05.12.29:849][  0]LogAudioMixer: Display: Creating Master Submix 'MasterEQSubmixDefault'
[2022.02.17-05.12.29:850][  0]LogInit: FAudioDevice initialized.
[2022.02.17-05.12.29:850][  0]LogNetVersion: Set ProjectVersion to 1.0.0.0. Version Checksum will be recalculated on next use.
[2022.02.17-05.12.29:882][  0]LogDerivedDataCache: Saved boot cache 0.03s 79MB C:/Users/Jayden/AppData/Local/UnrealEngine/4.25/DerivedDataCache/Boot.ddc.
[2022.02.17-05.12.29:882][  0]LogInit: Texture streaming: Enabled
[2022.02.17-05.12.29:892][  0]LogEngineSessionManager: EngineSessionManager initialized
[2022.02.17-05.12.29:892][  0]LogEditorSessionSummary: Verbose: Initializing EditorSessionSummaryWriter for editor session tracking
[2022.02.17-05.12.29:893][  0]LogEditorSessionSummary: EditorSessionSummaryWriter initialized
[2022.02.17-05.12.29:926][  0]LogInit: Transaction tracking system initialized
[2022.02.17-05.12.29:940][  0]BlueprintLog: New page: Editor Load
[2022.02.17-05.12.29:983][  0]LocalizationService: Localization service is disabled
[2022.02.17-05.12.30:080][  0]LogCook: Display: Max memory allowance for cook 16384mb min free memory 0mb
[2022.02.17-05.12.30:080][  0]LogCook: Display: Mobile HDR setting 1
[2022.02.17-05.12.30:164][  0]LogFileCache: Scanning file cache for directory 'C:/Users/Jayden/OneDrive/Documents/GitHub/NASA/NASA_Project_1/Content/' took 0.00s
[2022.02.17-05.12.30:285][  0]LogUnrealEdMisc: Loading editor; pre map load, took 5.113
[2022.02.17-05.12.30:286][  0]Cmd: MAP LOAD FILE="../../../../../../Users/Jayden/OneDrive/Documents/GitHub/NASA/NASA_Project_1/Content/StarterContent/Maps/Minimal_Default.umap" TEMPLATE=0 SHOWPROGRESS=1 FEATURELEVEL=3
[2022.02.17-05.12.30:286][  0]LightingResults: New page: Lighting Build
[2022.02.17-05.12.30:286][  0]LogWorld: UWorld::CleanupWorld for Untitled, bSessionEnded=true, bCleanupResources=true
[2022.02.17-05.12.30:286][  0]LogSlate: InvalidateAllWidgets triggered.  All widgets were invalidated
[2022.02.17-05.12.30:286][  0]MapCheck: New page: Map Check
[2022.02.17-05.12.30:286][  0]LightingResults: New page: Lighting Build
[2022.02.17-05.12.30:294][  0]LogAISub: UAISubsystem::~UAISubsystem EnvQueryManager (000001D2D3013C00), frame # 0
[2022.02.17-05.12.30:294][  0]LogAISub: UAISubsystem::~UAISubsystem AIPerceptionSystem (000001D2D3088B80), frame # 0
[2022.02.17-05.12.30:294][  0]LogUObjectHash: Compacting FUObjectHashTables data took   0.49ms
[2022.02.17-05.12.30:329][  0]LogLinker: Warning: While loading '../../../../../../Users/Jayden/OneDrive/Documents/GitHub/NASA/NASA_Project_1/Content/StarterContent/Maps/Minimal_Default.umap' failed to load '/Game/StarterContent/Maps/Minimal_Default_BuiltData': Can't find file.
[2022.02.17-05.12.30:329][  0]LogLinker: Warning: While loading '../../../../../../Users/Jayden/OneDrive/Documents/GitHub/NASA/NASA_Project_1/Content/StarterContent/Maps/Minimal_Default.umap' failed to load '/Game/StarterContent/Maps/Minimal_Default_BuiltData': Can't find file.
[2022.02.17-05.12.30:330][  0]LogLinker: Warning: While loading '../../../../../../Users/Jayden/OneDrive/Documents/GitHub/NASA/NASA_Project_1/Content/StarterContent/Maps/Minimal_Default.umap' failed to load '/Game/StarterContent/Maps/Minimal_Default_BuiltData': Can't find file.
[2022.02.17-05.12.30:330][  0]LogLinker: Warning: While loading '../../../../../../Users/Jayden/OneDrive/Documents/GitHub/NASA/NASA_Project_1/Content/StarterContent/Maps/Minimal_Default.umap' failed to load '/Game/StarterContent/Maps/Minimal_Default_BuiltData': Can't find file.
[2022.02.17-05.12.30:331][  0]LogLinker: Warning: Failed to load '/Game/StarterContent/Maps/Minimal_Default_BuiltData': Can't find file.
[2022.02.17-05.12.30:331][  0]LogLinker: Warning: Failed to load '/Game/StarterContent/Maps/Minimal_Default_BuiltData': Can't find file.
[2022.02.17-05.12.30:331][  0]LogLinker: Warning: Failed to load '/Game/StarterContent/Maps/Minimal_Default_BuiltData': Can't find file.
[2022.02.17-05.12.30:331][  0]LogLinker: Warning: Failed to load '/Game/StarterContent/Maps/Minimal_Default_BuiltData': Can't find file.
[2022.02.17-05.12.30:334][  0]LogLinker: Warning: While loading '../../../../../../Users/Jayden/OneDrive/Documents/GitHub/NASA/NASA_Project_1/Content/StarterContent/Maps/Minimal_Default.umap' failed to load '/Game/StarterContent/Maps/Minimal_Default_BuiltData': Can't find file.
[2022.02.17-05.12.30:334][  0]LoadErrors: Failed to load /Game/StarterContent/Maps/Minimal_Default_BuiltData.Minimal_Default_BuiltData Referenced by PersistentLevel
[2022.02.17-05.12.30:334][  0]LogLinker: Warning: While loading '../../../../../../Users/Jayden/OneDrive/Documents/GitHub/NASA/NASA_Project_1/Content/StarterContent/Maps/Minimal_Default.umap' failed to load '/Game/StarterContent/Maps/Minimal_Default_BuiltData': Can't find file.
[2022.02.17-05.12.30:334][  0]LoadErrors: Failed to load /Game/StarterContent/Maps/Minimal_Default_BuiltData.Minimal_Default_BuiltData Referenced by PersistentLevel
[2022.02.17-05.12.30:350][  0]LogAIModule: Creating AISystem for world Minimal_Default
[2022.02.17-05.12.30:350][  0]LogAISub: UAISubsystem::UAISubsystem EnvQueryManager (000001D2D3510600), frame # 0
[2022.02.17-05.12.30:350][  0]LogAISub: UAISubsystem::UAISubsystem AIPerceptionSystem (000001D2C90E2700), frame # 0
[2022.02.17-05.12.30:354][  0]LogEditorServer: Finished looking for orphan Actors (0.000 secs)
[2022.02.17-05.12.30:363][  0]LogUObjectHash: Compacting FUObjectHashTables data took   0.58ms
[2022.02.17-05.12.30:363][  0]Cmd: MAP CHECKDEP NOCLEARLOG
[2022.02.17-05.12.30:363][  0]MapCheck: Map check complete: 0 Error(s), 0 Warning(s), took 0.116ms to complete.
[2022.02.17-05.12.30:364][  0]LogFileHelpers: Loading map 'Minimal_Default' took 0.078
[2022.02.17-05.12.30:365][  0]LogUnrealEdMisc: Total Editor Startup Time, took 5.193
[2022.02.17-05.12.30:483][  0]LogSlate: Updating window title bar state: overlay mode, drag disabled, window buttons hidden, title bar hidden
[2022.02.17-05.12.30:490][  0]LogSlate: Updating window title bar state: overlay mode, drag disabled, window buttons hidden, title bar hidden
[2022.02.17-05.12.30:495][  0]LogSlate: Updating window title bar state: overlay mode, drag disabled, window buttons hidden, title bar hidden
[2022.02.17-05.12.30:502][  0]LogSlate: Updating window title bar state: overlay mode, drag disabled, window buttons hidden, title bar hidden
[2022.02.17-05.12.30:507][  0]LogCollectionManager: Loaded 0 collections in 0.001163 seconds
[2022.02.17-05.12.30:519][  0]LogFileCache: Scanning file cache for directory 'C:/Users/Jayden/OneDrive/Documents/GitHub/NASA/NASA_Project_1/Saved/Collections/' took 0.00s
[2022.02.17-05.12.30:519][  0]LogFileCache: Scanning file cache for directory 'C:/Users/Jayden/OneDrive/Documents/GitHub/NASA/NASA_Project_1/Content/Developers/Jayden/Collections/' took 0.00s
[2022.02.17-05.12.30:519][  0]LogFileCache: Scanning file cache for directory 'C:/Users/Jayden/OneDrive/Documents/GitHub/NASA/NASA_Project_1/Content/Collections/' took 0.00s
[2022.02.17-05.12.30:519][  0]LogContentBrowser: Native class hierarchy populated in 0.0073 seconds. Added 3446 classes and 844 folders.
[2022.02.17-05.12.30:520][  0]LogContentBrowser: Native class hierarchy updated for 'WidgetCarousel' in 0.0002 seconds. Added 0 classes and 0 folders.
[2022.02.17-05.12.30:559][  0]LogContentBrowser: Native class hierarchy updated for 'AddContentDialog' in 0.0002 seconds. Added 0 classes and 0 folders.
[2022.02.17-05.12.30:560][  0]LogContentBrowser: Native class hierarchy updated for 'SceneOutliner' in 0.0002 seconds. Added 2 classes and 0 folders.
[2022.02.17-05.12.30:626][  0]LogSlate: Took 0.000100 seconds to synchronously load lazily loaded font '../../../Engine/Content/Slate/Fonts/Roboto-Regular.ttf' (155K)
[2022.02.17-05.12.30:627][  0]LogSlate: Took 0.000089 seconds to synchronously load lazily loaded font '../../../Engine/Content/Slate/Fonts/Roboto-Bold.ttf' (160K)
[2022.02.17-05.12.30:630][  0]LogSlate: Took 0.000086 seconds to synchronously load lazily loaded font '../../../Engine/Content/Editor/Slate/Fonts/FontAwesome.ttf' (139K)
[2022.02.17-05.12.30:670][  0]LogRenderer: Reallocating scene render targets to support 1208x572 Format 10 NumSamples 1 (Frame:1).
[2022.02.17-05.12.30:699][  0]LogSlate: Took 0.000096 seconds to synchronously load lazily loaded font '../../../Engine/Content/Slate/Fonts/Roboto-Light.ttf' (167K)
[2022.02.17-05.12.30:743][  0]LogContentBrowser: Native class hierarchy updated for 'HierarchicalLODOutliner' in 0.0002 seconds. Added 0 classes and 0 folders.
[2022.02.17-05.12.30:743][  0]LogLoad: (Engine Initialization) Total time: 5.57 seconds
[2022.02.17-05.12.30:744][  0]LogLoad: (Engine Initialization) Total Blueprint compile time: 0.00 seconds
[2022.02.17-05.12.30:813][  0]LogAssetRegistry: Asset discovery search completed in 2.5911 seconds
[2022.02.17-05.12.30:816][  0]LogCollectionManager: Fixed up redirectors for 0 collections in 0.000001 seconds (updated 0 objects)
[2022.02.17-05.12.30:817][  0]LogContentStreaming: Texture pool size now 1000 MB
[2022.02.17-05.12.30:882][  0]LogSlate: Took 0.000078 seconds to synchronously load lazily loaded font '../../../Engine/Content/Slate/Fonts/DroidSansMono.ttf' (77K)
[2022.02.17-05.12.32:936][234]LogSlate: Window 'Message Log' being destroyed
[2022.02.17-05.12.32:939][234]LogSlate: Window 'Message Log' being destroyed
[2022.02.17-05.12.36:353][631]LogTemp: Repeating last play command: New Editor Window (PIE)
[2022.02.17-05.12.36:360][631]LogPlayLevel: PlayLevel: No blueprints needed recompiling
[2022.02.17-05.12.36:361][631]PIE: New page: PIE session: Minimal_Default (Feb 16, 2022, 7:12:36 PM)
[2022.02.17-05.12.36:361][631]LogOnline: OSS: Creating online subsystem instance for: NULL
[2022.02.17-05.12.36:362][631]LogOnline: OSS: TryLoadSubsystemAndSetDefault: Loaded subsystem for module [NULL]
[2022.02.17-05.12.36:364][631]LogPlayLevel: Creating play world package: /Game/StarterContent/Maps/UEDPIE_0_Minimal_Default
[2022.02.17-05.12.36:365][631]LogPlayLevel: PIE: StaticDuplicateObject took: (0.001860s)
[2022.02.17-05.12.36:366][631]LogAIModule: Creating AISystem for world Minimal_Default
[2022.02.17-05.12.36:366][631]LogAISub: UAISubsystem::UAISubsystem EnvQueryManager (000001D2F0F31600), frame # 631
[2022.02.17-05.12.36:366][631]LogAISub: UAISubsystem::UAISubsystem AIPerceptionSystem (000001D2F0F1BD80), frame # 631
[2022.02.17-05.12.36:366][631]LogPlayLevel: PIE: World Init took: (0.000823s)
[2022.02.17-05.12.36:366][631]LogPlayLevel: PIE: Created PIE world by copying editor world from /Game/StarterContent/Maps/Minimal_Default.Minimal_Default to /Game/StarterContent/Maps/UEDPIE_0_Minimal_Default.Minimal_Default (0.002770s)
[2022.02.17-05.12.36:387][631]LogUObjectHash: Compacting FUObjectHashTables data took   0.54ms
[2022.02.17-05.12.36:388][631]LogAudioMixer: Display: Audio Mixer Platform Settings:
[2022.02.17-05.12.36:388][631]LogAudioMixer: Display: 	Sample Rate:						  48000
[2022.02.17-05.12.36:388][631]LogAudioMixer: Display: 	Callback Buffer Frame Size Requested: 1024
[2022.02.17-05.12.36:388][631]LogAudioMixer: Display: 	Callback Buffer Frame Size To Use:	  1024
[2022.02.17-05.12.36:388][631]LogAudioMixer: Display: 	Number of buffers to queue:			  2
[2022.02.17-05.12.36:388][631]LogAudioMixer: Display: 	Max Channels (voices):				  32
[2022.02.17-05.12.36:388][631]LogAudioMixer: Display: 	Number of Async Source Workers:		  0
[2022.02.17-05.12.36:388][631]LogAudio: Display: AudioDevice MaxSources: 32
[2022.02.17-05.12.36:388][631]LogAudio: Display: Using built-in audio occlusion.
[2022.02.17-05.12.36:388][631]LogAudioMixer: Display: Initializing audio mixer.
[2022.02.17-05.12.36:391][631]LogAudioMixer: Display: 0: FrontLeft
[2022.02.17-05.12.36:391][631]LogAudioMixer: Display: 1: FrontRight
[2022.02.17-05.12.36:405][631]LogAudioMixer: Display: Using Audio Device Speakers (Realtek(R) Audio)
[2022.02.17-05.12.36:405][631]LogAudioMixer: Display: Initializing Sound Submixes...
[2022.02.17-05.12.36:405][631]LogAudioMixer: Display: Creating Master Submix 'MasterSubmixDefault'
[2022.02.17-05.12.36:405][631]LogAudioMixer: Display: Creating Master Submix 'MasterReverbSubmixDefault'
[2022.02.17-05.12.36:405][631]LogAudioMixer: Display: Creating Master Submix 'MasterEQSubmixDefault'
[2022.02.17-05.12.36:414][631]LogInit: FAudioDevice initialized.
[2022.02.17-05.12.36:463][631]LogSlate: Updating window title bar state: overlay mode, drag disabled, window buttons hidden, title bar hidden
[2022.02.17-05.12.36:463][631]LogLoad: Game class is 'GameModeBase'
[2022.02.17-05.12.36:465][631]LogWorld: Bringing World /Game/StarterContent/Maps/UEDPIE_0_Minimal_Default.Minimal_Default up for play (max tick rate 0) at 2022.02.17-00.12.36
[2022.02.17-05.12.36:465][631]LogWorld: Bringing up level for play took: 0.000505
[2022.02.17-05.12.36:465][631]LogOnline: OSS: Creating online subsystem instance for: :Context_2
[2022.02.17-05.12.36:467][631]LogContentBrowser: Native class hierarchy updated for 'MovieSceneCapture' in 0.0003 seconds. Added 20 classes and 0 folders.
[2022.02.17-05.12.36:469][631]PIE: Server logged in
[2022.02.17-05.12.36:470][631]PIE: Play in editor total start time 0.109 seconds.
[2022.02.17-05.12.36:509][632]LogRenderer: Reallocating scene render targets to support 1280x720 Format 10 NumSamples 1 (Frame:1).
[2022.02.17-05.12.37:979][801]LogSlate: Window 'NASA Preview [NetMode: Standalone] (64-bit/Windows) ' being destroyed
[2022.02.17-05.12.37:983][801]LogWorld: BeginTearingDown for /Game/StarterContent/Maps/UEDPIE_0_Minimal_Default
[2022.02.17-05.12.38:011][801]LogWorld: UWorld::CleanupWorld for Minimal_Default, bSessionEnded=true, bCleanupResources=true
[2022.02.17-05.12.38:011][801]LogSlate: InvalidateAllWidgets triggered.  All widgets were invalidated
[2022.02.17-05.12.38:017][801]LogPlayLevel: Display: Shutting down PIE online subsystems
[2022.02.17-05.12.38:018][801]LogSlate: InvalidateAllWidgets triggered.  All widgets were invalidated
[2022.02.17-05.12.38:036][801]LogAISub: UAISubsystem::~UAISubsystem EnvQueryManager (000001D2F0F31600), frame # 801
[2022.02.17-05.12.38:036][801]LogAISub: UAISubsystem::~UAISubsystem AIPerceptionSystem (000001D2F0F1BD80), frame # 801
[2022.02.17-05.12.38:037][801]LogUObjectHash: Compacting FUObjectHashTables data took   0.46ms
[2022.02.17-05.12.38:086][806]LogPlayLevel: Display: Destroying online subsystem :Context_2
[2022.02.17-05.12.38:756][886]LogSlate: Took 0.000089 seconds to synchronously load lazily loaded font '../../../Engine/Content/Slate/Fonts/Roboto-Light.ttf' (167K)
[2022.02.17-05.12.38:804][886]LogAssetEditorSubsystem: Opening Asset editor for World /Game/MainMenuMap.MainMenuMap
[2022.02.17-05.12.38:811][886]LogUObjectHash: Compacting FUObjectHashTables data took   0.56ms
[2022.02.17-05.12.38:812][886]Cmd: MAP LOAD FILE="../../../../../../Users/Jayden/OneDrive/Documents/GitHub/NASA/NASA_Project_1/Content/MainMenuMap.umap" TEMPLATE=0 SHOWPROGRESS=1 FEATURELEVEL=3
[2022.02.17-05.12.38:812][886]LightingResults: New page: Lighting Build
[2022.02.17-05.12.38:812][886]LoadErrors: New page: Loading map: MainMenuMap.umap
[2022.02.17-05.12.38:813][886]LogWorld: UWorld::CleanupWorld for Minimal_Default, bSessionEnded=true, bCleanupResources=true
[2022.02.17-05.12.38:813][886]LogSlate: InvalidateAllWidgets triggered.  All widgets were invalidated
[2022.02.17-05.12.38:813][886]MapCheck: New page: Map Check
[2022.02.17-05.12.38:813][886]LightingResults: New page: Lighting Build
[2022.02.17-05.12.38:821][886]LogAISub: UAISubsystem::~UAISubsystem EnvQueryManager (000001D2D3510600), frame # 886
[2022.02.17-05.12.38:821][886]LogAISub: UAISubsystem::~UAISubsystem AIPerceptionSystem (000001D2C90E2700), frame # 886
[2022.02.17-05.12.38:821][886]LogUObjectHash: Compacting FUObjectHashTables data took   0.52ms
[2022.02.17-05.12.38:859][886]LogEditorServer: Finished looking for orphan Actors (0.000 secs)
[2022.02.17-05.12.38:859][886]LogAIModule: Creating AISystem for world MainMenuMap
[2022.02.17-05.12.38:859][886]LogAISub: UAISubsystem::UAISubsystem EnvQueryManager (000001D2F5A31400), frame # 886
[2022.02.17-05.12.38:859][886]LogAISub: UAISubsystem::UAISubsystem AIPerceptionSystem (000001D2D3021940), frame # 886
[2022.02.17-05.12.38:867][886]LogUObjectHash: Compacting FUObjectHashTables data took   0.43ms
[2022.02.17-05.12.38:880][886]Cmd: MAP CHECKDEP NOCLEARLOG
[2022.02.17-05.12.38:880][886]MapCheck: Map check complete: 0 Error(s), 0 Warning(s), took 0.086ms to complete.
[2022.02.17-05.12.38:880][886]LogFileHelpers: Loading map 'MainMenuMap' took 0.068
[2022.02.17-05.12.39:803][993]LogTemp: Repeating last play command: New Editor Window (PIE)
[2022.02.17-05.12.39:811][993]LogPlayLevel: PlayLevel: No blueprints needed recompiling
[2022.02.17-05.12.39:811][993]PIE: New page: PIE session: MainMenuMap (Feb 16, 2022, 7:12:39 PM)
[2022.02.17-05.12.39:811][993]LogPlayLevel: Creating play world package: /Game/UEDPIE_0_MainMenuMap
[2022.02.17-05.12.39:812][993]LogPlayLevel: PIE: StaticDuplicateObject took: (0.000741s)
[2022.02.17-05.12.39:813][993]LogAIModule: Creating AISystem for world MainMenuMap
[2022.02.17-05.12.39:813][993]LogAISub: UAISubsystem::UAISubsystem EnvQueryManager (000001D2F0F72200), frame # 993
[2022.02.17-05.12.39:813][993]LogAISub: UAISubsystem::UAISubsystem AIPerceptionSystem (000001D2F1CA7240), frame # 993
[2022.02.17-05.12.39:813][993]LogPlayLevel: PIE: World Init took: (0.000758s)
[2022.02.17-05.12.39:813][993]LogPlayLevel: PIE: Created PIE world by copying editor world from /Game/MainMenuMap.MainMenuMap to /Game/UEDPIE_0_MainMenuMap.MainMenuMap (0.001569s)
[2022.02.17-05.12.39:820][993]LogUObjectHash: Compacting FUObjectHashTables data took   0.44ms
[2022.02.17-05.12.39:821][993]LogAudioMixer: Display: Audio Mixer Platform Settings:
[2022.02.17-05.12.39:821][993]LogAudioMixer: Display: 	Sample Rate:						  48000
[2022.02.17-05.12.39:821][993]LogAudioMixer: Display: 	Callback Buffer Frame Size Requested: 1024
[2022.02.17-05.12.39:821][993]LogAudioMixer: Display: 	Callback Buffer Frame Size To Use:	  1024
[2022.02.17-05.12.39:821][993]LogAudioMixer: Display: 	Number of buffers to queue:			  2
[2022.02.17-05.12.39:821][993]LogAudioMixer: Display: 	Max Channels (voices):				  32
[2022.02.17-05.12.39:821][993]LogAudioMixer: Display: 	Number of Async Source Workers:		  0
[2022.02.17-05.12.39:821][993]LogAudio: Display: AudioDevice MaxSources: 32
[2022.02.17-05.12.39:821][993]LogAudio: Display: Using built-in audio occlusion.
[2022.02.17-05.12.39:821][993]LogAudioMixer: Display: Initializing audio mixer.
[2022.02.17-05.12.39:824][993]LogAudioMixer: Display: 0: FrontLeft
[2022.02.17-05.12.39:824][993]LogAudioMixer: Display: 1: FrontRight
[2022.02.17-05.12.39:838][993]LogAudioMixer: Display: Using Audio Device Speakers (Realtek(R) Audio)
[2022.02.17-05.12.39:838][993]LogAudioMixer: Display: Initializing Sound Submixes...
[2022.02.17-05.12.39:838][993]LogAudioMixer: Display: Creating Master Submix 'MasterSubmixDefault'
[2022.02.17-05.12.39:838][993]LogAudioMixer: Display: Creating Master Submix 'MasterReverbSubmixDefault'
[2022.02.17-05.12.39:839][993]LogAudioMixer: Display: Creating Master Submix 'MasterEQSubmixDefault'
[2022.02.17-05.12.39:847][993]LogInit: FAudioDevice initialized.
[2022.02.17-05.12.39:895][993]LogSlate: Updating window title bar state: overlay mode, drag disabled, window buttons hidden, title bar hidden
[2022.02.17-05.12.39:895][993]LogLoad: Game class is 'MainMenuGM_C'
[2022.02.17-05.12.39:896][993]LogWorld: Bringing World /Game/UEDPIE_0_MainMenuMap.MainMenuMap up for play (max tick rate 0) at 2022.02.17-00.12.39
[2022.02.17-05.12.39:896][993]LogWorld: Bringing up level for play took: 0.000336
[2022.02.17-05.12.39:896][993]LogOnline: OSS: Creating online subsystem instance for: :Context_3
[2022.02.17-05.12.39:903][993]PIE: Server logged in
[2022.02.17-05.12.39:904][993]PIE: Play in editor total start time 0.093 seconds.
[2022.02.17-05.12.44:346][524]LogNet: Browse: /Game/NASA_Project_1
[2022.02.17-05.12.44:346][524]LogLoad: LoadMap: /Game/NASA_Project_1
[2022.02.17-05.12.44:346][524]LogWorld: BeginTearingDown for /Game/UEDPIE_0_MainMenuMap
[2022.02.17-05.12.44:346][524]LogWorld: UWorld::CleanupWorld for MainMenuMap, bSessionEnded=true, bCleanupResources=true
[2022.02.17-05.12.44:346][524]LogSlate: InvalidateAllWidgets triggered.  All widgets were invalidated
[2022.02.17-05.12.44:379][524]LogAISub: UAISubsystem::~UAISubsystem AIPerceptionSystem (000001D2F1CA7240), frame # 1524
[2022.02.17-05.12.44:379][524]LogAISub: UAISubsystem::~UAISubsystem EnvQueryManager (000001D2F0F72200), frame # 1524
[2022.02.17-05.12.44:379][524]LogUObjectHash: Compacting FUObjectHashTables data took   0.47ms
[2022.02.17-05.12.44:423][524]LogAIModule: Creating AISystem for world NASA_Project_1
[2022.02.17-05.12.44:423][524]LogAISub: UAISubsystem::UAISubsystem EnvQueryManager (000001D2BB953E00), frame # 1524
[2022.02.17-05.12.44:423][524]LogAISub: UAISubsystem::UAISubsystem AIPerceptionSystem (000001D2F58FD080), frame # 1524
[2022.02.17-05.12.44:423][524]LogLoad: Game class is 'GameModeBase'
[2022.02.17-05.12.44:425][524]LogWorld: Bringing World /Game/UEDPIE_0_NASA_Project_1.NASA_Project_1 up for play (max tick rate 0) at 2022.02.17-00.12.44
[2022.02.17-05.12.44:425][524]LogWorld: Bringing up level for play took: 0.001120
[2022.02.17-05.12.44:425][524]LogBlueprintUserMessages: [Collide_Blueprint_C_0] 100.0
[2022.02.17-05.12.44:426][524]LogLoad: Took 0.080021 seconds to LoadMap(/Game/NASA_Project_1)
[2022.02.17-05.12.44:474][526]LogBlueprintUserMessages: [Collide_Blueprint_C_0] 0.0
[2022.02.17-05.12.47:952][940]LogSlate: Updating window title bar state: overlay mode, drag disabled, window buttons hidden, title bar hidden
[2022.02.17-05.12.47:952][940]LogWorld: BeginTearingDown for /Game/UEDPIE_0_NASA_Project_1
[2022.02.17-05.12.47:952][940]LogSlate: Window 'NASA Preview [NetMode: Standalone] (64-bit/Windows) ' being destroyed
[2022.02.17-05.12.47:955][940]LogWorld: UWorld::CleanupWorld for NASA_Project_1, bSessionEnded=true, bCleanupResources=true
[2022.02.17-05.12.47:955][940]LogSlate: InvalidateAllWidgets triggered.  All widgets were invalidated
[2022.02.17-05.12.47:960][940]LogPlayLevel: Display: Shutting down PIE online subsystems
[2022.02.17-05.12.47:961][940]LogSlate: InvalidateAllWidgets triggered.  All widgets were invalidated
[2022.02.17-05.12.47:980][940]LogAISub: UAISubsystem::~UAISubsystem EnvQueryManager (000001D2BB953E00), frame # 1940
[2022.02.17-05.12.47:980][940]LogAISub: UAISubsystem::~UAISubsystem AIPerceptionSystem (000001D2F58FD080), frame # 1940
[2022.02.17-05.12.47:981][940]LogUObjectHash: Compacting FUObjectHashTables data took   0.60ms
[2022.02.17-05.12.48:027][944]LogPlayLevel: Display: Destroying online subsystem :Context_3
[2022.02.17-05.12.49:895][166]LogTemp: Repeating last play command: New Editor Window (PIE)
[2022.02.17-05.12.49:903][166]LogPlayLevel: PlayLevel: No blueprints needed recompiling
[2022.02.17-05.12.49:903][166]PIE: New page: PIE session: MainMenuMap (Feb 16, 2022, 7:12:49 PM)
[2022.02.17-05.12.49:903][166]LogPlayLevel: Creating play world package: /Game/UEDPIE_0_MainMenuMap
[2022.02.17-05.12.49:903][166]LogPlayLevel: PIE: StaticDuplicateObject took: (0.000546s)
[2022.02.17-05.12.49:904][166]LogAIModule: Creating AISystem for world MainMenuMap
[2022.02.17-05.12.49:904][166]LogAISub: UAISubsystem::UAISubsystem EnvQueryManager (000001D2F1339000), frame # 2166
[2022.02.17-05.12.49:904][166]LogAISub: UAISubsystem::UAISubsystem AIPerceptionSystem (000001D2F590D580), frame # 2166
[2022.02.17-05.12.49:904][166]LogPlayLevel: PIE: World Init took: (0.000717s)
[2022.02.17-05.12.49:904][166]LogPlayLevel: PIE: Created PIE world by copying editor world from /Game/MainMenuMap.MainMenuMap to /Game/UEDPIE_0_MainMenuMap.MainMenuMap (0.001322s)
[2022.02.17-05.12.49:912][166]LogUObjectHash: Compacting FUObjectHashTables data took   0.49ms
[2022.02.17-05.12.49:912][166]LogAudioMixer: Display: Audio Mixer Platform Settings:
[2022.02.17-05.12.49:912][166]LogAudioMixer: Display: 	Sample Rate:						  48000
[2022.02.17-05.12.49:912][166]LogAudioMixer: Display: 	Callback Buffer Frame Size Requested: 1024
[2022.02.17-05.12.49:912][166]LogAudioMixer: Display: 	Callback Buffer Frame Size To Use:	  1024
[2022.02.17-05.12.49:912][166]LogAudioMixer: Display: 	Number of buffers to queue:			  2
[2022.02.17-05.12.49:912][166]LogAudioMixer: Display: 	Max Channels (voices):				  32
[2022.02.17-05.12.49:912][166]LogAudioMixer: Display: 	Number of Async Source Workers:		  0
[2022.02.17-05.12.49:912][166]LogAudio: Display: AudioDevice MaxSources: 32
[2022.02.17-05.12.49:913][166]LogAudio: Display: Using built-in audio occlusion.
[2022.02.17-05.12.49:913][166]LogAudioMixer: Display: Initializing audio mixer.
[2022.02.17-05.12.49:915][166]LogAudioMixer: Display: 0: FrontLeft
[2022.02.17-05.12.49:915][166]LogAudioMixer: Display: 1: FrontRight
[2022.02.17-05.12.49:930][166]LogAudioMixer: Display: Using Audio Device Speakers (Realtek(R) Audio)
[2022.02.17-05.12.49:930][166]LogAudioMixer: Display: Initializing Sound Submixes...
[2022.02.17-05.12.49:930][166]LogAudioMixer: Display: Creating Master Submix 'MasterSubmixDefault'
[2022.02.17-05.12.49:930][166]LogAudioMixer: Display: Creating Master Submix 'MasterReverbSubmixDefault'
[2022.02.17-05.12.49:930][166]LogAudioMixer: Display: Creating Master Submix 'MasterEQSubmixDefault'
[2022.02.17-05.12.49:939][166]LogInit: FAudioDevice initialized.
[2022.02.17-05.12.49:979][166]LogSlate: Updating window title bar state: overlay mode, drag disabled, window buttons hidden, title bar hidden
[2022.02.17-05.12.49:979][166]LogLoad: Game class is 'MainMenuGM_C'
[2022.02.17-05.12.49:980][166]LogWorld: Bringing World /Game/UEDPIE_0_MainMenuMap.MainMenuMap up for play (max tick rate 0) at 2022.02.17-00.12.49
[2022.02.17-05.12.49:980][166]LogWorld: Bringing up level for play took: 0.000373
[2022.02.17-05.12.49:981][166]LogOnline: OSS: Creating online subsystem instance for: :Context_7
[2022.02.17-05.12.49:987][166]PIE: Server logged in
[2022.02.17-05.12.49:988][166]PIE: Play in editor total start time 0.085 seconds.
[2022.02.17-05.12.50:963][278]LogNet: Browse: /Game/NASA_Project_1
[2022.02.17-05.12.50:963][278]LogLoad: LoadMap: /Game/NASA_Project_1
[2022.02.17-05.12.50:963][278]LogWorld: BeginTearingDown for /Game/UEDPIE_0_MainMenuMap
[2022.02.17-05.12.50:963][278]LogWorld: UWorld::CleanupWorld for MainMenuMap, bSessionEnded=true, bCleanupResources=true
[2022.02.17-05.12.50:963][278]LogSlate: InvalidateAllWidgets triggered.  All widgets were invalidated
[2022.02.17-05.12.51:009][278]LogAISub: UAISubsystem::~UAISubsystem AIPerceptionSystem (000001D2F590D580), frame # 2278
[2022.02.17-05.12.51:009][278]LogAISub: UAISubsystem::~UAISubsystem EnvQueryManager (000001D2F1339000), frame # 2278
[2022.02.17-05.12.51:010][278]LogUObjectHash: Compacting FUObjectHashTables data took   0.52ms
[2022.02.17-05.12.51:015][278]LogAIModule: Creating AISystem for world NASA_Project_1
[2022.02.17-05.12.51:015][278]LogAISub: UAISubsystem::UAISubsystem EnvQueryManager (000001D2BC5BDE00), frame # 2278
[2022.02.17-05.12.51:015][278]LogAISub: UAISubsystem::UAISubsystem AIPerceptionSystem (000001D2F58FFD80), frame # 2278
[2022.02.17-05.12.51:015][278]LogLoad: Game class is 'GameModeBase'
[2022.02.17-05.12.51:017][278]LogWorld: Bringing World /Game/UEDPIE_0_NASA_Project_1.NASA_Project_1 up for play (max tick rate 0) at 2022.02.17-00.12.51
[2022.02.17-05.12.51:017][278]LogWorld: Bringing up level for play took: 0.001014
[2022.02.17-05.12.51:017][278]LogBlueprintUserMessages: [Collide_Blueprint_C_0] 100.0
[2022.02.17-05.12.51:017][278]LogLoad: Took 0.054719 seconds to LoadMap(/Game/NASA_Project_1)
[2022.02.17-05.12.55:722][836]LogSlate: Updating window title bar state: overlay mode, drag disabled, window buttons hidden, title bar hidden
[2022.02.17-05.12.55:722][836]LogWorld: BeginTearingDown for /Game/UEDPIE_0_NASA_Project_1
[2022.02.17-05.12.55:722][836]LogSlate: Window 'NASA Preview [NetMode: Standalone] (64-bit/Windows) ' being destroyed
[2022.02.17-05.12.55:725][836]LogWorld: UWorld::CleanupWorld for NASA_Project_1, bSessionEnded=true, bCleanupResources=true
[2022.02.17-05.12.55:725][836]LogSlate: InvalidateAllWidgets triggered.  All widgets were invalidated
[2022.02.17-05.12.55:729][836]LogPlayLevel: Display: Shutting down PIE online subsystems
[2022.02.17-05.12.55:730][836]LogSlate: InvalidateAllWidgets triggered.  All widgets were invalidated
[2022.02.17-05.12.55:749][836]LogAISub: UAISubsystem::~UAISubsystem AIPerceptionSystem (000001D2F58FFD80), frame # 2836
[2022.02.17-05.12.55:749][836]LogAISub: UAISubsystem::~UAISubsystem EnvQueryManager (000001D2BC5BDE00), frame # 2836
[2022.02.17-05.12.55:749][836]LogUObjectHash: Compacting FUObjectHashTables data took   0.47ms
[2022.02.17-05.12.55:784][838]LogPlayLevel: Display: Destroying online subsystem :Context_7
[2022.02.17-05.12.55:876][849]Cmd: SELECT NONE
[2022.02.17-05.12.59:049][220]LogAssetEditorSubsystem: Opening Asset editor for WidgetBlueprint /Game/MainWidget.MainWidget
[2022.02.17-05.12.59:142][220]LogContentBrowser: Native class hierarchy updated for 'BlueprintGraph' in 0.0004 seconds. Added 125 classes and 0 folders.
[2022.02.17-05.12.59:890][220]LogSlate: Took 0.000122 seconds to synchronously load lazily loaded font '../../../Engine/Content/Slate/Fonts/Roboto-BoldCondensed.ttf' (158K)
[2022.02.17-05.13.02:212][482]LogSlate: Took 0.000115 seconds to synchronously load lazily loaded font '../../../Engine/Content/Slate/Fonts/Roboto-Italic.ttf' (157K)
[2022.02.17-05.13.39:031][810]BlueprintLog: New page: Compile MainWidget
[2022.02.17-05.13.39:091][810]LogUObjectHash: Compacting FUObjectHashTables data took   2.67ms
[2022.02.17-05.13.39:867][881]Cmd: OBJ SAVEPACKAGE PACKAGE="/Game/MainWidget" FILE="../../../../../../Users/Jayden/OneDrive/Documents/GitHub/NASA/NASA_Project_1/Content/MainWidget.uasset" SILENT=true
[2022.02.17-05.13.39:939][881]LogSavePackage: Moving '../../../../../../Users/Jayden/OneDrive/Documents/GitHub/NASA/NASA_Project_1/Saved/MainWidgetD3BBEE1A455B0DEC76D516A88ED9E4CB.tmp' to '../../../../../../Users/Jayden/OneDrive/Documents/GitHub/NASA/NASA_Project_1/Content/MainWidget.uasset'
[2022.02.17-05.13.39:949][881]AssetCheck: New page: Asset Save: MainWidget
[2022.02.17-05.13.39:949][881]LogContentValidation: Display: Validating WidgetBlueprint /Game/MainWidget.MainWidget
[2022.02.17-05.13.43:412][277]LogTemp: Repeating last play command: New Editor Window (PIE)
[2022.02.17-05.13.43:420][277]LogPlayLevel: PlayLevel: No blueprints needed recompiling
[2022.02.17-05.13.43:420][277]PIE: New page: PIE session: MainMenuMap (Feb 16, 2022, 7:13:43 PM)
[2022.02.17-05.13.43:420][277]LogPlayLevel: Creating play world package: /Game/UEDPIE_0_MainMenuMap
[2022.02.17-05.13.43:421][277]LogPlayLevel: PIE: StaticDuplicateObject took: (0.000543s)
[2022.02.17-05.13.43:421][277]LogAIModule: Creating AISystem for world MainMenuMap
[2022.02.17-05.13.43:421][277]LogAISub: UAISubsystem::UAISubsystem EnvQueryManager (000001D32878BA00), frame # 8277
[2022.02.17-05.13.43:421][277]LogAISub: UAISubsystem::UAISubsystem AIPerceptionSystem (000001D32A10D800), frame # 8277
[2022.02.17-05.13.43:421][277]LogPlayLevel: PIE: World Init took: (0.000641s)
[2022.02.17-05.13.43:421][277]LogPlayLevel: PIE: Created PIE world by copying editor world from /Game/MainMenuMap.MainMenuMap to /Game/UEDPIE_0_MainMenuMap.MainMenuMap (0.001242s)
[2022.02.17-05.13.43:440][277]LogUObjectHash: Compacting FUObjectHashTables data took   2.28ms
[2022.02.17-05.13.43:441][277]LogAudioMixer: Display: Audio Mixer Platform Settings:
[2022.02.17-05.13.43:441][277]LogAudioMixer: Display: 	Sample Rate:						  48000
[2022.02.17-05.13.43:441][277]LogAudioMixer: Display: 	Callback Buffer Frame Size Requested: 1024
[2022.02.17-05.13.43:441][277]LogAudioMixer: Display: 	Callback Buffer Frame Size To Use:	  1024
[2022.02.17-05.13.43:441][277]LogAudioMixer: Display: 	Number of buffers to queue:			  2
[2022.02.17-05.13.43:441][277]LogAudioMixer: Display: 	Max Channels (voices):				  32
[2022.02.17-05.13.43:441][277]LogAudioMixer: Display: 	Number of Async Source Workers:		  0
[2022.02.17-05.13.43:441][277]LogAudio: Display: AudioDevice MaxSources: 32
[2022.02.17-05.13.43:441][277]LogAudio: Display: Using built-in audio occlusion.
[2022.02.17-05.13.43:441][277]LogAudioMixer: Display: Initializing audio mixer.
[2022.02.17-05.13.43:444][277]LogAudioMixer: Display: 0: FrontLeft
[2022.02.17-05.13.43:444][277]LogAudioMixer: Display: 1: FrontRight
[2022.02.17-05.13.43:459][277]LogAudioMixer: Display: Using Audio Device Speakers (Realtek(R) Audio)
[2022.02.17-05.13.43:459][277]LogAudioMixer: Display: Initializing Sound Submixes...
[2022.02.17-05.13.43:459][277]LogAudioMixer: Display: Creating Master Submix 'MasterSubmixDefault'
[2022.02.17-05.13.43:459][277]LogAudioMixer: Display: Creating Master Submix 'MasterReverbSubmixDefault'
[2022.02.17-05.13.43:459][277]LogAudioMixer: Display: Creating Master Submix 'MasterEQSubmixDefault'
[2022.02.17-05.13.43:468][277]LogInit: FAudioDevice initialized.
[2022.02.17-05.13.43:514][277]LogSlate: Updating window title bar state: overlay mode, drag disabled, window buttons hidden, title bar hidden
[2022.02.17-05.13.43:514][277]LogLoad: Game class is 'MainMenuGM_C'
[2022.02.17-05.13.43:515][277]LogWorld: Bringing World /Game/UEDPIE_0_MainMenuMap.MainMenuMap up for play (max tick rate 0) at 2022.02.17-00.13.43
[2022.02.17-05.13.43:515][277]LogWorld: Bringing up level for play took: 0.000363
[2022.02.17-05.13.43:515][277]LogOnline: OSS: Creating online subsystem instance for: :Context_10
[2022.02.17-05.13.43:521][277]PIE: Server logged in
[2022.02.17-05.13.43:522][277]PIE: Play in editor total start time 0.103 seconds.
